<?xml version="1.0" encoding="UTF-8"?>
<robot generator="Robot 7.2.2 (Python 3.13.3 on win32)" generated="2025-07-07T06:25:45.719810" rpa="false" schemaversion="5">
<suite id="s1" name="Tests" source="C:\Users\accro\Documents\compass\ChallengeFinal\challenge-final-compass\web\tests">
<suite id="s1-s1" name="Auth" source="C:\Users\accro\Documents\compass\ChallengeFinal\challenge-final-compass\web\tests\auth.robot">
<test id="s1-s1-t1" name="CT02: Verificar redirecionamento para página inicial após login bem-sucedido" line="8">
<kw name="Criar sessão" owner="base" type="SETUP">
<kw name="New Browser" owner="Browser">
<msg time="2025-07-07T06:25:47.019564" level="INFO">{"browser": "chromium", "headless": false, "chromiumSandbox": false, "devtools": false, "handleSIGHUP": true, "handleSIGINT": true, "handleSIGTERM": true, "slowMo": 0.0, "timeout": 30000.0, "tracesDir": "C:\\Users\\accro\\Documents\\compass\\ChallengeFinal\\challenge-final-compass\\web\\logs\\browser\\traces\\temp\\7bef8515-320e-44be-8cb4-48afcd691861"}</msg>
<msg time="2025-07-07T06:25:47.109174" level="INFO">Starting Browser process C:\Users\accro\AppData\Local\Programs\Python\Python313\Lib\site-packages\Browser\wrapper\index.js using at 127.0.0.1:62088</msg>
<msg time="2025-07-07T06:25:48.560499" level="INFO">Successfully created browser with options: {"browser":"chromium","headless":false,"chromiumSandbox":false,"devtools":false,"handleSIGHUP":true,"handleSIGINT":true,"handleSIGTERM":true,"slowMo":0,"timeout":30000,"tracesDir":"C:\\Users\\accro\\Documents\\compass\\ChallengeFinal\\challenge-final-compass\\web\\logs\\browser\\traces\\temp\\7bef8515-320e-44be-8cb4-48afcd691861"}</msg>
<arg>browser=chromium</arg>
<arg>headless=False</arg>
<tag>BrowserControl</tag>
<tag>Setter</tag>
<doc>Create a new playwright Browser with specified options.</doc>
<status status="PASS" start="2025-07-07T06:25:47.016991" elapsed="1.543777"/>
</kw>
<kw name="New Page" owner="Browser">
<msg time="2025-07-07T06:25:49.492248" level="INFO">Successfully initialized new page object and opened url: http://localhost:3002</msg>
<msg time="2025-07-07T06:25:49.492459" level="INFO">No context was open. New context was automatically opened when this page is created.</msg>
<arg>${URL_BASE}</arg>
<tag>BrowserControl</tag>
<tag>Setter</tag>
<doc>Open a new Page.</doc>
<status status="PASS" start="2025-07-07T06:25:48.561217" elapsed="0.931483"/>
</kw>
<status status="PASS" start="2025-07-07T06:25:47.015068" elapsed="2.477832"/>
</kw>
<kw name="Create Dictionary" owner="BuiltIn">
<msg time="2025-07-07T06:25:49.494055" level="INFO">${user} = {'email': 'user@example.com', 'password': 'password123'}</msg>
<var>${user}</var>
<arg>email=${EMAIL_USER}</arg>
<arg>password=${SENHA}</arg>
<doc>Creates and returns a dictionary based on the given ``items``.</doc>
<status status="PASS" start="2025-07-07T06:25:49.493402" elapsed="0.000689"/>
</kw>
<kw name="Ir para login" owner="loginPage">
<kw name="Go To" owner="Browser">
<msg time="2025-07-07T06:25:49.605735" level="INFO">Successfully opened URL http://localhost:3002/login</msg>
<arg>${URL_BASE}/login</arg>
<tag>BrowserControl</tag>
<tag>Setter</tag>
<doc>Navigates to the given ``url``.</doc>
<status status="PASS" start="2025-07-07T06:25:49.494824" elapsed="0.111176"/>
</kw>
<kw name="Wait For Elements State" owner="Browser">
<msg time="2025-07-07T06:25:49.707835" level="INFO">Waited for Element with selector xpath=//*[@id="root"]/main/div/div/div[1]/h1 at state visible</msg>
<arg>xpath=//*[@id="root"]/main/div/div/div[1]/h1</arg>
<arg>visible</arg>
<arg>5</arg>
<tag>PageContent</tag>
<tag>Wait</tag>
<doc>Waits for the element found by ``selector`` to satisfy state option.</doc>
<status status="PASS" start="2025-07-07T06:25:49.606333" elapsed="0.101665"/>
</kw>
<kw name="Get Text" owner="Browser">
<msg time="2025-07-07T06:25:49.746241" level="INFO">Text: 'Login'</msg>
<arg>xpath=//*[@id="root"]/main/div/div/div[1]/h1</arg>
<arg>equal</arg>
<arg>Login</arg>
<tag>Assertion</tag>
<tag>Getter</tag>
<tag>PageContent</tag>
<doc>Returns text attribute of the element found by ``selector``.</doc>
<status status="PASS" start="2025-07-07T06:25:49.708223" elapsed="0.038153"/>
</kw>
<status status="PASS" start="2025-07-07T06:25:49.494446" elapsed="0.252078"/>
</kw>
<kw name="Preencher login" owner="loginPage">
<kw name="Fill Text" owner="Browser">
<msg time="2025-07-07T06:25:49.748032" level="INFO">Fills the text 'user@example.com' in the given field.</msg>
<arg>css=input[id=email]</arg>
<arg>${user}[email]</arg>
<tag>PageContent</tag>
<tag>Setter</tag>
<doc>Clears and fills the given ``txt`` into the text field found by ``selector``.</doc>
<status status="PASS" start="2025-07-07T06:25:49.747463" elapsed="0.028149"/>
</kw>
<kw name="Fill Text" owner="Browser">
<msg time="2025-07-07T06:25:49.776477" level="INFO">Fills the text 'password123' in the given field.</msg>
<arg>css=input[id=password]</arg>
<arg>${user}[password]</arg>
<tag>PageContent</tag>
<tag>Setter</tag>
<doc>Clears and fills the given ``txt`` into the text field found by ``selector``.</doc>
<status status="PASS" start="2025-07-07T06:25:49.775854" elapsed="0.018355"/>
</kw>
<kw name="Click" owner="Browser">
<msg time="2025-07-07T06:25:49.794987" level="INFO">Clicks the element 'css=button[type=submit]'.</msg>
<arg>css=button[type=submit]</arg>
<tag>PageContent</tag>
<tag>Setter</tag>
<doc>Simulates mouse click on the element found by ``selector``.</doc>
<status status="PASS" start="2025-07-07T06:25:49.794448" elapsed="0.163006"/>
</kw>
<arg>${user}</arg>
<status status="PASS" start="2025-07-07T06:25:49.746949" elapsed="0.210660"/>
</kw>
<kw name="Alerta deve ser" owner="alert">
<kw name="Wait For Elements State" owner="Browser">
<msg time="2025-07-07T06:25:50.291129" level="INFO">Waited for Element with selector css=.alert-content &gt;&gt; text=Login realizado com sucesso! at state visible</msg>
<arg>css=.alert-content &gt;&gt; text=${expected_text}</arg>
<arg>visible</arg>
<arg>5</arg>
<tag>PageContent</tag>
<tag>Wait</tag>
<doc>Waits for the element found by ``selector`` to satisfy state option.</doc>
<status status="PASS" start="2025-07-07T06:25:49.958505" elapsed="0.332870"/>
</kw>
<arg>Login realizado com sucesso!</arg>
<status status="PASS" start="2025-07-07T06:25:49.958019" elapsed="0.333543"/>
</kw>
<kw name="Usuario na pagina inicial" owner="loginPage">
<kw name="Set Variable" owner="BuiltIn">
<msg time="2025-07-07T06:25:50.293274" level="INFO">${element} = xpath=//*[@id="root"]/main/div/h1</msg>
<var>${element}</var>
<arg>xpath=//*[@id="root"]/main/div/h1</arg>
<doc>Returns the given values which can then be assigned to a variables.</doc>
<status status="PASS" start="2025-07-07T06:25:50.292962" elapsed="0.000355"/>
</kw>
<kw name="Wait For Elements State" owner="Browser">
<msg time="2025-07-07T06:25:50.369225" level="INFO">Waited for Element with selector xpath=//*[@id="root"]/main/div/h1 at state visible</msg>
<arg>${element}</arg>
<arg>visible</arg>
<arg>5</arg>
<tag>PageContent</tag>
<tag>Wait</tag>
<doc>Waits for the element found by ``selector`` to satisfy state option.</doc>
<status status="PASS" start="2025-07-07T06:25:50.293534" elapsed="0.076025"/>
</kw>
<status status="PASS" start="2025-07-07T06:25:50.292269" elapsed="0.077491"/>
</kw>
<kw name="Take Screenshot" owner="Browser" type="TEARDOWN">
<msg time="2025-07-07T06:25:50.588400" level="INFO" html="true">&lt;/td&gt;&lt;/tr&gt;&lt;tr&gt;&lt;td colspan="3"&gt;&lt;a href="browser/screenshot/robotframework-browser-screenshot-1.png" target="_blank"&gt;&lt;img src="browser/screenshot/robotframework-browser-screenshot-1.png" width="800px"/&gt;&lt;/a&gt;</msg>
<tag>PageContent</tag>
<doc>Takes a screenshot of the current window or element and saves it to disk.</doc>
<status status="PASS" start="2025-07-07T06:25:50.370596" elapsed="0.217994"/>
</kw>
<msg time="2025-07-07T06:25:50.605798" level="INFO">Switching context to context=46d05fdd-7f58-43e3-8d14-330b4c1ed1c0 in CURRENT</msg>
<msg time="2025-07-07T06:25:50.614426" level="INFO">Successfully changed active context: context=46d05fdd-7f58-43e3-8d14-330b4c1ed1c0</msg>
<msg time="2025-07-07T06:25:50.694989" level="INFO">Successfully closed Context</msg>
<status status="PASS" start="2025-07-07T06:25:47.014037" elapsed="3.574827"/>
</test>
<test id="s1-s1-t2" name="CT03: Verificar redirecionamento para página inicial após login bem-sucedido" line="18">
<kw name="Criar sessão" owner="base" type="SETUP">
<kw name="New Browser" owner="Browser">
<msg time="2025-07-07T06:25:50.706473" level="INFO">Switching browser to browser=883edc06-b72e-4b40-938b-cda5230cab13</msg>
<msg time="2025-07-07T06:25:50.710185" level="INFO">Successfully changed active browser: browser=883edc06-b72e-4b40-938b-cda5230cab13</msg>
<msg time="2025-07-07T06:25:50.710372" level="INFO">Reusing existing browser with id: browser=883edc06-b72e-4b40-938b-cda5230cab13</msg>
<arg>browser=chromium</arg>
<arg>headless=False</arg>
<tag>BrowserControl</tag>
<tag>Setter</tag>
<doc>Create a new playwright Browser with specified options.</doc>
<status status="PASS" start="2025-07-07T06:25:50.704540" elapsed="0.005933"/>
</kw>
<kw name="New Page" owner="Browser">
<msg time="2025-07-07T06:25:51.378776" level="INFO">Successfully initialized new page object and opened url: http://localhost:3002</msg>
<msg time="2025-07-07T06:25:51.378889" level="INFO">No context was open. New context was automatically opened when this page is created.</msg>
<arg>${URL_BASE}</arg>
<tag>BrowserControl</tag>
<tag>Setter</tag>
<doc>Open a new Page.</doc>
<status status="PASS" start="2025-07-07T06:25:50.710785" elapsed="0.668272"/>
</kw>
<status status="PASS" start="2025-07-07T06:25:50.703737" elapsed="0.675452"/>
</kw>
<kw name="Fazer login com usuario" owner="base">
<kw name="Create Dictionary" owner="BuiltIn">
<msg time="2025-07-07T06:25:51.380905" level="INFO">${user} = {'email': 'user@example.com', 'password': 'password123'}</msg>
<var>${user}</var>
<arg>email=${EMAIL_USER}</arg>
<arg>password=${SENHA}</arg>
<doc>Creates and returns a dictionary based on the given ``items``.</doc>
<status status="PASS" start="2025-07-07T06:25:51.380390" elapsed="0.000566"/>
</kw>
<kw name="Ir para login" owner="loginPage">
<kw name="Go To" owner="Browser">
<msg time="2025-07-07T06:25:51.499947" level="INFO">Successfully opened URL http://localhost:3002/login</msg>
<arg>${URL_BASE}/login</arg>
<tag>BrowserControl</tag>
<tag>Setter</tag>
<doc>Navigates to the given ``url``.</doc>
<status status="PASS" start="2025-07-07T06:25:51.381671" elapsed="0.118502"/>
</kw>
<kw name="Wait For Elements State" owner="Browser">
<msg time="2025-07-07T06:25:51.638429" level="INFO">Waited for Element with selector xpath=//*[@id="root"]/main/div/div/div[1]/h1 at state visible</msg>
<arg>xpath=//*[@id="root"]/main/div/div/div[1]/h1</arg>
<arg>visible</arg>
<arg>5</arg>
<tag>PageContent</tag>
<tag>Wait</tag>
<doc>Waits for the element found by ``selector`` to satisfy state option.</doc>
<status status="PASS" start="2025-07-07T06:25:51.500490" elapsed="0.138237"/>
</kw>
<kw name="Get Text" owner="Browser">
<msg time="2025-07-07T06:25:51.666209" level="INFO">Text: 'Login'</msg>
<arg>xpath=//*[@id="root"]/main/div/div/div[1]/h1</arg>
<arg>equal</arg>
<arg>Login</arg>
<tag>Assertion</tag>
<tag>Getter</tag>
<tag>PageContent</tag>
<doc>Returns text attribute of the element found by ``selector``.</doc>
<status status="PASS" start="2025-07-07T06:25:51.639069" elapsed="0.027316"/>
</kw>
<status status="PASS" start="2025-07-07T06:25:51.381235" elapsed="0.285308"/>
</kw>
<kw name="Preencher login" owner="loginPage">
<kw name="Fill Text" owner="Browser">
<msg time="2025-07-07T06:25:51.669006" level="INFO">Fills the text 'user@example.com' in the given field.</msg>
<arg>css=input[id=email]</arg>
<arg>${user}[email]</arg>
<tag>PageContent</tag>
<tag>Setter</tag>
<doc>Clears and fills the given ``txt`` into the text field found by ``selector``.</doc>
<status status="PASS" start="2025-07-07T06:25:51.667315" elapsed="0.025258"/>
</kw>
<kw name="Fill Text" owner="Browser">
<msg time="2025-07-07T06:25:51.693968" level="INFO">Fills the text 'password123' in the given field.</msg>
<arg>css=input[id=password]</arg>
<arg>${user}[password]</arg>
<tag>PageContent</tag>
<tag>Setter</tag>
<doc>Clears and fills the given ``txt`` into the text field found by ``selector``.</doc>
<status status="PASS" start="2025-07-07T06:25:51.693023" elapsed="0.021173"/>
</kw>
<kw name="Click" owner="Browser">
<msg time="2025-07-07T06:25:51.715237" level="INFO">Clicks the element 'css=button[type=submit]'.</msg>
<arg>css=button[type=submit]</arg>
<tag>PageContent</tag>
<tag>Setter</tag>
<doc>Simulates mouse click on the element found by ``selector``.</doc>
<status status="PASS" start="2025-07-07T06:25:51.714519" elapsed="0.064147"/>
</kw>
<arg>${user}</arg>
<status status="PASS" start="2025-07-07T06:25:51.666777" elapsed="0.112027"/>
</kw>
<kw name="Alerta deve ser" owner="alert">
<kw name="Wait For Elements State" owner="Browser">
<msg time="2025-07-07T06:25:52.617017" level="INFO">Waited for Element with selector css=.alert-content &gt;&gt; text=Login realizado com sucesso! at state visible</msg>
<arg>css=.alert-content &gt;&gt; text=${expected_text}</arg>
<arg>visible</arg>
<arg>5</arg>
<tag>PageContent</tag>
<tag>Wait</tag>
<doc>Waits for the element found by ``selector`` to satisfy state option.</doc>
<status status="PASS" start="2025-07-07T06:25:51.779466" elapsed="0.837713"/>
</kw>
<arg>Login realizado com sucesso!</arg>
<status status="PASS" start="2025-07-07T06:25:51.779035" elapsed="0.838259"/>
</kw>
<kw name="Usuario na pagina inicial" owner="loginPage">
<kw name="Set Variable" owner="BuiltIn">
<msg time="2025-07-07T06:25:52.619746" level="INFO">${element} = xpath=//*[@id="root"]/main/div/h1</msg>
<var>${element}</var>
<arg>xpath=//*[@id="root"]/main/div/h1</arg>
<doc>Returns the given values which can then be assigned to a variables.</doc>
<status status="PASS" start="2025-07-07T06:25:52.618647" elapsed="0.001162"/>
</kw>
<kw name="Wait For Elements State" owner="Browser">
<msg time="2025-07-07T06:25:52.626227" level="INFO">Waited for Element with selector xpath=//*[@id="root"]/main/div/h1 at state visible</msg>
<arg>${element}</arg>
<arg>visible</arg>
<arg>5</arg>
<tag>PageContent</tag>
<tag>Wait</tag>
<doc>Waits for the element found by ``selector`` to satisfy state option.</doc>
<status status="PASS" start="2025-07-07T06:25:52.620063" elapsed="0.006325"/>
</kw>
<status status="PASS" start="2025-07-07T06:25:52.617500" elapsed="0.009010"/>
</kw>
<status status="PASS" start="2025-07-07T06:25:51.379733" elapsed="1.246833"/>
</kw>
<kw name="Logout e confirmação" owner="loginPage">
<kw name="Set Variable" owner="BuiltIn">
<msg time="2025-07-07T06:25:52.627677" level="INFO">${element} = css=.btn-logout</msg>
<var>${element}</var>
<arg>css=.btn-logout</arg>
<doc>Returns the given values which can then be assigned to a variables.</doc>
<status status="PASS" start="2025-07-07T06:25:52.627437" elapsed="0.000274"/>
</kw>
<kw name="Wait For Elements State" owner="Browser">
<msg time="2025-07-07T06:25:52.633661" level="INFO">Waited for Element with selector css=.btn-logout at state visible</msg>
<arg>${element}</arg>
<arg>visible</arg>
<arg>5</arg>
<tag>PageContent</tag>
<tag>Wait</tag>
<doc>Waits for the element found by ``selector`` to satisfy state option.</doc>
<status status="PASS" start="2025-07-07T06:25:52.627857" elapsed="0.005971"/>
</kw>
<kw name="Click" owner="Browser">
<msg time="2025-07-07T06:25:52.635553" level="INFO">Clicks the element 'css=.btn-logout'.</msg>
<arg>${element}</arg>
<tag>PageContent</tag>
<tag>Setter</tag>
<doc>Simulates mouse click on the element found by ``selector``.</doc>
<status status="PASS" start="2025-07-07T06:25:52.634033" elapsed="0.066580"/>
</kw>
<status status="PASS" start="2025-07-07T06:25:52.626987" elapsed="0.073758"/>
</kw>
<kw name="Usuario na pagina de login" owner="loginPage">
<kw name="Set Variable" owner="BuiltIn">
<msg time="2025-07-07T06:25:52.702777" level="INFO">${element} = xpath=//*[@id="root"]/main/div/div/div[1]/h1</msg>
<var>${element}</var>
<arg>xpath=//*[@id="root"]/main/div/div/div[1]/h1</arg>
<doc>Returns the given values which can then be assigned to a variables.</doc>
<status status="PASS" start="2025-07-07T06:25:52.702345" elapsed="0.000855"/>
</kw>
<kw name="Wait For Elements State" owner="Browser">
<msg time="2025-07-07T06:25:52.709848" level="INFO">Waited for Element with selector xpath=//*[@id="root"]/main/div/div/div[1]/h1 at state visible</msg>
<arg>${element}</arg>
<arg>visible</arg>
<arg>5</arg>
<tag>PageContent</tag>
<tag>Wait</tag>
<doc>Waits for the element found by ``selector`` to satisfy state option.</doc>
<status status="PASS" start="2025-07-07T06:25:52.703548" elapsed="0.006466"/>
</kw>
<status status="PASS" start="2025-07-07T06:25:52.701702" elapsed="0.008426"/>
</kw>
<kw name="Take Screenshot" owner="Browser" type="TEARDOWN">
<msg time="2025-07-07T06:25:52.922657" level="INFO" html="true">&lt;/td&gt;&lt;/tr&gt;&lt;tr&gt;&lt;td colspan="3"&gt;&lt;a href="browser/screenshot/robotframework-browser-screenshot-2.png" target="_blank"&gt;&lt;img src="browser/screenshot/robotframework-browser-screenshot-2.png" width="800px"/&gt;&lt;/a&gt;</msg>
<tag>PageContent</tag>
<doc>Takes a screenshot of the current window or element and saves it to disk.</doc>
<status status="PASS" start="2025-07-07T06:25:52.710541" elapsed="0.212492"/>
</kw>
<msg time="2025-07-07T06:25:52.940475" level="INFO">Switching context to context=c7b9f289-8265-4bc7-ab04-c408e8c60c99 in CURRENT</msg>
<msg time="2025-07-07T06:25:52.950696" level="INFO">Successfully changed active context: context=c7b9f289-8265-4bc7-ab04-c408e8c60c99</msg>
<msg time="2025-07-07T06:25:53.016816" level="INFO">Successfully closed Context</msg>
<status status="PASS" start="2025-07-07T06:25:50.698308" elapsed="2.225228"/>
</test>
<status status="PASS" start="2025-07-07T06:25:45.749047" elapsed="7.276654"/>
</suite>
<suite id="s1-s2" name="Movies" source="C:\Users\accro\Documents\compass\ChallengeFinal\challenge-final-compass\web\tests\movies.robot">
<kw name="Criar cinema, filme e sessão para testes" owner="base" type="SETUP">
<kw name="POST Endpoint /theaters" owner="services">
<kw name="Obter header com token de admin" owner="services">
<kw name="Create Dictionary" owner="BuiltIn">
<msg time="2025-07-07T06:25:53.062693" level="INFO">${body} = {'email': 'admin@example.com', 'password': 'password123'}</msg>
<var>${body}</var>
<arg>email=${EMAIL_ADMIN}</arg>
<arg>password=${SENHA}</arg>
<doc>Creates and returns a dictionary based on the given ``items``.</doc>
<status status="PASS" start="2025-07-07T06:25:53.062209" elapsed="0.000543"/>
</kw>
<kw name="POST" owner="RequestsLibrary">
<msg time="2025-07-07T06:25:53.249757" level="INFO">POST Request : url=http://localhost:3002/api/v1/auth/login 
 path_url=/api/v1/auth/login 
 headers={'User-Agent': 'python-requests/2.32.3', 'Accept-Encoding': 'gzip, deflate', 'Accept': '*/*', 'Connection': 'keep-alive', 'Content-Length': '57', 'Content-Type': 'application/json'} 
 body=b'{"email": "admin@example.com", "password": "password123"}' 
 </msg>
<msg time="2025-07-07T06:25:53.249931" level="INFO">POST Response : url=http://localhost:3002/api/v1/auth/login 
 status=200, reason=OK 
 headers={'Vary': 'Origin', 'x-powered-by': 'Express', 'access-control-allow-origin': '*', 'content-type': 'application/json; charset=utf-8', 'content-length': '303', 'etag': 'W/"12f-3da1uCzDTOPcHJ3Aip1ExOjcIFE"', 'date': 'Mon, 07 Jul 2025 09:25:53 GMT', 'connection': 'close'} 
 body={"success":true,"data":{"_id":"686b8fe7ca34077a51023cd8","name":"Admin User","email":"admin@example.com","role":"admin","token":"eyJhbGciOiJIUzI1NiIsInR5cCI6IkpXVCJ9.eyJpZCI6IjY4NmI4ZmU3Y2EzNDA3N2E1MTAyM2NkOCIsImlhdCI6MTc1MTg4MDM1MywiZXhwIjoxNzUxOTY2NzUzfQ.9v7v5ynRZdfNkq8PkcjJzfjoRinSmjwp35qTMQlR1BM"}} 
 </msg>
<msg time="2025-07-07T06:25:53.250100" level="INFO">${response} = &lt;Response [200]&gt;</msg>
<var>${response}</var>
<arg>url=http://localhost:3002/api/v1/auth/login</arg>
<arg>json=${body}</arg>
<doc>Sends a POST request.</doc>
<status status="PASS" start="2025-07-07T06:25:53.062986" elapsed="0.187154"/>
</kw>
<kw name="Get From Dictionary" owner="Collections">
<msg time="2025-07-07T06:25:53.251246" level="INFO">${data} = {'_id': '686b8fe7ca34077a51023cd8', 'name': 'Admin User', 'email': 'admin@example.com', 'role': 'admin', 'token': 'eyJhbGciOiJIUzI1NiIsInR5cCI6IkpXVCJ9.eyJpZCI6IjY4NmI4ZmU3Y2EzNDA3N2E1MTAyM2NkOCIsImlh...</msg>
<var>${data}</var>
<arg>${response.json()}</arg>
<arg>data</arg>
<doc>Returns a value from the given ``dictionary`` based on the given ``key``.</doc>
<status status="PASS" start="2025-07-07T06:25:53.250333" elapsed="0.000961"/>
</kw>
<kw name="Get From Dictionary" owner="Collections">
<msg time="2025-07-07T06:25:53.251835" level="INFO">${token} = eyJhbGciOiJIUzI1NiIsInR5cCI6IkpXVCJ9.eyJpZCI6IjY4NmI4ZmU3Y2EzNDA3N2E1MTAyM2NkOCIsImlhdCI6MTc1MTg4MDM1MywiZXhwIjoxNzUxOTY2NzUzfQ.9v7v5ynRZdfNkq8PkcjJzfjoRinSmjwp35qTMQlR1BM</msg>
<var>${token}</var>
<arg>${data}</arg>
<arg>token</arg>
<doc>Returns a value from the given ``dictionary`` based on the given ``key``.</doc>
<status status="PASS" start="2025-07-07T06:25:53.251502" elapsed="0.000363"/>
</kw>
<kw name="Create Dictionary" owner="BuiltIn">
<msg time="2025-07-07T06:25:53.252380" level="INFO">${header} = {'Authorization': 'Bearer eyJhbGciOiJIUzI1NiIsInR5cCI6IkpXVCJ9.eyJpZCI6IjY4NmI4ZmU3Y2EzNDA3N2E1MTAyM2NkOCIsImlhdCI6MTc1MTg4MDM1MywiZXhwIjoxNzUxOTY2NzUzfQ.9v7v5ynRZdfNkq8PkcjJzfjoRinSmjwp35qTMQlR1BM'}</msg>
<var>${header}</var>
<arg>Authorization=Bearer ${token}</arg>
<doc>Creates and returns a dictionary based on the given ``items``.</doc>
<status status="PASS" start="2025-07-07T06:25:53.252022" elapsed="0.000415"/>
</kw>
<kw name="Set Suite Variable" owner="BuiltIn">
<msg time="2025-07-07T06:25:53.252941" level="INFO">${header} = {'Authorization': 'Bearer eyJhbGciOiJIUzI1NiIsInR5cCI6IkpXVCJ9.eyJpZCI6IjY4NmI4ZmU3Y2EzNDA3N2E1MTAyM2NkOCIsImlhdCI6MTc1MTg4MDM1MywiZXhwIjoxNzUxOTY2NzUzfQ.9v7v5ynRZdfNkq8PkcjJzfjoRinSmjwp35qTMQlR1BM'}</msg>
<arg>${header}</arg>
<doc>Makes a variable available everywhere within the scope of the current suite.</doc>
<status status="PASS" start="2025-07-07T06:25:53.252644" elapsed="0.000344"/>
</kw>
<status status="PASS" start="2025-07-07T06:25:53.061809" elapsed="0.191251"/>
</kw>
<kw name="Create Dictionary" owner="BuiltIn">
<msg time="2025-07-07T06:25:53.253411" level="INFO">${body} = {'name': 'Theater 10', 'capacity': '60', 'type': 'standard'}</msg>
<var>${body}</var>
<arg>name=Theater 10</arg>
<arg>capacity=60</arg>
<arg>type=standard</arg>
<doc>Creates and returns a dictionary based on the given ``items``.</doc>
<status status="PASS" start="2025-07-07T06:25:53.253182" elapsed="0.000254"/>
</kw>
<kw name="POST" owner="RequestsLibrary">
<msg time="2025-07-07T06:25:53.323924" level="INFO">POST Request : url=http://localhost:3002/api/v1/theaters 
 path_url=/api/v1/theaters 
 headers={'User-Agent': 'python-requests/2.32.3', 'Accept-Encoding': 'gzip, deflate', 'Accept': '*/*', 'Connection': 'keep-alive', 'Authorization': 'Bearer eyJhbGciOiJIUzI1NiIsInR5cCI6IkpXVCJ9.eyJpZCI6IjY4NmI4ZmU3Y2EzNDA3N2E1MTAyM2NkOCIsImlhdCI6MTc1MTg4MDM1MywiZXhwIjoxNzUxOTY2NzUzfQ.9v7v5ynRZdfNkq8PkcjJzfjoRinSmjwp35qTMQlR1BM', 'Content-Length': '60', 'Content-Type': 'application/json'} 
 body=b'{"name": "Theater 10", "capacity": "60", "type": "standard"}' 
 </msg>
<msg time="2025-07-07T06:25:53.324049" level="INFO">POST Response : url=http://localhost:3002/api/v1/theaters 
 status=201, reason=Created 
 headers={'Vary': 'Origin', 'x-powered-by': 'Express', 'access-control-allow-origin': '*', 'content-type': 'application/json; charset=utf-8', 'content-length': '228', 'etag': 'W/"e4-Rn0xoLH32VCOVfmJ4c2OjBiV+NQ"', 'date': 'Mon, 07 Jul 2025 09:25:53 GMT', 'connection': 'close'} 
 body={"success":true,"data":{"name":"Theater 10","capacity":60,"type":"standard","_id":"686b92a11d4a430b6f24c8ff","createdAt":"2025-07-07T09:25:53.292Z","updatedAt":"2025-07-07T09:25:53.292Z","__v":0,"id":"686b92a11d4a430b6f24c8ff"}} 
 </msg>
<msg time="2025-07-07T06:25:53.324283" level="INFO">${response} = &lt;Response [201]&gt;</msg>
<var>${response}</var>
<arg>url=http://localhost:3002/api/v1/theaters</arg>
<arg>json=${body}</arg>
<arg>headers=${header}</arg>
<doc>Sends a POST request.</doc>
<status status="PASS" start="2025-07-07T06:25:53.253557" elapsed="0.070769"/>
</kw>
<kw name="Get From Dictionary" owner="Collections">
<msg time="2025-07-07T06:25:53.325471" level="INFO">${data} = {'name': 'Theater 10', 'capacity': 60, 'type': 'standard', '_id': '686b92a11d4a430b6f24c8ff', 'createdAt': '2025-07-07T09:25:53.292Z', 'updatedAt': '2025-07-07T09:25:53.292Z', '__v': 0, 'id': '686b92a...</msg>
<var>${data}</var>
<arg>${response.json()}</arg>
<arg>data</arg>
<doc>Returns a value from the given ``dictionary`` based on the given ``key``.</doc>
<status status="PASS" start="2025-07-07T06:25:53.324579" elapsed="0.000942"/>
</kw>
<kw name="Get From Dictionary" owner="Collections">
<msg time="2025-07-07T06:25:53.326061" level="INFO">${id_theater} = 686b92a11d4a430b6f24c8ff</msg>
<var>${id_theater}</var>
<arg>${data}</arg>
<arg>_id</arg>
<doc>Returns a value from the given ``dictionary`` based on the given ``key``.</doc>
<status status="PASS" start="2025-07-07T06:25:53.325739" elapsed="0.000353"/>
</kw>
<kw name="Set Suite Variable" owner="BuiltIn">
<msg time="2025-07-07T06:25:53.326480" level="INFO">${id_theater} = 686b92a11d4a430b6f24c8ff</msg>
<arg>${id_theater}</arg>
<doc>Makes a variable available everywhere within the scope of the current suite.</doc>
<status status="PASS" start="2025-07-07T06:25:53.326249" elapsed="0.000272"/>
</kw>
<status status="PASS" start="2025-07-07T06:25:53.061353" elapsed="0.265235"/>
</kw>
<kw name="POST Endpoint /movies" owner="services">
<kw name="Obter header com token de admin" owner="services">
<kw name="Create Dictionary" owner="BuiltIn">
<msg time="2025-07-07T06:25:53.327495" level="INFO">${body} = {'email': 'admin@example.com', 'password': 'password123'}</msg>
<var>${body}</var>
<arg>email=${EMAIL_ADMIN}</arg>
<arg>password=${SENHA}</arg>
<doc>Creates and returns a dictionary based on the given ``items``.</doc>
<status status="PASS" start="2025-07-07T06:25:53.327226" elapsed="0.000299"/>
</kw>
<kw name="POST" owner="RequestsLibrary">
<msg time="2025-07-07T06:25:53.571121" level="INFO">POST Request : url=http://localhost:3002/api/v1/auth/login 
 path_url=/api/v1/auth/login 
 headers={'User-Agent': 'python-requests/2.32.3', 'Accept-Encoding': 'gzip, deflate', 'Accept': '*/*', 'Connection': 'keep-alive', 'Content-Length': '57', 'Content-Type': 'application/json'} 
 body=b'{"email": "admin@example.com", "password": "password123"}' 
 </msg>
<msg time="2025-07-07T06:25:53.571243" level="INFO">POST Response : url=http://localhost:3002/api/v1/auth/login 
 status=200, reason=OK 
 headers={'Vary': 'Origin', 'x-powered-by': 'Express', 'access-control-allow-origin': '*', 'content-type': 'application/json; charset=utf-8', 'content-length': '303', 'etag': 'W/"12f-3da1uCzDTOPcHJ3Aip1ExOjcIFE"', 'date': 'Mon, 07 Jul 2025 09:25:53 GMT', 'connection': 'close'} 
 body={"success":true,"data":{"_id":"686b8fe7ca34077a51023cd8","name":"Admin User","email":"admin@example.com","role":"admin","token":"eyJhbGciOiJIUzI1NiIsInR5cCI6IkpXVCJ9.eyJpZCI6IjY4NmI4ZmU3Y2EzNDA3N2E1MTAyM2NkOCIsImlhdCI6MTc1MTg4MDM1MywiZXhwIjoxNzUxOTY2NzUzfQ.9v7v5ynRZdfNkq8PkcjJzfjoRinSmjwp35qTMQlR1BM"}} 
 </msg>
<msg time="2025-07-07T06:25:53.571396" level="INFO">${response} = &lt;Response [200]&gt;</msg>
<var>${response}</var>
<arg>url=http://localhost:3002/api/v1/auth/login</arg>
<arg>json=${body}</arg>
<doc>Sends a POST request.</doc>
<status status="PASS" start="2025-07-07T06:25:53.327647" elapsed="0.243792"/>
</kw>
<kw name="Get From Dictionary" owner="Collections">
<msg time="2025-07-07T06:25:53.572499" level="INFO">${data} = {'_id': '686b8fe7ca34077a51023cd8', 'name': 'Admin User', 'email': 'admin@example.com', 'role': 'admin', 'token': 'eyJhbGciOiJIUzI1NiIsInR5cCI6IkpXVCJ9.eyJpZCI6IjY4NmI4ZmU3Y2EzNDA3N2E1MTAyM2NkOCIsImlh...</msg>
<var>${data}</var>
<arg>${response.json()}</arg>
<arg>data</arg>
<doc>Returns a value from the given ``dictionary`` based on the given ``key``.</doc>
<status status="PASS" start="2025-07-07T06:25:53.571698" elapsed="0.000852"/>
</kw>
<kw name="Get From Dictionary" owner="Collections">
<msg time="2025-07-07T06:25:53.573119" level="INFO">${token} = eyJhbGciOiJIUzI1NiIsInR5cCI6IkpXVCJ9.eyJpZCI6IjY4NmI4ZmU3Y2EzNDA3N2E1MTAyM2NkOCIsImlhdCI6MTc1MTg4MDM1MywiZXhwIjoxNzUxOTY2NzUzfQ.9v7v5ynRZdfNkq8PkcjJzfjoRinSmjwp35qTMQlR1BM</msg>
<var>${token}</var>
<arg>${data}</arg>
<arg>token</arg>
<doc>Returns a value from the given ``dictionary`` based on the given ``key``.</doc>
<status status="PASS" start="2025-07-07T06:25:53.572763" elapsed="0.000403"/>
</kw>
<kw name="Create Dictionary" owner="BuiltIn">
<msg time="2025-07-07T06:25:53.573742" level="INFO">${header} = {'Authorization': 'Bearer eyJhbGciOiJIUzI1NiIsInR5cCI6IkpXVCJ9.eyJpZCI6IjY4NmI4ZmU3Y2EzNDA3N2E1MTAyM2NkOCIsImlhdCI6MTc1MTg4MDM1MywiZXhwIjoxNzUxOTY2NzUzfQ.9v7v5ynRZdfNkq8PkcjJzfjoRinSmjwp35qTMQlR1BM'}</msg>
<var>${header}</var>
<arg>Authorization=Bearer ${token}</arg>
<doc>Creates and returns a dictionary based on the given ``items``.</doc>
<status status="PASS" start="2025-07-07T06:25:53.573370" elapsed="0.000414"/>
</kw>
<kw name="Set Suite Variable" owner="BuiltIn">
<msg time="2025-07-07T06:25:53.574330" level="INFO">${header} = {'Authorization': 'Bearer eyJhbGciOiJIUzI1NiIsInR5cCI6IkpXVCJ9.eyJpZCI6IjY4NmI4ZmU3Y2EzNDA3N2E1MTAyM2NkOCIsImlhdCI6MTc1MTg4MDM1MywiZXhwIjoxNzUxOTY2NzUzfQ.9v7v5ynRZdfNkq8PkcjJzfjoRinSmjwp35qTMQlR1BM'}</msg>
<arg>${header}</arg>
<doc>Makes a variable available everywhere within the scope of the current suite.</doc>
<status status="PASS" start="2025-07-07T06:25:53.573983" elapsed="0.000408"/>
</kw>
<status status="PASS" start="2025-07-07T06:25:53.327018" elapsed="0.247468"/>
</kw>
<kw name="Create Dictionary" owner="BuiltIn">
<msg time="2025-07-07T06:25:53.575026" level="INFO">${body} = {'title': 'The Spiderwick Chronicles', 'synopsis': 'Upon moving into the run-down Spiderwick Estate with their mother, twin brothers Jared and Simon Grace, along with their sister Mallory, discover a ...</msg>
<var>${body}</var>
<arg>title=The Spiderwick Chronicles</arg>
<arg>synopsis=Upon moving into the run-down Spiderwick Estate with their mother, twin brothers Jared and Simon Grace, along with their sister Mallory, discover a world of faeries and magical creatures hidden from human sight.</arg>
<arg>director=Mark Waters</arg>
<arg>genres=Fantasy</arg>
<arg>duration=97</arg>
<arg>classification=PG</arg>
<arg>poster=https://upload.wikimedia.org/wikipedia/en/a/a6/Spiderwick_chronicles_poster.jpg</arg>
<arg>releaseDate=2008-02-14</arg>
<doc>Creates and returns a dictionary based on the given ``items``.</doc>
<status status="PASS" start="2025-07-07T06:25:53.574648" elapsed="0.000421"/>
</kw>
<kw name="POST" owner="RequestsLibrary">
<msg time="2025-07-07T06:25:53.637698" level="INFO">POST Request : url=http://localhost:3002/api/v1/movies 
 path_url=/api/v1/movies 
 headers={'User-Agent': 'python-requests/2.32.3', 'Accept-Encoding': 'gzip, deflate', 'Accept': '*/*', 'Connection': 'keep-alive', 'Authorization': 'Bearer eyJhbGciOiJIUzI1NiIsInR5cCI6IkpXVCJ9.eyJpZCI6IjY4NmI4ZmU3Y2EzNDA3N2E1MTAyM2NkOCIsImlhdCI6MTc1MTg4MDM1MywiZXhwIjoxNzUxOTY2NzUzfQ.9v7v5ynRZdfNkq8PkcjJzfjoRinSmjwp35qTMQlR1BM', 'Content-Length': '477', 'Content-Type': 'application/json'} 
 body=b'{"title": "The Spiderwick Chronicles", "synopsis": "Upon moving into the run-down Spiderwick Estate with their mother, twin brothers Jared and Simon Grace, along with their sister Mallory, discover a world of faeries and magical creatures hidden from human sight.", "director": "Mark Waters", "genres": "Fantasy", "duration": "97", "classification": "PG", "poster": "https://upload.wikimedia.org/wikipedia/en/a/a6/Spiderwick_chronicles_poster.jpg", "releaseDate": "2008-02-14"}' 
 </msg>
<msg time="2025-07-07T06:25:53.637834" level="INFO">POST Response : url=http://localhost:3002/api/v1/movies 
 status=201, reason=Created 
 headers={'Vary': 'Origin', 'x-powered-by': 'Express', 'access-control-allow-origin': '*', 'content-type': 'application/json; charset=utf-8', 'content-length': '651', 'etag': 'W/"28b-qIvSCaRdDjIgFQ+uHl8/3V2u634"', 'date': 'Mon, 07 Jul 2025 09:25:53 GMT', 'connection': 'close'} 
 body={"success":true,"data":{"title":"The Spiderwick Chronicles","synopsis":"Upon moving into the run-down Spiderwick Estate with their mother, twin brothers Jared and Simon Grace, along with their sister Mallory, discover a world of faeries and magical creatures hidden from human sight.","director":"Mark Waters","genres":["Fantasy"],"duration":97,"classification":"PG","poster":"https://upload.wikimedia.org/wikipedia/en/a/a6/Spiderwick_chronicles_poster.jpg","releaseDate":"2008-02-14T00:00:00.000Z","_id":"686b92a11d4a430b6f24c903","createdAt":"2025-07-07T09:25:53.613Z","updatedAt":"2025-07-07T09:25:53.613Z","__v":0,"id":"686b92a11d4a430b6f24c903"}} 
 </msg>
<msg time="2025-07-07T06:25:53.638117" level="INFO">${response} = &lt;Response [201]&gt;</msg>
<var>${response}</var>
<arg>url=http://localhost:3002/api/v1/movies</arg>
<arg>json=${body}</arg>
<arg>headers=${header}</arg>
<doc>Sends a POST request.</doc>
<status status="PASS" start="2025-07-07T06:25:53.575256" elapsed="0.062900"/>
</kw>
<kw name="Get From Dictionary" owner="Collections">
<msg time="2025-07-07T06:25:53.639072" level="INFO">${data} = {'title': 'The Spiderwick Chronicles', 'synopsis': 'Upon moving into the run-down Spiderwick Estate with their mother, twin brothers Jared and Simon Grace, along with their sister Mallory, discover a ...</msg>
<var>${data}</var>
<arg>${response.json()}</arg>
<arg>data</arg>
<doc>Returns a value from the given ``dictionary`` based on the given ``key``.</doc>
<status status="PASS" start="2025-07-07T06:25:53.638375" elapsed="0.000744"/>
</kw>
<kw name="Get From Dictionary" owner="Collections">
<msg time="2025-07-07T06:25:53.639707" level="INFO">${id_movie} = 686b92a11d4a430b6f24c903</msg>
<var>${id_movie}</var>
<arg>${data}</arg>
<arg>_id</arg>
<doc>Returns a value from the given ``dictionary`` based on the given ``key``.</doc>
<status status="PASS" start="2025-07-07T06:25:53.639362" elapsed="0.000389"/>
</kw>
<kw name="Set Suite Variable" owner="BuiltIn">
<msg time="2025-07-07T06:25:53.640289" level="INFO">${id_movie} = 686b92a11d4a430b6f24c903</msg>
<arg>${id_movie}</arg>
<doc>Makes a variable available everywhere within the scope of the current suite.</doc>
<status status="PASS" start="2025-07-07T06:25:53.639971" elapsed="0.000379"/>
</kw>
<status status="PASS" start="2025-07-07T06:25:53.326741" elapsed="0.313710"/>
</kw>
<kw name="POST Endpoint /sessions" owner="services">
<kw name="Obter header com token de admin" owner="services">
<kw name="Create Dictionary" owner="BuiltIn">
<msg time="2025-07-07T06:25:53.641768" level="INFO">${body} = {'email': 'admin@example.com', 'password': 'password123'}</msg>
<var>${body}</var>
<arg>email=${EMAIL_ADMIN}</arg>
<arg>password=${SENHA}</arg>
<doc>Creates and returns a dictionary based on the given ``items``.</doc>
<status status="PASS" start="2025-07-07T06:25:53.641364" elapsed="0.000442"/>
</kw>
<kw name="POST" owner="RequestsLibrary">
<msg time="2025-07-07T06:25:53.819077" level="INFO">POST Request : url=http://localhost:3002/api/v1/auth/login 
 path_url=/api/v1/auth/login 
 headers={'User-Agent': 'python-requests/2.32.3', 'Accept-Encoding': 'gzip, deflate', 'Accept': '*/*', 'Connection': 'keep-alive', 'Content-Length': '57', 'Content-Type': 'application/json'} 
 body=b'{"email": "admin@example.com", "password": "password123"}' 
 </msg>
<msg time="2025-07-07T06:25:53.819209" level="INFO">POST Response : url=http://localhost:3002/api/v1/auth/login 
 status=200, reason=OK 
 headers={'Vary': 'Origin', 'x-powered-by': 'Express', 'access-control-allow-origin': '*', 'content-type': 'application/json; charset=utf-8', 'content-length': '303', 'etag': 'W/"12f-3da1uCzDTOPcHJ3Aip1ExOjcIFE"', 'date': 'Mon, 07 Jul 2025 09:25:53 GMT', 'connection': 'close'} 
 body={"success":true,"data":{"_id":"686b8fe7ca34077a51023cd8","name":"Admin User","email":"admin@example.com","role":"admin","token":"eyJhbGciOiJIUzI1NiIsInR5cCI6IkpXVCJ9.eyJpZCI6IjY4NmI4ZmU3Y2EzNDA3N2E1MTAyM2NkOCIsImlhdCI6MTc1MTg4MDM1MywiZXhwIjoxNzUxOTY2NzUzfQ.9v7v5ynRZdfNkq8PkcjJzfjoRinSmjwp35qTMQlR1BM"}} 
 </msg>
<msg time="2025-07-07T06:25:53.819394" level="INFO">${response} = &lt;Response [200]&gt;</msg>
<var>${response}</var>
<arg>url=http://localhost:3002/api/v1/auth/login</arg>
<arg>json=${body}</arg>
<doc>Sends a POST request.</doc>
<status status="PASS" start="2025-07-07T06:25:53.641973" elapsed="0.177465"/>
</kw>
<kw name="Get From Dictionary" owner="Collections">
<msg time="2025-07-07T06:25:53.820537" level="INFO">${data} = {'_id': '686b8fe7ca34077a51023cd8', 'name': 'Admin User', 'email': 'admin@example.com', 'role': 'admin', 'token': 'eyJhbGciOiJIUzI1NiIsInR5cCI6IkpXVCJ9.eyJpZCI6IjY4NmI4ZmU3Y2EzNDA3N2E1MTAyM2NkOCIsImlh...</msg>
<var>${data}</var>
<arg>${response.json()}</arg>
<arg>data</arg>
<doc>Returns a value from the given ``dictionary`` based on the given ``key``.</doc>
<status status="PASS" start="2025-07-07T06:25:53.819690" elapsed="0.000897"/>
</kw>
<kw name="Get From Dictionary" owner="Collections">
<msg time="2025-07-07T06:25:53.821179" level="INFO">${token} = eyJhbGciOiJIUzI1NiIsInR5cCI6IkpXVCJ9.eyJpZCI6IjY4NmI4ZmU3Y2EzNDA3N2E1MTAyM2NkOCIsImlhdCI6MTc1MTg4MDM1MywiZXhwIjoxNzUxOTY2NzUzfQ.9v7v5ynRZdfNkq8PkcjJzfjoRinSmjwp35qTMQlR1BM</msg>
<var>${token}</var>
<arg>${data}</arg>
<arg>token</arg>
<doc>Returns a value from the given ``dictionary`` based on the given ``key``.</doc>
<status status="PASS" start="2025-07-07T06:25:53.820817" elapsed="0.000409"/>
</kw>
<kw name="Create Dictionary" owner="BuiltIn">
<msg time="2025-07-07T06:25:53.821790" level="INFO">${header} = {'Authorization': 'Bearer eyJhbGciOiJIUzI1NiIsInR5cCI6IkpXVCJ9.eyJpZCI6IjY4NmI4ZmU3Y2EzNDA3N2E1MTAyM2NkOCIsImlhdCI6MTc1MTg4MDM1MywiZXhwIjoxNzUxOTY2NzUzfQ.9v7v5ynRZdfNkq8PkcjJzfjoRinSmjwp35qTMQlR1BM'}</msg>
<var>${header}</var>
<arg>Authorization=Bearer ${token}</arg>
<doc>Creates and returns a dictionary based on the given ``items``.</doc>
<status status="PASS" start="2025-07-07T06:25:53.821435" elapsed="0.000393"/>
</kw>
<kw name="Set Suite Variable" owner="BuiltIn">
<msg time="2025-07-07T06:25:53.822313" level="INFO">${header} = {'Authorization': 'Bearer eyJhbGciOiJIUzI1NiIsInR5cCI6IkpXVCJ9.eyJpZCI6IjY4NmI4ZmU3Y2EzNDA3N2E1MTAyM2NkOCIsImlhdCI6MTc1MTg4MDM1MywiZXhwIjoxNzUxOTY2NzUzfQ.9v7v5ynRZdfNkq8PkcjJzfjoRinSmjwp35qTMQlR1BM'}</msg>
<arg>${header}</arg>
<doc>Makes a variable available everywhere within the scope of the current suite.</doc>
<status status="PASS" start="2025-07-07T06:25:53.822003" elapsed="0.000370"/>
</kw>
<status status="PASS" start="2025-07-07T06:25:53.641041" elapsed="0.181427"/>
</kw>
<kw name="Create Dictionary" owner="BuiltIn">
<msg time="2025-07-07T06:25:53.823091" level="INFO">${body} = {'movie': '686b92a11d4a430b6f24c903', 'theater': '686b92a11d4a430b6f24c8ff', 'datetime': '2025-07-07T15:00:00.000+00:00', 'fullPrice': '30', 'halfPrice': '15'}</msg>
<var>${body}</var>
<arg>movie=${id_movie}</arg>
<arg>theater=${id_theater}</arg>
<arg>datetime=2025-07-07T15:00:00.000+00:00</arg>
<arg>fullPrice=30</arg>
<arg>halfPrice=15</arg>
<doc>Creates and returns a dictionary based on the given ``items``.</doc>
<status status="PASS" start="2025-07-07T06:25:53.822644" elapsed="0.000498"/>
</kw>
<kw name="POST" owner="RequestsLibrary">
<msg time="2025-07-07T06:25:53.959676" level="INFO">POST Request : url=http://localhost:3002/api/v1/sessions 
 path_url=/api/v1/sessions 
 headers={'User-Agent': 'python-requests/2.32.3', 'Accept-Encoding': 'gzip, deflate', 'Accept': '*/*', 'Connection': 'keep-alive', 'Authorization': 'Bearer eyJhbGciOiJIUzI1NiIsInR5cCI6IkpXVCJ9.eyJpZCI6IjY4NmI4ZmU3Y2EzNDA3N2E1MTAyM2NkOCIsImlhdCI6MTc1MTg4MDM1MywiZXhwIjoxNzUxOTY2NzUzfQ.9v7v5ynRZdfNkq8PkcjJzfjoRinSmjwp35qTMQlR1BM', 'Content-Length': '159', 'Content-Type': 'application/json'} 
 body=b'{"movie": "686b92a11d4a430b6f24c903", "theater": "686b92a11d4a430b6f24c8ff", "datetime": "2025-07-07T15:00:00.000+00:00", "fullPrice": "30", "halfPrice": "15"}' 
 </msg>
<msg time="2025-07-07T06:25:53.959788" level="INFO">POST Response : url=http://localhost:3002/api/v1/sessions 
 status=201, reason=Created 
 headers={'Vary': 'Origin', 'x-powered-by': 'Express', 'access-control-allow-origin': '*', 'content-type': 'application/json; charset=utf-8', 'content-length': '2966', 'etag': 'W/"b96-wC03dN17e2PW3muy8m818otjYsE"', 'date': 'Mon, 07 Jul 2025 09:25:53 GMT', 'connection': 'close'} 
 body={"success":true,"data":{"movie":"686b92a11d4a430b6f24c903","theater":"686b92a11d4a430b6f24c8ff","datetime":"2025-07-07T15:00:00.000Z","fullPrice":30,"halfPrice":15,"seats":[{"row":"A","number":1,"status":"available"},{"row":"A","number":2,"status":"available"},{"row":"A","number":3,"status":"available"},{"row":"A","number":4,"status":"available"},{"row":"A","number":5,"status":"available"},{"row":"A","number":6,"status":"available"},{"row":"A","number":7,"status":"available"},{"row":"A","number":8,"status":"available"},{"row":"B","number":1,"status":"available"},{"row":"B","number":2,"status":"available"},{"row":"B","number":3,"status":"available"},{"row":"B","number":4,"status":"available"},{"row":"B","number":5,"status":"available"},{"row":"B","number":6,"status":"available"},{"row":"B","number":7,"status":"available"},{"row":"B","number":8,"status":"available"},{"row":"C","number":1,"status":"available"},{"row":"C","number":2,"status":"available"},{"row":"C","number":3,"status":"available"},{"row":"C","number":4,"status":"available"},{"row":"C","number":5,"status":"available"},{"row":"C","number":6,"status":"available"},{"row":"C","number":7,"status":"available"},{"row":"C","number":8,"status":"available"},{"row":"D","number":1,"status":"available"},{"row":"D","number":2,"status":"available"},{"row":"D","number":3,"status":"available"},{"row":"D","number":4,"status":"available"},{"row":"D","number":5,"status":"available"},{"row":"D","number":6,"status":"available"},{"row":"D","number":7,"status":"available"},{"row":"D","number":8,"status":"available"},{"row":"E","number":1,"status":"available"},{"row":"E","number":2,"status":"available"},{"row":"E","number":3,"status":"available"},{"row":"E","number":4,"status":"available"},{"row":"E","number":5,"status":"available"},{"row":"E","number":6,"status":"available"},{"row":"E","number":7,"status":"available"},{"row":"E","number":8,"status":"available"},{"row":"F","number":1,"status":"available"},{"row":"F","number":2,"status":"available"},{"row":"F","number":3,"status":"available"},{"row":"F","number":4,"status":"available"},{"row":"F","number":5,"status":"available"},{"row":"F","number":6,"status":"available"},{"row":"F","number":7,"status":"available"},{"row":"F","number":8,"status":"available"},{"row":"G","number":1,"status":"available"},{"row":"G","number":2,"status":"available"},{"row":"G","number":3,"status":"available"},{"row":"G","number":4,"status":"available"},{"row":"G","number":5,"status":"available"},{"row":"G","number":6,"status":"available"},{"row":"G","number":7,"status":"available"},{"row":"G","number":8,"status":"available"},{"row":"H","number":1,"status":"available"},{"row":"H","number":2,"status":"available"},{"row":"H","number":3,"status":"available"},{"row":"H","number":4,"status":"available"}],"_id":"686b92a11d4a430b6f24c909","createdAt":"2025-07-07T09:25:53.910Z","updatedAt":"2025-07-07T09:25:53.910Z","__v":0,"id":"686b92a11d4a430b6f24c909"}} 
 </msg>
<msg time="2025-07-07T06:25:53.960001" level="INFO">${response} = &lt;Response [201]&gt;</msg>
<var>${response}</var>
<arg>url=http://localhost:3002/api/v1/sessions</arg>
<arg>json=${body}</arg>
<arg>headers=${header}</arg>
<doc>Sends a POST request.</doc>
<status status="PASS" start="2025-07-07T06:25:53.823338" elapsed="0.136693"/>
</kw>
<kw name="Get From Dictionary" owner="Collections">
<msg time="2025-07-07T06:25:53.960896" level="INFO">${data} = {'movie': '686b92a11d4a430b6f24c903', 'theater': '686b92a11d4a430b6f24c8ff', 'datetime': '2025-07-07T15:00:00.000Z', 'fullPrice': 30, 'halfPrice': 15, 'seats': [{'row': 'A', 'number': 1, 'status': 'av...</msg>
<var>${data}</var>
<arg>${response.json()}</arg>
<arg>data</arg>
<doc>Returns a value from the given ``dictionary`` based on the given ``key``.</doc>
<status status="PASS" start="2025-07-07T06:25:53.960214" elapsed="0.000716"/>
</kw>
<kw name="Get From Dictionary" owner="Collections">
<msg time="2025-07-07T06:25:53.961316" level="INFO">${id_session} = 686b92a11d4a430b6f24c909</msg>
<var>${id_session}</var>
<arg>${data}</arg>
<arg>_id</arg>
<doc>Returns a value from the given ``dictionary`` based on the given ``key``.</doc>
<status status="PASS" start="2025-07-07T06:25:53.961077" elapsed="0.000264"/>
</kw>
<kw name="Set Suite Variable" owner="BuiltIn">
<msg time="2025-07-07T06:25:53.961692" level="INFO">${id_session} = 686b92a11d4a430b6f24c909</msg>
<arg>${id_session}</arg>
<doc>Makes a variable available everywhere within the scope of the current suite.</doc>
<status status="PASS" start="2025-07-07T06:25:53.961473" elapsed="0.000261"/>
</kw>
<status status="PASS" start="2025-07-07T06:25:53.640665" elapsed="0.321140"/>
</kw>
<status status="PASS" start="2025-07-07T06:25:53.060768" elapsed="0.901087"/>
</kw>
<test id="s1-s2-t1" name="CT24: Verificar seção de “Filmes em Cartaz”" line="11">
<kw name="Criar sessão" owner="base" type="SETUP">
<kw name="New Browser" owner="Browser">
<msg time="2025-07-07T06:25:53.967576" level="INFO">Switching browser to browser=883edc06-b72e-4b40-938b-cda5230cab13</msg>
<msg time="2025-07-07T06:25:53.970149" level="INFO">Successfully changed active browser: browser=883edc06-b72e-4b40-938b-cda5230cab13</msg>
<msg time="2025-07-07T06:25:53.970316" level="INFO">Reusing existing browser with id: browser=883edc06-b72e-4b40-938b-cda5230cab13</msg>
<arg>browser=chromium</arg>
<arg>headless=False</arg>
<tag>BrowserControl</tag>
<tag>Setter</tag>
<doc>Create a new playwright Browser with specified options.</doc>
<status status="PASS" start="2025-07-07T06:25:53.966720" elapsed="0.003687"/>
</kw>
<kw name="New Page" owner="Browser">
<msg time="2025-07-07T06:25:54.520230" level="INFO">Successfully initialized new page object and opened url: http://localhost:3002</msg>
<msg time="2025-07-07T06:25:54.520334" level="INFO">No context was open. New context was automatically opened when this page is created.</msg>
<arg>${URL_BASE}</arg>
<tag>BrowserControl</tag>
<tag>Setter</tag>
<doc>Open a new Page.</doc>
<status status="PASS" start="2025-07-07T06:25:53.970683" elapsed="0.549865"/>
</kw>
<status status="PASS" start="2025-07-07T06:25:53.966095" elapsed="0.554647"/>
</kw>
<kw name="Fazer login com usuario" owner="base">
<kw name="Create Dictionary" owner="BuiltIn">
<msg time="2025-07-07T06:25:54.523101" level="INFO">${user} = {'email': 'user@example.com', 'password': 'password123'}</msg>
<var>${user}</var>
<arg>email=${EMAIL_USER}</arg>
<arg>password=${SENHA}</arg>
<doc>Creates and returns a dictionary based on the given ``items``.</doc>
<status status="PASS" start="2025-07-07T06:25:54.522334" elapsed="0.000831"/>
</kw>
<kw name="Ir para login" owner="loginPage">
<kw name="Go To" owner="Browser">
<msg time="2025-07-07T06:25:54.633438" level="INFO">Successfully opened URL http://localhost:3002/login</msg>
<arg>${URL_BASE}/login</arg>
<tag>BrowserControl</tag>
<tag>Setter</tag>
<doc>Navigates to the given ``url``.</doc>
<status status="PASS" start="2025-07-07T06:25:54.523763" elapsed="0.109876"/>
</kw>
<kw name="Wait For Elements State" owner="Browser">
<msg time="2025-07-07T06:25:54.735683" level="INFO">Waited for Element with selector xpath=//*[@id="root"]/main/div/div/div[1]/h1 at state visible</msg>
<arg>xpath=//*[@id="root"]/main/div/div/div[1]/h1</arg>
<arg>visible</arg>
<arg>5</arg>
<tag>PageContent</tag>
<tag>Wait</tag>
<doc>Waits for the element found by ``selector`` to satisfy state option.</doc>
<status status="PASS" start="2025-07-07T06:25:54.633881" elapsed="0.102129"/>
</kw>
<kw name="Get Text" owner="Browser">
<msg time="2025-07-07T06:25:54.771342" level="INFO">Text: 'Login'</msg>
<arg>xpath=//*[@id="root"]/main/div/div/div[1]/h1</arg>
<arg>equal</arg>
<arg>Login</arg>
<tag>Assertion</tag>
<tag>Getter</tag>
<tag>PageContent</tag>
<doc>Returns text attribute of the element found by ``selector``.</doc>
<status status="PASS" start="2025-07-07T06:25:54.736392" elapsed="0.035129"/>
</kw>
<status status="PASS" start="2025-07-07T06:25:54.523379" elapsed="0.248358"/>
</kw>
<kw name="Preencher login" owner="loginPage">
<kw name="Fill Text" owner="Browser">
<msg time="2025-07-07T06:25:54.773485" level="INFO">Fills the text 'user@example.com' in the given field.</msg>
<arg>css=input[id=email]</arg>
<arg>${user}[email]</arg>
<tag>PageContent</tag>
<tag>Setter</tag>
<doc>Clears and fills the given ``txt`` into the text field found by ``selector``.</doc>
<status status="PASS" start="2025-07-07T06:25:54.772706" elapsed="0.026691"/>
</kw>
<kw name="Fill Text" owner="Browser">
<msg time="2025-07-07T06:25:54.800753" level="INFO">Fills the text 'password123' in the given field.</msg>
<arg>css=input[id=password]</arg>
<arg>${user}[password]</arg>
<tag>PageContent</tag>
<tag>Setter</tag>
<doc>Clears and fills the given ``txt`` into the text field found by ``selector``.</doc>
<status status="PASS" start="2025-07-07T06:25:54.799751" elapsed="0.024983"/>
</kw>
<kw name="Click" owner="Browser">
<msg time="2025-07-07T06:25:54.825828" level="INFO">Clicks the element 'css=button[type=submit]'.</msg>
<arg>css=button[type=submit]</arg>
<tag>PageContent</tag>
<tag>Setter</tag>
<doc>Simulates mouse click on the element found by ``selector``.</doc>
<status status="PASS" start="2025-07-07T06:25:54.825073" elapsed="0.055964"/>
</kw>
<arg>${user}</arg>
<status status="PASS" start="2025-07-07T06:25:54.772059" elapsed="0.109155"/>
</kw>
<kw name="Alerta deve ser" owner="alert">
<kw name="Wait For Elements State" owner="Browser">
<msg time="2025-07-07T06:25:55.117131" level="INFO">Waited for Element with selector css=.alert-content &gt;&gt; text=Login realizado com sucesso! at state visible</msg>
<arg>css=.alert-content &gt;&gt; text=${expected_text}</arg>
<arg>visible</arg>
<arg>5</arg>
<tag>PageContent</tag>
<tag>Wait</tag>
<doc>Waits for the element found by ``selector`` to satisfy state option.</doc>
<status status="PASS" start="2025-07-07T06:25:54.881964" elapsed="0.235429"/>
</kw>
<arg>Login realizado com sucesso!</arg>
<status status="PASS" start="2025-07-07T06:25:54.881447" elapsed="0.236136"/>
</kw>
<kw name="Usuario na pagina inicial" owner="loginPage">
<kw name="Set Variable" owner="BuiltIn">
<msg time="2025-07-07T06:25:55.119220" level="INFO">${element} = xpath=//*[@id="root"]/main/div/h1</msg>
<var>${element}</var>
<arg>xpath=//*[@id="root"]/main/div/h1</arg>
<doc>Returns the given values which can then be assigned to a variables.</doc>
<status status="PASS" start="2025-07-07T06:25:55.118783" elapsed="0.000538"/>
</kw>
<kw name="Wait For Elements State" owner="Browser">
<msg time="2025-07-07T06:25:55.128577" level="INFO">Waited for Element with selector xpath=//*[@id="root"]/main/div/h1 at state visible</msg>
<arg>${element}</arg>
<arg>visible</arg>
<arg>5</arg>
<tag>PageContent</tag>
<tag>Wait</tag>
<doc>Waits for the element found by ``selector`` to satisfy state option.</doc>
<status status="PASS" start="2025-07-07T06:25:55.119710" elapsed="0.009159"/>
</kw>
<status status="PASS" start="2025-07-07T06:25:55.118021" elapsed="0.011060"/>
</kw>
<status status="PASS" start="2025-07-07T06:25:54.521556" elapsed="0.607962"/>
</kw>
<kw name="Ir para filmes" owner="moviesPage">
<kw name="Click" owner="Browser">
<msg time="2025-07-07T06:25:55.132644" level="INFO">Clicks the element 'xpath=//*[@id="root"]/header/div/nav/ul/li[1]/a'.</msg>
<arg>xpath=//*[@id="root"]/header/div/nav/ul/li[1]/a</arg>
<tag>PageContent</tag>
<tag>Setter</tag>
<doc>Simulates mouse click on the element found by ``selector``.</doc>
<status status="PASS" start="2025-07-07T06:25:55.131553" elapsed="0.158709"/>
</kw>
<kw name="Set Variable" owner="BuiltIn">
<msg time="2025-07-07T06:25:55.291333" level="INFO">${element} = xpath=//*[@id="root"]/main/div/h1</msg>
<var>${element}</var>
<arg>xpath=//*[@id="root"]/main/div/h1</arg>
<doc>Returns the given values which can then be assigned to a variables.</doc>
<status status="PASS" start="2025-07-07T06:25:55.290697" elapsed="0.000717"/>
</kw>
<kw name="Wait For Elements State" owner="Browser">
<msg time="2025-07-07T06:25:55.299897" level="INFO">Waited for Element with selector xpath=//*[@id="root"]/main/div/h1 at state visible</msg>
<arg>${element}</arg>
<arg>visible</arg>
<arg>5</arg>
<tag>PageContent</tag>
<tag>Wait</tag>
<doc>Waits for the element found by ``selector`` to satisfy state option.</doc>
<status status="PASS" start="2025-07-07T06:25:55.291745" elapsed="0.008376"/>
</kw>
<kw name="Get Text" owner="Browser">
<msg time="2025-07-07T06:25:55.326461" level="INFO">Text: 'Filmes em Cartaz'</msg>
<arg>${element}</arg>
<arg>equal</arg>
<arg>Filmes em Cartaz</arg>
<tag>Assertion</tag>
<tag>Getter</tag>
<tag>PageContent</tag>
<doc>Returns text attribute of the element found by ``selector``.</doc>
<status status="PASS" start="2025-07-07T06:25:55.300401" elapsed="0.026196"/>
</kw>
<status status="PASS" start="2025-07-07T06:25:55.130686" elapsed="0.196051"/>
</kw>
<kw name="Take Screenshot" owner="Browser" type="TEARDOWN">
<msg time="2025-07-07T06:25:55.577531" level="INFO" html="true">&lt;/td&gt;&lt;/tr&gt;&lt;tr&gt;&lt;td colspan="3"&gt;&lt;a href="browser/screenshot/robotframework-browser-screenshot-3.png" target="_blank"&gt;&lt;img src="browser/screenshot/robotframework-browser-screenshot-3.png" width="800px"/&gt;&lt;/a&gt;</msg>
<tag>PageContent</tag>
<doc>Takes a screenshot of the current window or element and saves it to disk.</doc>
<status status="PASS" start="2025-07-07T06:25:55.327316" elapsed="0.250462"/>
</kw>
<msg time="2025-07-07T06:25:55.596456" level="INFO">Switching context to context=eabcf707-ecb0-47fb-80c6-d32966ad2cd4 in CURRENT</msg>
<msg time="2025-07-07T06:25:55.608323" level="INFO">Successfully changed active context: context=eabcf707-ecb0-47fb-80c6-d32966ad2cd4</msg>
<msg time="2025-07-07T06:25:55.677813" level="INFO">Successfully closed Context</msg>
<status status="PASS" start="2025-07-07T06:25:53.961926" elapsed="1.616236"/>
</test>
<test id="s1-s2-t2" name="CT22: Verificar navegação para reserva a partir de horários disponíveis" line="15">
<kw name="Criar sessão" owner="base" type="SETUP">
<kw name="New Browser" owner="Browser">
<msg time="2025-07-07T06:25:55.686018" level="INFO">Switching browser to browser=883edc06-b72e-4b40-938b-cda5230cab13</msg>
<msg time="2025-07-07T06:25:55.690682" level="INFO">Successfully changed active browser: browser=883edc06-b72e-4b40-938b-cda5230cab13</msg>
<msg time="2025-07-07T06:25:55.691019" level="INFO">Reusing existing browser with id: browser=883edc06-b72e-4b40-938b-cda5230cab13</msg>
<arg>browser=chromium</arg>
<arg>headless=False</arg>
<tag>BrowserControl</tag>
<tag>Setter</tag>
<doc>Create a new playwright Browser with specified options.</doc>
<status status="PASS" start="2025-07-07T06:25:55.684801" elapsed="0.006340"/>
</kw>
<kw name="New Page" owner="Browser">
<msg time="2025-07-07T06:25:56.245328" level="INFO">Successfully initialized new page object and opened url: http://localhost:3002</msg>
<msg time="2025-07-07T06:25:56.245409" level="INFO">No context was open. New context was automatically opened when this page is created.</msg>
<arg>${URL_BASE}</arg>
<tag>BrowserControl</tag>
<tag>Setter</tag>
<doc>Open a new Page.</doc>
<status status="PASS" start="2025-07-07T06:25:55.691487" elapsed="0.554059"/>
</kw>
<status status="PASS" start="2025-07-07T06:25:55.683819" elapsed="0.561843"/>
</kw>
<kw name="Fazer login com usuario" owner="base">
<kw name="Create Dictionary" owner="BuiltIn">
<msg time="2025-07-07T06:25:56.247037" level="INFO">${user} = {'email': 'user@example.com', 'password': 'password123'}</msg>
<var>${user}</var>
<arg>email=${EMAIL_USER}</arg>
<arg>password=${SENHA}</arg>
<doc>Creates and returns a dictionary based on the given ``items``.</doc>
<status status="PASS" start="2025-07-07T06:25:56.246668" elapsed="0.000405"/>
</kw>
<kw name="Ir para login" owner="loginPage">
<kw name="Go To" owner="Browser">
<msg time="2025-07-07T06:25:56.358713" level="INFO">Successfully opened URL http://localhost:3002/login</msg>
<arg>${URL_BASE}/login</arg>
<tag>BrowserControl</tag>
<tag>Setter</tag>
<doc>Navigates to the given ``url``.</doc>
<status status="PASS" start="2025-07-07T06:25:56.247532" elapsed="0.111493"/>
</kw>
<kw name="Wait For Elements State" owner="Browser">
<msg time="2025-07-07T06:25:56.456720" level="INFO">Waited for Element with selector xpath=//*[@id="root"]/main/div/div/div[1]/h1 at state visible</msg>
<arg>xpath=//*[@id="root"]/main/div/div/div[1]/h1</arg>
<arg>visible</arg>
<arg>5</arg>
<tag>PageContent</tag>
<tag>Wait</tag>
<doc>Waits for the element found by ``selector`` to satisfy state option.</doc>
<status status="PASS" start="2025-07-07T06:25:56.359416" elapsed="0.097488"/>
</kw>
<kw name="Get Text" owner="Browser">
<msg time="2025-07-07T06:25:56.481340" level="INFO">Text: 'Login'</msg>
<arg>xpath=//*[@id="root"]/main/div/div/div[1]/h1</arg>
<arg>equal</arg>
<arg>Login</arg>
<tag>Assertion</tag>
<tag>Getter</tag>
<tag>PageContent</tag>
<doc>Returns text attribute of the element found by ``selector``.</doc>
<status status="PASS" start="2025-07-07T06:25:56.457134" elapsed="0.024324"/>
</kw>
<status status="PASS" start="2025-07-07T06:25:56.247249" elapsed="0.234326"/>
</kw>
<kw name="Preencher login" owner="loginPage">
<kw name="Fill Text" owner="Browser">
<msg time="2025-07-07T06:25:56.482669" level="INFO">Fills the text 'user@example.com' in the given field.</msg>
<arg>css=input[id=email]</arg>
<arg>${user}[email]</arg>
<tag>PageContent</tag>
<tag>Setter</tag>
<doc>Clears and fills the given ``txt`` into the text field found by ``selector``.</doc>
<status status="PASS" start="2025-07-07T06:25:56.482192" elapsed="0.017967"/>
</kw>
<kw name="Fill Text" owner="Browser">
<msg time="2025-07-07T06:25:56.501941" level="INFO">Fills the text 'password123' in the given field.</msg>
<arg>css=input[id=password]</arg>
<arg>${user}[password]</arg>
<tag>PageContent</tag>
<tag>Setter</tag>
<doc>Clears and fills the given ``txt`` into the text field found by ``selector``.</doc>
<status status="PASS" start="2025-07-07T06:25:56.500393" elapsed="0.026113"/>
</kw>
<kw name="Click" owner="Browser">
<msg time="2025-07-07T06:25:56.527318" level="INFO">Clicks the element 'css=button[type=submit]'.</msg>
<arg>css=button[type=submit]</arg>
<tag>PageContent</tag>
<tag>Setter</tag>
<doc>Simulates mouse click on the element found by ``selector``.</doc>
<status status="PASS" start="2025-07-07T06:25:56.526756" elapsed="0.053383"/>
</kw>
<arg>${user}</arg>
<status status="PASS" start="2025-07-07T06:25:56.481757" elapsed="0.098526"/>
</kw>
<kw name="Alerta deve ser" owner="alert">
<kw name="Wait For Elements State" owner="Browser">
<msg time="2025-07-07T06:25:56.918853" level="INFO">Waited for Element with selector css=.alert-content &gt;&gt; text=Login realizado com sucesso! at state visible</msg>
<arg>css=.alert-content &gt;&gt; text=${expected_text}</arg>
<arg>visible</arg>
<arg>5</arg>
<tag>PageContent</tag>
<tag>Wait</tag>
<doc>Waits for the element found by ``selector`` to satisfy state option.</doc>
<status status="PASS" start="2025-07-07T06:25:56.580892" elapsed="0.338461"/>
</kw>
<arg>Login realizado com sucesso!</arg>
<status status="PASS" start="2025-07-07T06:25:56.580470" elapsed="0.339932"/>
</kw>
<kw name="Usuario na pagina inicial" owner="loginPage">
<kw name="Set Variable" owner="BuiltIn">
<msg time="2025-07-07T06:25:56.922378" level="INFO">${element} = xpath=//*[@id="root"]/main/div/h1</msg>
<var>${element}</var>
<arg>xpath=//*[@id="root"]/main/div/h1</arg>
<doc>Returns the given values which can then be assigned to a variables.</doc>
<status status="PASS" start="2025-07-07T06:25:56.921959" elapsed="0.000474"/>
</kw>
<kw name="Wait For Elements State" owner="Browser">
<msg time="2025-07-07T06:25:56.932447" level="INFO">Waited for Element with selector xpath=//*[@id="root"]/main/div/h1 at state visible</msg>
<arg>${element}</arg>
<arg>visible</arg>
<arg>5</arg>
<tag>PageContent</tag>
<tag>Wait</tag>
<doc>Waits for the element found by ``selector`` to satisfy state option.</doc>
<status status="PASS" start="2025-07-07T06:25:56.922688" elapsed="0.010695"/>
</kw>
<status status="PASS" start="2025-07-07T06:25:56.920801" elapsed="0.012771"/>
</kw>
<status status="PASS" start="2025-07-07T06:25:56.246127" elapsed="0.687529"/>
</kw>
<kw name="Ir para filmes" owner="moviesPage">
<kw name="Click" owner="Browser">
<msg time="2025-07-07T06:25:56.936733" level="INFO">Clicks the element 'xpath=//*[@id="root"]/header/div/nav/ul/li[1]/a'.</msg>
<arg>xpath=//*[@id="root"]/header/div/nav/ul/li[1]/a</arg>
<tag>PageContent</tag>
<tag>Setter</tag>
<doc>Simulates mouse click on the element found by ``selector``.</doc>
<status status="PASS" start="2025-07-07T06:25:56.935268" elapsed="0.172276"/>
</kw>
<kw name="Set Variable" owner="BuiltIn">
<msg time="2025-07-07T06:25:57.108687" level="INFO">${element} = xpath=//*[@id="root"]/main/div/h1</msg>
<var>${element}</var>
<arg>xpath=//*[@id="root"]/main/div/h1</arg>
<doc>Returns the given values which can then be assigned to a variables.</doc>
<status status="PASS" start="2025-07-07T06:25:57.107941" elapsed="0.000825"/>
</kw>
<kw name="Wait For Elements State" owner="Browser">
<msg time="2025-07-07T06:25:57.119895" level="INFO">Waited for Element with selector xpath=//*[@id="root"]/main/div/h1 at state visible</msg>
<arg>${element}</arg>
<arg>visible</arg>
<arg>5</arg>
<tag>PageContent</tag>
<tag>Wait</tag>
<doc>Waits for the element found by ``selector`` to satisfy state option.</doc>
<status status="PASS" start="2025-07-07T06:25:57.109040" elapsed="0.011327"/>
</kw>
<kw name="Get Text" owner="Browser">
<msg time="2025-07-07T06:25:57.140075" level="INFO">Text: 'Filmes em Cartaz'</msg>
<arg>${element}</arg>
<arg>equal</arg>
<arg>Filmes em Cartaz</arg>
<tag>Assertion</tag>
<tag>Getter</tag>
<tag>PageContent</tag>
<doc>Returns text attribute of the element found by ``selector``.</doc>
<status status="PASS" start="2025-07-07T06:25:57.120994" elapsed="0.019211"/>
</kw>
<status status="PASS" start="2025-07-07T06:25:56.934491" elapsed="0.205840"/>
</kw>
<kw name="Ir para detalhes de um filme" owner="moviesPage">
<kw name="Random Int" owner="FakerLibrary">
<msg time="2025-07-07T06:25:57.142513" level="INFO">${filme} = 3</msg>
<var>${filme}</var>
<arg>min=1</arg>
<arg>max=3</arg>
<doc>Generate a random integer between two integers ``min`` and ``max`` inclusive
while observing the provided ``step`` value.</doc>
<status status="PASS" start="2025-07-07T06:25:57.141831" elapsed="0.000747"/>
</kw>
<kw name="Set Variable" owner="BuiltIn">
<msg time="2025-07-07T06:25:57.143281" level="INFO">${element} = xpath=//a[@href="/movies/686b92a11d4a430b6f24c903"]</msg>
<var>${element}</var>
<arg>xpath=//a[@href="/movies/${id_movie}"]</arg>
<doc>Returns the given values which can then be assigned to a variables.</doc>
<status status="PASS" start="2025-07-07T06:25:57.142843" elapsed="0.000487"/>
</kw>
<kw name="Scroll To Element" owner="Browser">
<arg>${element}</arg>
<tag>PageContent</tag>
<tag>Setter</tag>
<doc>This method waits for actionability checks, then tries to scroll element into view,
unless it is completely visible.</doc>
<status status="PASS" start="2025-07-07T06:25:57.143547" elapsed="0.063295"/>
</kw>
<kw name="Wait For Elements State" owner="Browser">
<msg time="2025-07-07T06:25:57.212543" level="INFO">Waited for Element with selector xpath=//a[@href="/movies/686b92a11d4a430b6f24c903"] at state visible</msg>
<arg>${element}</arg>
<arg>visible</arg>
<arg>5</arg>
<tag>PageContent</tag>
<tag>Wait</tag>
<doc>Waits for the element found by ``selector`` to satisfy state option.</doc>
<status status="PASS" start="2025-07-07T06:25:57.207095" elapsed="0.005616"/>
</kw>
<kw name="Get Text" owner="Browser">
<msg time="2025-07-07T06:25:57.232949" level="INFO">Text: 'Ver Detalhes'</msg>
<arg>${element}</arg>
<arg>equal</arg>
<arg>Ver Detalhes</arg>
<tag>Assertion</tag>
<tag>Getter</tag>
<tag>PageContent</tag>
<doc>Returns text attribute of the element found by ``selector``.</doc>
<status status="PASS" start="2025-07-07T06:25:57.212930" elapsed="0.020137"/>
</kw>
<kw name="Click" owner="Browser">
<msg time="2025-07-07T06:25:57.233833" level="INFO">Clicks the element 'xpath=//a[@href="/movies/686b92a11d4a430b6f24c903"]'.</msg>
<arg>${element}</arg>
<tag>PageContent</tag>
<tag>Setter</tag>
<doc>Simulates mouse click on the element found by ``selector``.</doc>
<status status="PASS" start="2025-07-07T06:25:57.233278" elapsed="0.063835"/>
</kw>
<arg>${id_movie}</arg>
<status status="PASS" start="2025-07-07T06:25:57.140929" elapsed="0.156326"/>
</kw>
<kw name="Verificar sessões disponíveis com horários" owner="moviesPage">
<kw name="Set Variable" owner="BuiltIn">
<msg time="2025-07-07T06:25:57.298346" level="INFO">${element} = xpath=//*[@id="root"]/main/div/div/div/div[2]/div[5]/h2</msg>
<var>${element}</var>
<arg>xpath=//*[@id="root"]/main/div/div/div/div[2]/div[5]/h2</arg>
<doc>Returns the given values which can then be assigned to a variables.</doc>
<status status="PASS" start="2025-07-07T06:25:57.298117" elapsed="0.000262"/>
</kw>
<kw name="Scroll To Element" owner="Browser">
<arg>${element}</arg>
<tag>PageContent</tag>
<tag>Setter</tag>
<doc>This method waits for actionability checks, then tries to scroll element into view,
unless it is completely visible.</doc>
<status status="PASS" start="2025-07-07T06:25:57.298522" elapsed="0.148111"/>
</kw>
<kw name="Wait For Elements State" owner="Browser">
<msg time="2025-07-07T06:25:57.457938" level="INFO">Waited for Element with selector xpath=//*[@id="root"]/main/div/div/div/div[2]/div[5]/h2 at state visible</msg>
<arg>${element}</arg>
<arg>visible</arg>
<arg>5</arg>
<tag>PageContent</tag>
<tag>Wait</tag>
<doc>Waits for the element found by ``selector`` to satisfy state option.</doc>
<status status="PASS" start="2025-07-07T06:25:57.446963" elapsed="0.011182"/>
</kw>
<kw name="Get Text" owner="Browser">
<msg time="2025-07-07T06:25:57.484843" level="INFO">Text: 'Sessões Disponíveis'</msg>
<arg>${element}</arg>
<arg>equal</arg>
<arg>Sessões Disponíveis</arg>
<tag>Assertion</tag>
<tag>Getter</tag>
<tag>PageContent</tag>
<doc>Returns text attribute of the element found by ``selector``.</doc>
<status status="PASS" start="2025-07-07T06:25:57.458481" elapsed="0.026563"/>
</kw>
<status status="PASS" start="2025-07-07T06:25:57.297681" elapsed="0.187560"/>
</kw>
<kw name="Ir para reserva" owner="moviesPage">
<kw name="Click" owner="Browser">
<msg time="2025-07-07T06:25:57.487626" level="INFO">Clicks the element 'xpath=(//div[contains(@class, 'session-card')])[1]//a[contains(@class, 'session-button')]'.</msg>
<arg>xpath=(//div[contains(@class, 'session-card')])[1]//a[contains(@class, 'session-button')]</arg>
<tag>PageContent</tag>
<tag>Setter</tag>
<doc>Simulates mouse click on the element found by ``selector``.</doc>
<status status="PASS" start="2025-07-07T06:25:57.486847" elapsed="0.951162"/>
</kw>
<kw name="Set Variable" owner="BuiltIn">
<msg time="2025-07-07T06:25:58.438756" level="INFO">${element} = xpath=//div[@class="screen"]</msg>
<var>${element}</var>
<arg>xpath=//div[@class="screen"]</arg>
<doc>Returns the given values which can then be assigned to a variables.</doc>
<status status="PASS" start="2025-07-07T06:25:58.438335" elapsed="0.000475"/>
</kw>
<kw name="Scroll To Element" owner="Browser">
<arg>${element}</arg>
<tag>PageContent</tag>
<tag>Setter</tag>
<doc>This method waits for actionability checks, then tries to scroll element into view,
unless it is completely visible.</doc>
<status status="PASS" start="2025-07-07T06:25:58.439097" elapsed="0.115658"/>
</kw>
<kw name="Wait For Elements State" owner="Browser">
<msg time="2025-07-07T06:25:58.561417" level="INFO">Waited for Element with selector xpath=//div[@class="screen"] at state visible</msg>
<arg>${element}</arg>
<arg>visible</arg>
<arg>5</arg>
<tag>PageContent</tag>
<tag>Wait</tag>
<doc>Waits for the element found by ``selector`` to satisfy state option.</doc>
<status status="PASS" start="2025-07-07T06:25:58.554998" elapsed="0.006640"/>
</kw>
<kw name="Get Text" owner="Browser">
<msg time="2025-07-07T06:25:58.576719" level="INFO">Text: 'Tela'</msg>
<arg>${element}</arg>
<arg>equal</arg>
<arg>Tela</arg>
<tag>Assertion</tag>
<tag>Getter</tag>
<tag>PageContent</tag>
<doc>Returns text attribute of the element found by ``selector``.</doc>
<status status="PASS" start="2025-07-07T06:25:58.561880" elapsed="0.014955"/>
</kw>
<status status="PASS" start="2025-07-07T06:25:57.485932" elapsed="1.091022"/>
</kw>
<kw name="Take Screenshot" owner="Browser" type="TEARDOWN">
<msg time="2025-07-07T06:25:58.721476" level="INFO" html="true">&lt;/td&gt;&lt;/tr&gt;&lt;tr&gt;&lt;td colspan="3"&gt;&lt;a href="browser/screenshot/robotframework-browser-screenshot-4.png" target="_blank"&gt;&lt;img src="browser/screenshot/robotframework-browser-screenshot-4.png" width="800px"/&gt;&lt;/a&gt;</msg>
<tag>PageContent</tag>
<doc>Takes a screenshot of the current window or element and saves it to disk.</doc>
<status status="PASS" start="2025-07-07T06:25:58.577398" elapsed="0.144238"/>
</kw>
<msg time="2025-07-07T06:25:58.736472" level="INFO">Switching context to context=2b700194-4c4c-45e2-b9ef-488c21cb770f in CURRENT</msg>
<msg time="2025-07-07T06:25:58.745492" level="INFO">Successfully changed active context: context=2b700194-4c4c-45e2-b9ef-488c21cb770f</msg>
<msg time="2025-07-07T06:25:58.836140" level="INFO">Successfully closed Context</msg>
<status status="PASS" start="2025-07-07T06:25:55.679382" elapsed="3.042708"/>
</test>
<kw name="Apagar dados do banco de dados" owner="base" type="TEARDOWN">
<kw name="Remove cinema do banco de dados" owner="database">
<msg time="2025-07-07T06:25:59.069978" level="INFO">Removendo cinema com id 686b92a11d4a430b6f24c8ff do banco de dados</msg>
<arg>${id_theater}</arg>
<status status="PASS" start="2025-07-07T06:25:58.840419" elapsed="0.229667"/>
</kw>
<kw name="Remove filme do banco de dados" owner="database">
<msg time="2025-07-07T06:25:59.096858" level="INFO">Removendo filme com id 686b92a11d4a430b6f24c903 do banco de dados</msg>
<arg>${id_movie}</arg>
<status status="PASS" start="2025-07-07T06:25:59.070303" elapsed="0.026668"/>
</kw>
<kw name="Remove sessao do banco de dados" owner="database">
<msg time="2025-07-07T06:25:59.117651" level="INFO">Removendo sessão com id 686b92a11d4a430b6f24c909 do banco de dados</msg>
<arg>${id_session}</arg>
<status status="PASS" start="2025-07-07T06:25:59.097211" elapsed="0.020645"/>
</kw>
<status status="PASS" start="2025-07-07T06:25:58.839860" elapsed="0.278234"/>
</kw>
<status status="PASS" start="2025-07-07T06:25:53.036298" elapsed="6.081942"/>
</suite>
<suite id="s1-s3" name="Reservations" source="C:\Users\accro\Documents\compass\ChallengeFinal\challenge-final-compass\web\tests\reservations.robot">
<kw name="Criar cinema, filme e sessão para testes" owner="base" type="SETUP">
<kw name="POST Endpoint /theaters" owner="services">
<kw name="Obter header com token de admin" owner="services">
<kw name="Create Dictionary" owner="BuiltIn">
<msg time="2025-07-07T06:25:59.148288" level="INFO">${body} = {'email': 'admin@example.com', 'password': 'password123'}</msg>
<var>${body}</var>
<arg>email=${EMAIL_ADMIN}</arg>
<arg>password=${SENHA}</arg>
<doc>Creates and returns a dictionary based on the given ``items``.</doc>
<status status="PASS" start="2025-07-07T06:25:59.147615" elapsed="0.000726"/>
</kw>
<kw name="POST" owner="RequestsLibrary">
<msg time="2025-07-07T06:25:59.455797" level="INFO">POST Request : url=http://localhost:3002/api/v1/auth/login 
 path_url=/api/v1/auth/login 
 headers={'User-Agent': 'python-requests/2.32.3', 'Accept-Encoding': 'gzip, deflate', 'Accept': '*/*', 'Connection': 'keep-alive', 'Content-Length': '57', 'Content-Type': 'application/json'} 
 body=b'{"email": "admin@example.com", "password": "password123"}' 
 </msg>
<msg time="2025-07-07T06:25:59.455966" level="INFO">POST Response : url=http://localhost:3002/api/v1/auth/login 
 status=200, reason=OK 
 headers={'Vary': 'Origin', 'x-powered-by': 'Express', 'access-control-allow-origin': '*', 'content-type': 'application/json; charset=utf-8', 'content-length': '303', 'etag': 'W/"12f-q/vMo46XTScAD/AjNJig2ZwfPO8"', 'date': 'Mon, 07 Jul 2025 09:25:59 GMT', 'connection': 'close'} 
 body={"success":true,"data":{"_id":"686b8fe7ca34077a51023cd8","name":"Admin User","email":"admin@example.com","role":"admin","token":"eyJhbGciOiJIUzI1NiIsInR5cCI6IkpXVCJ9.eyJpZCI6IjY4NmI4ZmU3Y2EzNDA3N2E1MTAyM2NkOCIsImlhdCI6MTc1MTg4MDM1OSwiZXhwIjoxNzUxOTY2NzU5fQ.VmSBi1GwpImhqQmKUOP0BFAGMLWR7RcKZWSrNSyiaT4"}} 
 </msg>
<msg time="2025-07-07T06:25:59.456278" level="INFO">${response} = &lt;Response [200]&gt;</msg>
<var>${response}</var>
<arg>url=http://localhost:3002/api/v1/auth/login</arg>
<arg>json=${body}</arg>
<doc>Sends a POST request.</doc>
<status status="PASS" start="2025-07-07T06:25:59.148542" elapsed="0.307790"/>
</kw>
<kw name="Get From Dictionary" owner="Collections">
<msg time="2025-07-07T06:25:59.457740" level="INFO">${data} = {'_id': '686b8fe7ca34077a51023cd8', 'name': 'Admin User', 'email': 'admin@example.com', 'role': 'admin', 'token': 'eyJhbGciOiJIUzI1NiIsInR5cCI6IkpXVCJ9.eyJpZCI6IjY4NmI4ZmU3Y2EzNDA3N2E1MTAyM2NkOCIsImlh...</msg>
<var>${data}</var>
<arg>${response.json()}</arg>
<arg>data</arg>
<doc>Returns a value from the given ``dictionary`` based on the given ``key``.</doc>
<status status="PASS" start="2025-07-07T06:25:59.456695" elapsed="0.001110"/>
</kw>
<kw name="Get From Dictionary" owner="Collections">
<msg time="2025-07-07T06:25:59.458701" level="INFO">${token} = eyJhbGciOiJIUzI1NiIsInR5cCI6IkpXVCJ9.eyJpZCI6IjY4NmI4ZmU3Y2EzNDA3N2E1MTAyM2NkOCIsImlhdCI6MTc1MTg4MDM1OSwiZXhwIjoxNzUxOTY2NzU5fQ.VmSBi1GwpImhqQmKUOP0BFAGMLWR7RcKZWSrNSyiaT4</msg>
<var>${token}</var>
<arg>${data}</arg>
<arg>token</arg>
<doc>Returns a value from the given ``dictionary`` based on the given ``key``.</doc>
<status status="PASS" start="2025-07-07T06:25:59.458084" elapsed="0.000686"/>
</kw>
<kw name="Create Dictionary" owner="BuiltIn">
<msg time="2025-07-07T06:25:59.459760" level="INFO">${header} = {'Authorization': 'Bearer eyJhbGciOiJIUzI1NiIsInR5cCI6IkpXVCJ9.eyJpZCI6IjY4NmI4ZmU3Y2EzNDA3N2E1MTAyM2NkOCIsImlhdCI6MTc1MTg4MDM1OSwiZXhwIjoxNzUxOTY2NzU5fQ.VmSBi1GwpImhqQmKUOP0BFAGMLWR7RcKZWSrNSyiaT4'}</msg>
<var>${header}</var>
<arg>Authorization=Bearer ${token}</arg>
<doc>Creates and returns a dictionary based on the given ``items``.</doc>
<status status="PASS" start="2025-07-07T06:25:59.459087" elapsed="0.000751"/>
</kw>
<kw name="Set Suite Variable" owner="BuiltIn">
<msg time="2025-07-07T06:25:59.460637" level="INFO">${header} = {'Authorization': 'Bearer eyJhbGciOiJIUzI1NiIsInR5cCI6IkpXVCJ9.eyJpZCI6IjY4NmI4ZmU3Y2EzNDA3N2E1MTAyM2NkOCIsImlhdCI6MTc1MTg4MDM1OSwiZXhwIjoxNzUxOTY2NzU5fQ.VmSBi1GwpImhqQmKUOP0BFAGMLWR7RcKZWSrNSyiaT4'}</msg>
<arg>${header}</arg>
<doc>Makes a variable available everywhere within the scope of the current suite.</doc>
<status status="PASS" start="2025-07-07T06:25:59.460236" elapsed="0.000447"/>
</kw>
<status status="PASS" start="2025-07-07T06:25:59.147053" elapsed="0.313716"/>
</kw>
<kw name="Create Dictionary" owner="BuiltIn">
<msg time="2025-07-07T06:25:59.461111" level="INFO">${body} = {'name': 'Theater 10', 'capacity': '60', 'type': 'standard'}</msg>
<var>${body}</var>
<arg>name=Theater 10</arg>
<arg>capacity=60</arg>
<arg>type=standard</arg>
<doc>Creates and returns a dictionary based on the given ``items``.</doc>
<status status="PASS" start="2025-07-07T06:25:59.460888" elapsed="0.000335"/>
</kw>
<kw name="POST" owner="RequestsLibrary">
<msg time="2025-07-07T06:25:59.520628" level="INFO">POST Request : url=http://localhost:3002/api/v1/theaters 
 path_url=/api/v1/theaters 
 headers={'User-Agent': 'python-requests/2.32.3', 'Accept-Encoding': 'gzip, deflate', 'Accept': '*/*', 'Connection': 'keep-alive', 'Authorization': 'Bearer eyJhbGciOiJIUzI1NiIsInR5cCI6IkpXVCJ9.eyJpZCI6IjY4NmI4ZmU3Y2EzNDA3N2E1MTAyM2NkOCIsImlhdCI6MTc1MTg4MDM1OSwiZXhwIjoxNzUxOTY2NzU5fQ.VmSBi1GwpImhqQmKUOP0BFAGMLWR7RcKZWSrNSyiaT4', 'Content-Length': '60', 'Content-Type': 'application/json'} 
 body=b'{"name": "Theater 10", "capacity": "60", "type": "standard"}' 
 </msg>
<msg time="2025-07-07T06:25:59.520737" level="INFO">POST Response : url=http://localhost:3002/api/v1/theaters 
 status=201, reason=Created 
 headers={'Vary': 'Origin', 'x-powered-by': 'Express', 'access-control-allow-origin': '*', 'content-type': 'application/json; charset=utf-8', 'content-length': '228', 'etag': 'W/"e4-iBNwo9Xlx4g4v+VO1q5m3rJe79c"', 'date': 'Mon, 07 Jul 2025 09:25:59 GMT', 'connection': 'close'} 
 body={"success":true,"data":{"name":"Theater 10","capacity":60,"type":"standard","_id":"686b92a71d4a430b6f24c939","createdAt":"2025-07-07T09:25:59.494Z","updatedAt":"2025-07-07T09:25:59.494Z","__v":0,"id":"686b92a71d4a430b6f24c939"}} 
 </msg>
<msg time="2025-07-07T06:25:59.520879" level="INFO">${response} = &lt;Response [201]&gt;</msg>
<var>${response}</var>
<arg>url=http://localhost:3002/api/v1/theaters</arg>
<arg>json=${body}</arg>
<arg>headers=${header}</arg>
<doc>Sends a POST request.</doc>
<status status="PASS" start="2025-07-07T06:25:59.461429" elapsed="0.059488"/>
</kw>
<kw name="Get From Dictionary" owner="Collections">
<msg time="2025-07-07T06:25:59.521864" level="INFO">${data} = {'name': 'Theater 10', 'capacity': 60, 'type': 'standard', '_id': '686b92a71d4a430b6f24c939', 'createdAt': '2025-07-07T09:25:59.494Z', 'updatedAt': '2025-07-07T09:25:59.494Z', '__v': 0, 'id': '686b92a...</msg>
<var>${data}</var>
<arg>${response.json()}</arg>
<arg>data</arg>
<doc>Returns a value from the given ``dictionary`` based on the given ``key``.</doc>
<status status="PASS" start="2025-07-07T06:25:59.521147" elapsed="0.000762"/>
</kw>
<kw name="Get From Dictionary" owner="Collections">
<msg time="2025-07-07T06:25:59.522437" level="INFO">${id_theater} = 686b92a71d4a430b6f24c939</msg>
<var>${id_theater}</var>
<arg>${data}</arg>
<arg>_id</arg>
<doc>Returns a value from the given ``dictionary`` based on the given ``key``.</doc>
<status status="PASS" start="2025-07-07T06:25:59.522119" elapsed="0.000349"/>
</kw>
<kw name="Set Suite Variable" owner="BuiltIn">
<msg time="2025-07-07T06:25:59.522869" level="INFO">${id_theater} = 686b92a71d4a430b6f24c939</msg>
<arg>${id_theater}</arg>
<doc>Makes a variable available everywhere within the scope of the current suite.</doc>
<status status="PASS" start="2025-07-07T06:25:59.522614" elapsed="0.000298"/>
</kw>
<status status="PASS" start="2025-07-07T06:25:59.146428" elapsed="0.376550"/>
</kw>
<kw name="POST Endpoint /movies" owner="services">
<kw name="Obter header com token de admin" owner="services">
<kw name="Create Dictionary" owner="BuiltIn">
<msg time="2025-07-07T06:25:59.523990" level="INFO">${body} = {'email': 'admin@example.com', 'password': 'password123'}</msg>
<var>${body}</var>
<arg>email=${EMAIL_ADMIN}</arg>
<arg>password=${SENHA}</arg>
[...]
<arg>xpath=//*[@id="root"]/header/div/nav/ul/li[3]/a</arg>
<tag>PageContent</tag>
<tag>Setter</tag>
<doc>Simulates mouse click on the element found by ``selector``.</doc>
<status status="PASS" start="2025-07-07T06:26:12.066418" elapsed="0.121473"/>
</kw>
<kw name="Set Variable" owner="BuiltIn">
<msg time="2025-07-07T06:26:12.188687" level="INFO">${element} = xpath=//*[@id="root"]/main/div/div/div[1]/h1</msg>
<var>${element}</var>
<arg>xpath=//*[@id="root"]/main/div/div/div[1]/h1</arg>
<doc>Returns the given values which can then be assigned to a variables.</doc>
<status status="PASS" start="2025-07-07T06:26:12.188231" elapsed="0.000506"/>
</kw>
<kw name="Wait For Elements State" owner="Browser">
<msg time="2025-07-07T06:26:12.196747" level="INFO">Waited for Element with selector xpath=//*[@id="root"]/main/div/div/div[1]/h1 at state visible</msg>
<arg>${element}</arg>
<arg>visible</arg>
<arg>5</arg>
<tag>PageContent</tag>
<tag>Wait</tag>
<doc>Waits for the element found by ``selector`` to satisfy state option.</doc>
<status status="PASS" start="2025-07-07T06:26:12.188959" elapsed="0.007975"/>
</kw>
<kw name="Get Text" owner="Browser">
<msg time="2025-07-07T06:26:12.222337" level="INFO">Text: 'Minhas Reservas'</msg>
<arg>${element}</arg>
<arg>equal</arg>
<arg>Minhas Reservas</arg>
<tag>Assertion</tag>
<tag>Getter</tag>
<tag>PageContent</tag>
<doc>Returns text attribute of the element found by ``selector``.</doc>
<status status="PASS" start="2025-07-07T06:26:12.197232" elapsed="0.025227"/>
</kw>
<status status="PASS" start="2025-07-07T06:26:12.065849" elapsed="0.156735"/>
</kw>
<kw name="Take Screenshot" owner="Browser" type="TEARDOWN">
<msg time="2025-07-07T06:26:12.389423" level="INFO" html="true">&lt;/td&gt;&lt;/tr&gt;&lt;tr&gt;&lt;td colspan="3"&gt;&lt;a href="browser/screenshot/robotframework-browser-screenshot-8.png" target="_blank"&gt;&lt;img src="browser/screenshot/robotframework-browser-screenshot-8.png" width="800px"/&gt;&lt;/a&gt;</msg>
<tag>PageContent</tag>
<doc>Takes a screenshot of the current window or element and saves it to disk.</doc>
<status status="PASS" start="2025-07-07T06:26:12.223128" elapsed="0.166451"/>
</kw>
<msg time="2025-07-07T06:26:12.402653" level="INFO">Switching context to context=4c73f849-9061-4774-b1f8-a542e6daecda in CURRENT</msg>
<msg time="2025-07-07T06:26:12.413328" level="INFO">Successfully changed active context: context=4c73f849-9061-4774-b1f8-a542e6daecda</msg>
<msg time="2025-07-07T06:26:12.474692" level="INFO">Successfully closed Context</msg>
<status status="PASS" start="2025-07-07T06:26:10.932650" elapsed="1.457201"/>
</test>
<kw name="Apagar dados do banco de dados" owner="base" type="TEARDOWN">
<kw name="Remove cinema do banco de dados" owner="database">
<msg time="2025-07-07T06:26:12.517423" level="INFO">Removendo cinema com id 686b92a71d4a430b6f24c939 do banco de dados</msg>
<arg>${id_theater}</arg>
<status status="PASS" start="2025-07-07T06:26:12.477034" elapsed="0.040529"/>
</kw>
<kw name="Remove filme do banco de dados" owner="database">
<msg time="2025-07-07T06:26:12.546951" level="INFO">Removendo filme com id 686b92a71d4a430b6f24c93d do banco de dados</msg>
<arg>${id_movie}</arg>
<status status="PASS" start="2025-07-07T06:26:12.517814" elapsed="0.029291"/>
</kw>
<kw name="Remove sessao do banco de dados" owner="database">
<msg time="2025-07-07T06:26:12.569241" level="INFO">Removendo sessão com id 686b92a81d4a430b6f24c943 do banco de dados</msg>
<arg>${id_session}</arg>
<status status="PASS" start="2025-07-07T06:26:12.547398" elapsed="0.022106"/>
</kw>
<status status="PASS" start="2025-07-07T06:26:12.476481" elapsed="0.093201"/>
</kw>
<status status="PASS" start="2025-07-07T06:25:59.126814" elapsed="13.442949"/>
</suite>
<suite id="s1-s4" name="Ux" source="C:\Users\accro\Documents\compass\ChallengeFinal\challenge-final-compass\web\tests\ux.robot">
<test id="s1-s4-t1" name="CT58: Verificar presença do cabeçalho contendo links rápidos para áreas principais nas páginas da aplicação" line="8">
<kw name="Criar sessão" owner="base" type="SETUP">
<kw name="New Browser" owner="Browser">
<msg time="2025-07-07T06:26:12.596167" level="INFO">Switching browser to browser=883edc06-b72e-4b40-938b-cda5230cab13</msg>
<msg time="2025-07-07T06:26:12.598760" level="INFO">Successfully changed active browser: browser=883edc06-b72e-4b40-938b-cda5230cab13</msg>
<msg time="2025-07-07T06:26:12.598891" level="INFO">Reusing existing browser with id: browser=883edc06-b72e-4b40-938b-cda5230cab13</msg>
<arg>browser=chromium</arg>
<arg>headless=False</arg>
<tag>BrowserControl</tag>
<tag>Setter</tag>
<doc>Create a new playwright Browser with specified options.</doc>
<status status="PASS" start="2025-07-07T06:26:12.595636" elapsed="0.003319"/>
</kw>
<kw name="New Page" owner="Browser">
<msg time="2025-07-07T06:26:13.075120" level="INFO">Successfully initialized new page object and opened url: http://localhost:3002</msg>
<msg time="2025-07-07T06:26:13.075203" level="INFO">No context was open. New context was automatically opened when this page is created.</msg>
<arg>${URL_BASE}</arg>
<tag>BrowserControl</tag>
<tag>Setter</tag>
<doc>Open a new Page.</doc>
<status status="PASS" start="2025-07-07T06:26:12.599165" elapsed="0.476172"/>
</kw>
<status status="PASS" start="2025-07-07T06:26:12.595202" elapsed="0.480252"/>
</kw>
<kw name="Fazer login com usuario" owner="base">
<kw name="Create Dictionary" owner="BuiltIn">
<msg time="2025-07-07T06:26:13.076707" level="INFO">${user} = {'email': 'user@example.com', 'password': 'password123'}</msg>
<var>${user}</var>
<arg>email=${EMAIL_USER}</arg>
<arg>password=${SENHA}</arg>
<doc>Creates and returns a dictionary based on the given ``items``.</doc>
<status status="PASS" start="2025-07-07T06:26:13.076369" elapsed="0.000374"/>
</kw>
<kw name="Ir para login" owner="loginPage">
<kw name="Go To" owner="Browser">
<msg time="2025-07-07T06:26:13.193990" level="INFO">Successfully opened URL http://localhost:3002/login</msg>
<arg>${URL_BASE}/login</arg>
<tag>BrowserControl</tag>
<tag>Setter</tag>
<doc>Navigates to the given ``url``.</doc>
<status status="PASS" start="2025-07-07T06:26:13.077174" elapsed="0.117073"/>
</kw>
<kw name="Wait For Elements State" owner="Browser">
<msg time="2025-07-07T06:26:13.299649" level="INFO">Waited for Element with selector xpath=//*[@id="root"]/main/div/div/div[1]/h1 at state visible</msg>
<arg>xpath=//*[@id="root"]/main/div/div/div[1]/h1</arg>
<arg>visible</arg>
<arg>5</arg>
<tag>PageContent</tag>
<tag>Wait</tag>
<doc>Waits for the element found by ``selector`` to satisfy state option.</doc>
<status status="PASS" start="2025-07-07T06:26:13.194684" elapsed="0.105251"/>
</kw>
<kw name="Get Text" owner="Browser">
<msg time="2025-07-07T06:26:13.328832" level="INFO">Text: 'Login'</msg>
<arg>xpath=//*[@id="root"]/main/div/div/div[1]/h1</arg>
<arg>equal</arg>
<arg>Login</arg>
<tag>Assertion</tag>
<tag>Getter</tag>
<tag>PageContent</tag>
<doc>Returns text attribute of the element found by ``selector``.</doc>
<status status="PASS" start="2025-07-07T06:26:13.300923" elapsed="0.028028"/>
</kw>
<status status="PASS" start="2025-07-07T06:26:13.076908" elapsed="0.252170"/>
</kw>
<kw name="Preencher login" owner="loginPage">
<kw name="Fill Text" owner="Browser">
<msg time="2025-07-07T06:26:13.330233" level="INFO">Fills the text 'user@example.com' in the given field.</msg>
<arg>css=input[id=email]</arg>
<arg>${user}[email]</arg>
<tag>PageContent</tag>
<tag>Setter</tag>
<doc>Clears and fills the given ``txt`` into the text field found by ``selector``.</doc>
<status status="PASS" start="2025-07-07T06:26:13.329737" elapsed="0.018731"/>
</kw>
<kw name="Fill Text" owner="Browser">
<msg time="2025-07-07T06:26:13.349276" level="INFO">Fills the text 'password123' in the given field.</msg>
<arg>css=input[id=password]</arg>
<arg>${user}[password]</arg>
<tag>PageContent</tag>
<tag>Setter</tag>
<doc>Clears and fills the given ``txt`` into the text field found by ``selector``.</doc>
<status status="PASS" start="2025-07-07T06:26:13.348702" elapsed="0.023647"/>
</kw>
<kw name="Click" owner="Browser">
<msg time="2025-07-07T06:26:13.373496" level="INFO">Clicks the element 'css=button[type=submit]'.</msg>
<arg>css=button[type=submit]</arg>
<tag>PageContent</tag>
<tag>Setter</tag>
<doc>Simulates mouse click on the element found by ``selector``.</doc>
<status status="PASS" start="2025-07-07T06:26:13.372688" elapsed="0.053732"/>
</kw>
<arg>${user}</arg>
<status status="PASS" start="2025-07-07T06:26:13.329280" elapsed="0.097280"/>
</kw>
<kw name="Alerta deve ser" owner="alert">
<kw name="Wait For Elements State" owner="Browser">
<msg time="2025-07-07T06:26:13.739463" level="INFO">Waited for Element with selector css=.alert-content &gt;&gt; text=Login realizado com sucesso! at state visible</msg>
<arg>css=.alert-content &gt;&gt; text=${expected_text}</arg>
<arg>visible</arg>
<arg>5</arg>
<tag>PageContent</tag>
<tag>Wait</tag>
<doc>Waits for the element found by ``selector`` to satisfy state option.</doc>
<status status="PASS" start="2025-07-07T06:26:13.427194" elapsed="0.312473"/>
</kw>
<arg>Login realizado com sucesso!</arg>
<status status="PASS" start="2025-07-07T06:26:13.426749" elapsed="0.313163"/>
</kw>
<kw name="Usuario na pagina inicial" owner="loginPage">
<kw name="Set Variable" owner="BuiltIn">
<msg time="2025-07-07T06:26:13.741565" level="INFO">${element} = xpath=//*[@id="root"]/main/div/h1</msg>
<var>${element}</var>
<arg>xpath=//*[@id="root"]/main/div/h1</arg>
<doc>Returns the given values which can then be assigned to a variables.</doc>
<status status="PASS" start="2025-07-07T06:26:13.741121" elapsed="0.000500"/>
</kw>
<kw name="Wait For Elements State" owner="Browser">
<msg time="2025-07-07T06:26:13.757616" level="INFO">Waited for Element with selector xpath=//*[@id="root"]/main/div/h1 at state visible</msg>
<arg>${element}</arg>
<arg>visible</arg>
<arg>5</arg>
<tag>PageContent</tag>
<tag>Wait</tag>
<doc>Waits for the element found by ``selector`` to satisfy state option.</doc>
<status status="PASS" start="2025-07-07T06:26:13.742019" elapsed="0.016038"/>
</kw>
<status status="PASS" start="2025-07-07T06:26:13.740203" elapsed="0.018089"/>
</kw>
<status status="PASS" start="2025-07-07T06:26:13.075874" elapsed="0.682600"/>
</kw>
<kw name="Verificar cabeçalho na página inicial" owner="ux">
<kw name="Wait For Elements State" owner="Browser">
<msg time="2025-07-07T06:26:13.767221" level="INFO">Waited for Element with selector xpath=//*[@id="root"]/header/div at state visible</msg>
<arg>xpath=//*[@id="root"]/header/div</arg>
<arg>visible</arg>
<arg>5</arg>
<tag>PageContent</tag>
<tag>Wait</tag>
<doc>Waits for the element found by ``selector`` to satisfy state option.</doc>
<status status="PASS" start="2025-07-07T06:26:13.759661" elapsed="0.007824"/>
</kw>
<kw name="Wait For Elements State" owner="Browser">
<msg time="2025-07-07T06:26:13.776680" level="INFO">Waited for Element with selector xpath=//*[@id="root"]/header/div/nav/ul/li[1]/a at state visible</msg>
<arg>xpath=//*[@id="root"]/header/div/nav/ul/li[1]/a</arg>
<arg>visible</arg>
<arg>5</arg>
<tag>PageContent</tag>
<tag>Wait</tag>
<doc>Waits for the element found by ``selector`` to satisfy state option.</doc>
<status status="PASS" start="2025-07-07T06:26:13.767828" elapsed="0.009048"/>
</kw>
<kw name="Wait For Elements State" owner="Browser">
<msg time="2025-07-07T06:26:13.783654" level="INFO">Waited for Element with selector xpath=//*[@id="root"]/header/div/nav/ul/li[2]/a at state visible</msg>
<arg>xpath=//*[@id="root"]/header/div/nav/ul/li[2]/a</arg>
<arg>visible</arg>
<arg>5</arg>
<tag>PageContent</tag>
<tag>Wait</tag>
<doc>Waits for the element found by ``selector`` to satisfy state option.</doc>
<status status="PASS" start="2025-07-07T06:26:13.777106" elapsed="0.006867"/>
</kw>
<kw name="Wait For Elements State" owner="Browser">
<msg time="2025-07-07T06:26:13.843498" level="INFO">Waited for Element with selector xpath=//*[@id="root"]/header/div/nav/ul/li[3]/a at state visible</msg>
<arg>xpath=//*[@id="root"]/header/div/nav/ul/li[3]/a</arg>
<arg>visible</arg>
<arg>5</arg>
<tag>PageContent</tag>
<tag>Wait</tag>
<doc>Waits for the element found by ``selector`` to satisfy state option.</doc>
<status status="PASS" start="2025-07-07T06:26:13.784377" elapsed="0.059366"/>
</kw>
<kw name="Wait For Elements State" owner="Browser">
<msg time="2025-07-07T06:26:13.851740" level="INFO">Waited for Element with selector xpath=//*[@id="root"]/header/div/nav/ul/li[4]/a at state visible</msg>
<arg>xpath=//*[@id="root"]/header/div/nav/ul/li[4]/a</arg>
<arg>visible</arg>
<arg>5</arg>
<tag>PageContent</tag>
<tag>Wait</tag>
<doc>Waits for the element found by ``selector`` to satisfy state option.</doc>
<status status="PASS" start="2025-07-07T06:26:13.844061" elapsed="0.008013"/>
</kw>
<status status="PASS" start="2025-07-07T06:26:13.759050" elapsed="0.093410"/>
</kw>
<kw name="Ir para catálogo de filmes" owner="ux">
<kw name="Click" owner="Browser">
<msg time="2025-07-07T06:26:13.855996" level="INFO">Clicks the element 'xpath=//*[@id="root"]/header/div/nav/ul/li[1]/a'.</msg>
<arg>xpath=//*[@id="root"]/header/div/nav/ul/li[1]/a</arg>
<tag>PageContent</tag>
<tag>Setter</tag>
<doc>Simulates mouse click on the element found by ``selector``.</doc>
<status status="PASS" start="2025-07-07T06:26:13.855192" elapsed="0.084073"/>
</kw>
<kw name="Set Variable" owner="BuiltIn">
<msg time="2025-07-07T06:26:13.940231" level="INFO">${element} = xpath=//*[@id="root"]/main/div/h1</msg>
<var>${element}</var>
<arg>xpath=//*[@id="root"]/main/div/h1</arg>
<doc>Returns the given values which can then be assigned to a variables.</doc>
<status status="PASS" start="2025-07-07T06:26:13.939604" elapsed="0.000690"/>
</kw>
<kw name="Wait For Elements State" owner="Browser">
<msg time="2025-07-07T06:26:13.947475" level="INFO">Waited for Element with selector xpath=//*[@id="root"]/main/div/h1 at state visible</msg>
<arg>${element}</arg>
<arg>visible</arg>
<arg>5</arg>
<tag>PageContent</tag>
<tag>Wait</tag>
<doc>Waits for the element found by ``selector`` to satisfy state option.</doc>
<status status="PASS" start="2025-07-07T06:26:13.940664" elapsed="0.007038"/>
</kw>
<kw name="Get Text" owner="Browser">
<msg time="2025-07-07T06:26:13.964671" level="INFO">Text: 'Filmes em Cartaz'</msg>
<arg>${element}</arg>
<arg>equal</arg>
<arg>Filmes em Cartaz</arg>
<tag>Assertion</tag>
<tag>Getter</tag>
<tag>PageContent</tag>
<doc>Returns text attribute of the element found by ``selector``.</doc>
<status status="PASS" start="2025-07-07T06:26:13.947982" elapsed="0.016806"/>
</kw>
<status status="PASS" start="2025-07-07T06:26:13.853776" elapsed="0.111129"/>
</kw>
<kw name="Ir para inicio" owner="ux">
<kw name="Click" owner="Browser">
<msg time="2025-07-07T06:26:13.966224" level="INFO">Clicks the element 'xpath=//*[@id="root"]/header/div/nav/ul/li[2]/a'.</msg>
<arg>xpath=//*[@id="root"]/header/div/nav/ul/li[2]/a</arg>
<tag>PageContent</tag>
<tag>Setter</tag>
<doc>Simulates mouse click on the element found by ``selector``.</doc>
<status status="PASS" start="2025-07-07T06:26:13.965728" elapsed="0.069429"/>
</kw>
<kw name="Set Variable" owner="BuiltIn">
<msg time="2025-07-07T06:26:14.036142" level="INFO">${element} = xpath=//*[@id="root"]/main/div/h1</msg>
<var>${element}</var>
<arg>xpath=//*[@id="root"]/main/div/h1</arg>
<doc>Returns the given values which can then be assigned to a variables.</doc>
<status status="PASS" start="2025-07-07T06:26:14.035518" elapsed="0.000715"/>
</kw>
<kw name="Wait For Elements State" owner="Browser">
<msg time="2025-07-07T06:26:14.044465" level="INFO">Waited for Element with selector xpath=//*[@id="root"]/main/div/h1 at state visible</msg>
<arg>${element}</arg>
<arg>visible</arg>
<arg>5</arg>
<tag>PageContent</tag>
<tag>Wait</tag>
<doc>Waits for the element found by ``selector`` to satisfy state option.</doc>
<status status="PASS" start="2025-07-07T06:26:14.036595" elapsed="0.008048"/>
</kw>
<kw name="Get Text" owner="Browser">
<msg time="2025-07-07T06:26:14.065633" level="INFO">Text: 'Welcome to Cinema App'</msg>
<arg>${element}</arg>
<arg>equal</arg>
<arg>Welcome to Cinema App</arg>
<tag>Assertion</tag>
<tag>Getter</tag>
<tag>PageContent</tag>
<doc>Returns text attribute of the element found by ``selector``.</doc>
<status status="PASS" start="2025-07-07T06:26:14.044877" elapsed="0.020933"/>
</kw>
<status status="PASS" start="2025-07-07T06:26:13.965298" elapsed="0.100686"/>
</kw>
<kw name="Ir para perfil" owner="ux">
<kw name="Click" owner="Browser">
<msg time="2025-07-07T06:26:14.068385" level="INFO">Clicks the element 'xpath=//*[@id="root"]/header/div/nav/ul/li[4]/a'.</msg>
<arg>xpath=//*[@id="root"]/header/div/nav/ul/li[4]/a</arg>
<tag>PageContent</tag>
<tag>Setter</tag>
<doc>Simulates mouse click on the element found by ``selector``.</doc>
<status status="PASS" start="2025-07-07T06:26:14.067345" elapsed="0.096258"/>
</kw>
<kw name="Set Variable" owner="BuiltIn">
<msg time="2025-07-07T06:26:14.164343" level="INFO">${element} = xpath=//*[@id="root"]/main/div/div/div[2]/h1</msg>
<var>${element}</var>
<arg>xpath=//*[@id="root"]/main/div/div/div[2]/h1</arg>
<doc>Returns the given values which can then be assigned to a variables.</doc>
<status status="PASS" start="2025-07-07T06:26:14.163926" elapsed="0.000473"/>
</kw>
<kw name="Wait For Elements State" owner="Browser">
<msg time="2025-07-07T06:26:14.174758" level="INFO">Waited for Element with selector xpath=//*[@id="root"]/main/div/div/div[2]/h1 at state visible</msg>
<arg>${element}</arg>
<arg>visible</arg>
<arg>5</arg>
<tag>PageContent</tag>
<tag>Wait</tag>
<doc>Waits for the element found by ``selector`` to satisfy state option.</doc>
<status status="PASS" start="2025-07-07T06:26:14.164688" elapsed="0.010305"/>
</kw>
<kw name="Get Text" owner="Browser">
<msg time="2025-07-07T06:26:14.196986" level="INFO">Text: 'Meu Perfil'</msg>
<arg>${element}</arg>
<arg>equal</arg>
<arg>Meu Perfil</arg>
<tag>Assertion</tag>
<tag>Getter</tag>
<tag>PageContent</tag>
<doc>Returns text attribute of the element found by ``selector``.</doc>
<status status="PASS" start="2025-07-07T06:26:14.175305" elapsed="0.021837"/>
</kw>
<status status="PASS" start="2025-07-07T06:26:14.066523" elapsed="0.130784"/>
</kw>
<kw name="Take Screenshot" owner="Browser" type="TEARDOWN">
<msg time="2025-07-07T06:26:14.373830" level="INFO" html="true">&lt;/td&gt;&lt;/tr&gt;&lt;tr&gt;&lt;td colspan="3"&gt;&lt;a href="browser/screenshot/robotframework-browser-screenshot-9.png" target="_blank"&gt;&lt;img src="browser/screenshot/robotframework-browser-screenshot-9.png" width="800px"/&gt;&lt;/a&gt;</msg>
<tag>PageContent</tag>
<doc>Takes a screenshot of the current window or element and saves it to disk.</doc>
<status status="PASS" start="2025-07-07T06:26:14.197817" elapsed="0.176193"/>
</kw>
<msg time="2025-07-07T06:26:14.389988" level="INFO">Switching context to context=1b8f56b9-9daf-4504-99fe-8ce62f294cac in CURRENT</msg>
<msg time="2025-07-07T06:26:14.397578" level="INFO">Successfully changed active context: context=1b8f56b9-9daf-4504-99fe-8ce62f294cac</msg>
<msg time="2025-07-07T06:26:14.459405" level="INFO">Successfully closed Context</msg>
<status status="PASS" start="2025-07-07T06:26:12.592739" elapsed="1.781558"/>
</test>
<status status="PASS" start="2025-07-07T06:26:12.575694" elapsed="1.899115"/>
</suite>
<status status="PASS" start="2025-07-07T06:25:45.721810" elapsed="28.759430"/>
</suite>
<statistics>
<total>
<stat pass="9" fail="0" skip="0">All Tests</stat>
</total>
<tag>
</tag>
<suite>
<stat name="Tests" id="s1" pass="9" fail="0" skip="0">Tests</stat>
<stat name="Auth" id="s1-s1" pass="2" fail="0" skip="0">Tests.Auth</stat>
<stat name="Movies" id="s1-s2" pass="2" fail="0" skip="0">Tests.Movies</stat>
<stat name="Reservations" id="s1-s3" pass="4" fail="0" skip="0">Tests.Reservations</stat>
<stat name="Ux" id="s1-s4" pass="1" fail="0" skip="0">Tests.Ux</stat>
</suite>
</statistics>
<errors>
</errors>
</robot>
