<?xml version="1.0" encoding="UTF-8"?>
<robot generator="Robot 7.2.2 (Python 3.13.3 on win32)" generated="2025-07-07T06:01:21.979217" rpa="false" schemaversion="5">
<suite id="s1" name="Tests" source="C:\Users\accro\Documents\compass\ChallengeFinal\challenge-final-compass\api\tests">
<suite id="s1-s1" name="Tests Auth" source="C:\Users\accro\Documents\compass\ChallengeFinal\challenge-final-compass\api\tests\tests_auth.robot">
<kw name="Criar sessão na API" owner="geral_keywords" type="SETUP">
<kw name="Create Session" owner="RequestsLibrary">
<msg time="2025-07-07T06:01:22.892318" level="INFO">Creating Session using : alias=cinema, url=http://localhost:3002/api/v1, headers={},                     cookies={}, auth=None, timeout=None, proxies=None, verify=False,                     debug=0 </msg>
<arg>cinema</arg>
<arg>${URL_BASE}</arg>
<doc>Create Session: create a HTTP session to a server</doc>
<status status="PASS" start="2025-07-07T06:01:22.892128" elapsed="0.000412"/>
</kw>
<status status="PASS" start="2025-07-07T06:01:22.891381" elapsed="0.001249"/>
</kw>
<test id="s1-s1-t1" name="CT01: POST Login com dados válidos" line="7">
<kw name="POST Endpoint /auth/login" owner="auth_keywords">
<kw name="Create Dictionary" owner="BuiltIn">
<msg time="2025-07-07T06:01:22.893789" level="INFO">${body} = {'email': 'user@example.com', 'password': 'password123'}</msg>
<var>${body}</var>
<arg>email=${email}</arg>
<arg>password=${password}</arg>
<doc>Creates and returns a dictionary based on the given ``items``.</doc>
<status status="PASS" start="2025-07-07T06:01:22.893493" elapsed="0.000327"/>
</kw>
<kw name="POST On Session" owner="RequestsLibrary">
<msg time="2025-07-07T06:01:23.119233" level="INFO">POST Request : url=http://localhost:3002/api/v1/auth/login 
 path_url=/api/v1/auth/login 
 headers={'User-Agent': 'python-requests/2.32.3', 'Accept-Encoding': 'gzip, deflate', 'Accept': '*/*', 'Connection': 'keep-alive', 'Content-Length': '56', 'Content-Type': 'application/json'} 
 body=b'{"email": "user@example.com", "password": "password123"}' 
 </msg>
<msg time="2025-07-07T06:01:23.119394" level="INFO">POST Response : url=http://localhost:3002/api/v1/auth/login 
 status=200, reason=OK 
 headers={'Vary': 'Origin', 'x-powered-by': 'Express', 'access-control-allow-origin': '*', 'content-type': 'application/json; charset=utf-8', 'content-length': '303', 'etag': 'W/"12f-CDU0KXfKU7J/l1wQzij92mLgaKY"', 'date': 'Mon, 07 Jul 2025 09:01:23 GMT', 'connection': 'close'} 
 body={"success":true,"data":{"_id":"686b88ea933601846f2239c3","name":"Regular User","email":"user@example.com","role":"user","token":"eyJhbGciOiJIUzI1NiIsInR5cCI6IkpXVCJ9.eyJpZCI6IjY4NmI4OGVhOTMzNjAxODQ2ZjIyMzljMyIsImlhdCI6MTc1MTg3ODg4MywiZXhwIjoxNzUxOTY1MjgzfQ.hXJpkkW9m_Wtpkws-Pk_1YIgQYlyjyEpdupT88FGFqs"}} 
 </msg>
<msg time="2025-07-07T06:01:23.119558" level="INFO">${response} = &lt;Response [200]&gt;</msg>
<var>${response}</var>
<arg>cinema</arg>
<arg>/auth/login</arg>
<arg>json=${body}</arg>
<doc>Sends a POST request on a previously created HTTP Session.</doc>
<status status="PASS" start="2025-07-07T06:01:22.893934" elapsed="0.225662"/>
</kw>
<kw name="Set Test Variable" owner="BuiltIn">
<msg time="2025-07-07T06:01:23.120051" level="INFO">${response} = &lt;Response [200]&gt;</msg>
<arg>${response}</arg>
<doc>Makes a variable available everywhere within the scope of the current test.</doc>
<status status="PASS" start="2025-07-07T06:01:23.119809" elapsed="0.000323"/>
</kw>
<arg>${EMAIL_USER}</arg>
<arg>${SENHA}</arg>
<status status="PASS" start="2025-07-07T06:01:22.893191" elapsed="0.227027"/>
</kw>
<kw name="Validar se foi gerado um token de autenticação" owner="auth_keywords">
<kw name="Get From Dictionary" owner="Collections">
<msg time="2025-07-07T06:01:23.121713" level="INFO">${data} = {'_id': '686b88ea933601846f2239c3', 'name': 'Regular User', 'email': 'user@example.com', 'role': 'user', 'token': 'eyJhbGciOiJIUzI1NiIsInR5cCI6IkpXVCJ9.eyJpZCI6IjY4NmI4OGVhOTMzNjAxODQ2ZjIyMzljMyIsImlh...</msg>
<var>${data}</var>
<arg>${response.json()}</arg>
<arg>data</arg>
<doc>Returns a value from the given ``dictionary`` based on the given ``key``.</doc>
<status status="PASS" start="2025-07-07T06:01:23.120990" elapsed="0.000765"/>
</kw>
<kw name="Should Not Be Empty" owner="BuiltIn">
<msg time="2025-07-07T06:01:23.122781" level="INFO">Length is 171.</msg>
<arg>${data["token"]}</arg>
<arg>Token de autenticação não foi gerado</arg>
<doc>Verifies that the given item is not empty.</doc>
<status status="PASS" start="2025-07-07T06:01:23.121909" elapsed="0.000929"/>
</kw>
<kw name="Set Test Variable" owner="BuiltIn">
<msg time="2025-07-07T06:01:23.123163" level="INFO">${data} = {'_id': '686b88ea933601846f2239c3', 'name': 'Regular User', 'email': 'user@example.com', 'role': 'user', 'token': 'eyJhbGciOiJIUzI1NiIsInR5cCI6IkpXVCJ9.eyJpZCI6IjY4NmI4OGVhOTMzNjAxODQ2ZjIyMzljMyIsImlh...</msg>
<arg>${data}</arg>
<doc>Makes a variable available everywhere within the scope of the current test.</doc>
<status status="PASS" start="2025-07-07T06:01:23.122979" elapsed="0.000234"/>
</kw>
<status status="PASS" start="2025-07-07T06:01:23.120633" elapsed="0.002646"/>
</kw>
<kw name="Guardar token gerado" owner="auth_keywords">
<kw name="Get From Dictionary" owner="Collections">
<msg time="2025-07-07T06:01:23.124212" level="INFO">${token} = eyJhbGciOiJIUzI1NiIsInR5cCI6IkpXVCJ9.eyJpZCI6IjY4NmI4OGVhOTMzNjAxODQ2ZjIyMzljMyIsImlhdCI6MTc1MTg3ODg4MywiZXhwIjoxNzUxOTY1MjgzfQ.hXJpkkW9m_Wtpkws-Pk_1YIgQYlyjyEpdupT88FGFqs</msg>
<var>${token}</var>
<arg>${data}</arg>
<arg>token</arg>
<doc>Returns a value from the given ``dictionary`` based on the given ``key``.</doc>
<status status="PASS" start="2025-07-07T06:01:23.124065" elapsed="0.000172"/>
</kw>
<kw name="Set Test Variable" owner="BuiltIn">
<msg time="2025-07-07T06:01:23.124452" level="INFO">${token} = eyJhbGciOiJIUzI1NiIsInR5cCI6IkpXVCJ9.eyJpZCI6IjY4NmI4OGVhOTMzNjAxODQ2ZjIyMzljMyIsImlhdCI6MTc1MTg3ODg4MywiZXhwIjoxNzUxOTY1MjgzfQ.hXJpkkW9m_Wtpkws-Pk_1YIgQYlyjyEpdupT88FGFqs</msg>
<arg>${token}</arg>
<doc>Makes a variable available everywhere within the scope of the current test.</doc>
<status status="PASS" start="2025-07-07T06:01:23.124336" elapsed="0.000149"/>
</kw>
<status status="PASS" start="2025-07-07T06:01:23.123822" elapsed="0.000707"/>
</kw>
<kw name="Validar status code" owner="geral_keywords">
<kw name="Should Be True" owner="BuiltIn">
<arg>${${nome_response}.status_code}==${status_code}</arg>
<arg>O status code deveria ser "${status_code}" e não "${${nome_response}.status_code}"</arg>
<doc>Fails if the given condition is not true.</doc>
<status status="PASS" start="2025-07-07T06:01:23.125080" elapsed="0.001235"/>
</kw>
<arg>200</arg>
<arg>response</arg>
<status status="PASS" start="2025-07-07T06:01:23.124825" elapsed="0.001591"/>
</kw>
<tag>login</tag>
<status status="PASS" start="2025-07-07T06:01:22.892694" elapsed="0.233948"/>
</test>
<test id="s1-s1-t2" name="CT06: GET Verificar dados do perfil" line="14">
<kw name="GET Endpoint /auth/me" owner="auth_keywords">
<kw name="Obter header com token de user" owner="geral_keywords">
<kw name="POST Endpoint /auth/login" owner="auth_keywords">
<kw name="Create Dictionary" owner="BuiltIn">
<msg time="2025-07-07T06:01:23.129961" level="INFO">${body} = {'email': 'user@example.com', 'password': 'password123'}</msg>
<var>${body}</var>
<arg>email=${email}</arg>
<arg>password=${password}</arg>
<doc>Creates and returns a dictionary based on the given ``items``.</doc>
<status status="PASS" start="2025-07-07T06:01:23.129715" elapsed="0.000281"/>
</kw>
<kw name="POST On Session" owner="RequestsLibrary">
<msg time="2025-07-07T06:01:23.313829" level="INFO">POST Request : url=http://localhost:3002/api/v1/auth/login 
 path_url=/api/v1/auth/login 
 headers={'User-Agent': 'python-requests/2.32.3', 'Accept-Encoding': 'gzip, deflate', 'Accept': '*/*', 'Connection': 'keep-alive', 'Content-Length': '56', 'Content-Type': 'application/json'} 
 body=b'{"email": "user@example.com", "password": "password123"}' 
 </msg>
<msg time="2025-07-07T06:01:23.313944" level="INFO">POST Response : url=http://localhost:3002/api/v1/auth/login 
 status=200, reason=OK 
 headers={'Vary': 'Origin', 'x-powered-by': 'Express', 'access-control-allow-origin': '*', 'content-type': 'application/json; charset=utf-8', 'content-length': '303', 'etag': 'W/"12f-CDU0KXfKU7J/l1wQzij92mLgaKY"', 'date': 'Mon, 07 Jul 2025 09:01:23 GMT', 'connection': 'close'} 
 body={"success":true,"data":{"_id":"686b88ea933601846f2239c3","name":"Regular User","email":"user@example.com","role":"user","token":"eyJhbGciOiJIUzI1NiIsInR5cCI6IkpXVCJ9.eyJpZCI6IjY4NmI4OGVhOTMzNjAxODQ2ZjIyMzljMyIsImlhdCI6MTc1MTg3ODg4MywiZXhwIjoxNzUxOTY1MjgzfQ.hXJpkkW9m_Wtpkws-Pk_1YIgQYlyjyEpdupT88FGFqs"}} 
 </msg>
<msg time="2025-07-07T06:01:23.314316" level="INFO">${response} = &lt;Response [200]&gt;</msg>
<var>${response}</var>
<arg>cinema</arg>
<arg>/auth/login</arg>
<arg>json=${body}</arg>
<doc>Sends a POST request on a previously created HTTP Session.</doc>
<status status="PASS" start="2025-07-07T06:01:23.130105" elapsed="0.184253"/>
</kw>
<kw name="Set Test Variable" owner="BuiltIn">
<msg time="2025-07-07T06:01:23.314848" level="INFO">${response} = &lt;Response [200]&gt;</msg>
<arg>${response}</arg>
<doc>Makes a variable available everywhere within the scope of the current test.</doc>
<status status="PASS" start="2025-07-07T06:01:23.314589" elapsed="0.000319"/>
</kw>
<arg>${EMAIL_USER}</arg>
<arg>${SENHA}</arg>
<status status="PASS" start="2025-07-07T06:01:23.129180" elapsed="0.185810"/>
</kw>
<kw name="Validar se foi gerado um token de autenticação" owner="auth_keywords">
<kw name="Get From Dictionary" owner="Collections">
<msg time="2025-07-07T06:01:23.316029" level="INFO">${data} = {'_id': '686b88ea933601846f2239c3', 'name': 'Regular User', 'email': 'user@example.com', 'role': 'user', 'token': 'eyJhbGciOiJIUzI1NiIsInR5cCI6IkpXVCJ9.eyJpZCI6IjY4NmI4OGVhOTMzNjAxODQ2ZjIyMzljMyIsImlh...</msg>
<var>${data}</var>
<arg>${response.json()}</arg>
<arg>data</arg>
<doc>Returns a value from the given ``dictionary`` based on the given ``key``.</doc>
<status status="PASS" start="2025-07-07T06:01:23.315495" elapsed="0.000571"/>
</kw>
<kw name="Should Not Be Empty" owner="BuiltIn">
<msg time="2025-07-07T06:01:23.316636" level="INFO">Length is 171.</msg>
<arg>${data["token"]}</arg>
<arg>Token de autenticação não foi gerado</arg>
<doc>Verifies that the given item is not empty.</doc>
<status status="PASS" start="2025-07-07T06:01:23.316195" elapsed="0.000487"/>
</kw>
<kw name="Set Test Variable" owner="BuiltIn">
<msg time="2025-07-07T06:01:23.316995" level="INFO">${data} = {'_id': '686b88ea933601846f2239c3', 'name': 'Regular User', 'email': 'user@example.com', 'role': 'user', 'token': 'eyJhbGciOiJIUzI1NiIsInR5cCI6IkpXVCJ9.eyJpZCI6IjY4NmI4OGVhOTMzNjAxODQ2ZjIyMzljMyIsImlh...</msg>
<arg>${data}</arg>
<doc>Makes a variable available everywhere within the scope of the current test.</doc>
<status status="PASS" start="2025-07-07T06:01:23.316811" elapsed="0.000228"/>
</kw>
<status status="PASS" start="2025-07-07T06:01:23.315201" elapsed="0.001895"/>
</kw>
<kw name="Guardar token gerado" owner="auth_keywords">
<kw name="Get From Dictionary" owner="Collections">
<msg time="2025-07-07T06:01:23.317587" level="INFO">${token} = eyJhbGciOiJIUzI1NiIsInR5cCI6IkpXVCJ9.eyJpZCI6IjY4NmI4OGVhOTMzNjAxODQ2ZjIyMzljMyIsImlhdCI6MTc1MTg3ODg4MywiZXhwIjoxNzUxOTY1MjgzfQ.hXJpkkW9m_Wtpkws-Pk_1YIgQYlyjyEpdupT88FGFqs</msg>
<var>${token}</var>
<arg>${data}</arg>
<arg>token</arg>
<doc>Returns a value from the given ``dictionary`` based on the given ``key``.</doc>
<status status="PASS" start="2025-07-07T06:01:23.317429" elapsed="0.000190"/>
</kw>
<kw name="Set Test Variable" owner="BuiltIn">
<msg time="2025-07-07T06:01:23.317945" level="INFO">${token} = eyJhbGciOiJIUzI1NiIsInR5cCI6IkpXVCJ9.eyJpZCI6IjY4NmI4OGVhOTMzNjAxODQ2ZjIyMzljMyIsImlhdCI6MTc1MTg3ODg4MywiZXhwIjoxNzUxOTY1MjgzfQ.hXJpkkW9m_Wtpkws-Pk_1YIgQYlyjyEpdupT88FGFqs</msg>
<arg>${token}</arg>
<doc>Makes a variable available everywhere within the scope of the current test.</doc>
<status status="PASS" start="2025-07-07T06:01:23.317762" elapsed="0.000235"/>
</kw>
<status status="PASS" start="2025-07-07T06:01:23.317222" elapsed="0.000846"/>
</kw>
<kw name="Create Dictionary" owner="BuiltIn">
<msg time="2025-07-07T06:01:23.318475" level="INFO">${header} = {'Authorization': 'Bearer eyJhbGciOiJIUzI1NiIsInR5cCI6IkpXVCJ9.eyJpZCI6IjY4NmI4OGVhOTMzNjAxODQ2ZjIyMzljMyIsImlhdCI6MTc1MTg3ODg4MywiZXhwIjoxNzUxOTY1MjgzfQ.hXJpkkW9m_Wtpkws-Pk_1YIgQYlyjyEpdupT88FGFqs'}</msg>
<var>${header}</var>
<arg>Authorization=Bearer ${token}</arg>
<doc>Creates and returns a dictionary based on the given ``items``.</doc>
<status status="PASS" start="2025-07-07T06:01:23.318199" elapsed="0.000312"/>
</kw>
<kw name="Set Test Variable" owner="BuiltIn">
<msg time="2025-07-07T06:01:23.318845" level="INFO">${header} = {'Authorization': 'Bearer eyJhbGciOiJIUzI1NiIsInR5cCI6IkpXVCJ9.eyJpZCI6IjY4NmI4OGVhOTMzNjAxODQ2ZjIyMzljMyIsImlhdCI6MTc1MTg3ODg4MywiZXhwIjoxNzUxOTY1MjgzfQ.hXJpkkW9m_Wtpkws-Pk_1YIgQYlyjyEpdupT88FGFqs'}</msg>
<arg>${header}</arg>
<doc>Makes a variable available everywhere within the scope of the current test.</doc>
<status status="PASS" start="2025-07-07T06:01:23.318654" elapsed="0.000238"/>
</kw>
<status status="PASS" start="2025-07-07T06:01:23.127672" elapsed="0.191282"/>
</kw>
<kw name="GET On Session" owner="RequestsLibrary">
<msg time="2025-07-07T06:01:23.369280" level="INFO">GET Request : url=http://localhost:3002/api/v1/auth/me 
 path_url=/api/v1/auth/me 
 headers={'User-Agent': 'python-requests/2.32.3', 'Accept-Encoding': 'gzip, deflate', 'Accept': '*/*', 'Connection': 'keep-alive', 'Authorization': 'Bearer eyJhbGciOiJIUzI1NiIsInR5cCI6IkpXVCJ9.eyJpZCI6IjY4NmI4OGVhOTMzNjAxODQ2ZjIyMzljMyIsImlhdCI6MTc1MTg3ODg4MywiZXhwIjoxNzUxOTY1MjgzfQ.hXJpkkW9m_Wtpkws-Pk_1YIgQYlyjyEpdupT88FGFqs'} 
 body=None 
 </msg>
<msg time="2025-07-07T06:01:23.369390" level="INFO">GET Response : url=http://localhost:3002/api/v1/auth/me 
 status=200, reason=OK 
 headers={'Vary': 'Origin', 'x-powered-by': 'Express', 'access-control-allow-origin': '*', 'content-type': 'application/json; charset=utf-8', 'content-length': '121', 'etag': 'W/"79-GZtinifuabnkTJxv7E77XY2g8Ds"', 'date': 'Mon, 07 Jul 2025 09:01:23 GMT', 'connection': 'close'} 
 body={"success":true,"data":{"_id":"686b88ea933601846f2239c3","name":"Regular User","email":"user@example.com","role":"user"}} 
 </msg>
<msg time="2025-07-07T06:01:23.369541" level="INFO">${response} = &lt;Response [200]&gt;</msg>
<var>${response}</var>
<arg>cinema</arg>
<arg>/auth/me</arg>
<arg>headers=${header}</arg>
<doc>Sends a GET request on a previously created HTTP Session.</doc>
<status status="PASS" start="2025-07-07T06:01:23.319071" elapsed="0.050504"/>
</kw>
<kw name="Set Test Variable" owner="BuiltIn">
<msg time="2025-07-07T06:01:23.370047" level="INFO">${response} = &lt;Response [200]&gt;</msg>
<arg>${response}</arg>
<doc>Makes a variable available everywhere within the scope of the current test.</doc>
<status status="PASS" start="2025-07-07T06:01:23.369793" elapsed="0.000316"/>
</kw>
<status status="PASS" start="2025-07-07T06:01:23.127415" elapsed="0.242775"/>
</kw>
<kw name="Validar status code" owner="geral_keywords">
<kw name="Should Be True" owner="BuiltIn">
<arg>${${nome_response}.status_code}==${status_code}</arg>
<arg>O status code deveria ser "${status_code}" e não "${${nome_response}.status_code}"</arg>
<doc>Fails if the given condition is not true.</doc>
<status status="PASS" start="2025-07-07T06:01:23.371436" elapsed="0.001625"/>
</kw>
<arg>200</arg>
<arg>response</arg>
<status status="PASS" start="2025-07-07T06:01:23.371008" elapsed="0.002171"/>
</kw>
<kw name="Validar resposta não vazia" owner="geral_keywords">
<kw name="Should Not Be Empty" owner="BuiltIn">
<msg time="2025-07-07T06:01:23.374456" level="INFO">Length is 2.</msg>
<arg>${response.json()}</arg>
<arg>Nenhuma informação foi retornada pela API</arg>
<doc>Verifies that the given item is not empty.</doc>
<status status="PASS" start="2025-07-07T06:01:23.373868" elapsed="0.000648"/>
</kw>
<status status="PASS" start="2025-07-07T06:01:23.373512" elapsed="0.001210"/>
</kw>
<tag>detalhes</tag>
<status status="PASS" start="2025-07-07T06:01:23.127038" elapsed="0.248866"/>
</test>
<test id="s1-s1-t3" name="CT07: POST Cadastrar usuário com dados válidos" line="20">
<kw name="POST Endpoint /auth/register" owner="auth_keywords">
<kw name="Body para cadastro de usuário" owner="auth_keywords">
<kw name="First Name" owner="FakerLibrary">
<msg time="2025-07-07T06:01:23.380323" level="INFO">${primeiro_nome} = Ryan</msg>
<var>${primeiro_nome}</var>
<status status="PASS" start="2025-07-07T06:01:23.379908" elapsed="0.000457"/>
</kw>
<kw name="Last Name" owner="FakerLibrary">
<msg time="2025-07-07T06:01:23.380972" level="INFO">${sobrenome} = Mccall</msg>
<var>${sobrenome}</var>
<status status="PASS" start="2025-07-07T06:01:23.380517" elapsed="0.000491"/>
</kw>
<kw name="Email" owner="FakerLibrary">
<msg time="2025-07-07T06:01:23.382651" level="INFO">${email} = xzimmerman@example.org</msg>
<var>${email}</var>
<status status="PASS" start="2025-07-07T06:01:23.381143" elapsed="0.001589"/>
</kw>
<kw name="Password" owner="FakerLibrary">
<msg time="2025-07-07T06:01:23.383356" level="INFO">${password} = 6DEHft</msg>
<var>${password}</var>
<arg>length=6</arg>
<arg>special_chars=False</arg>
<doc>Generate a random password of the specified ``length``.</doc>
<status status="PASS" start="2025-07-07T06:01:23.382899" elapsed="0.000505"/>
</kw>
<kw name="Create Dictionary" owner="BuiltIn">
<msg time="2025-07-07T06:01:23.384056" level="INFO">${body} = {'name': 'Ryan Mccall', 'email': 'xzimmerman@example.org', 'password': '6DEHft'}</msg>
<var>${body}</var>
<arg>name=${primeiro_nome} ${sobrenome}</arg>
<arg>email=${email}</arg>
<arg>password=${password}</arg>
<doc>Creates and returns a dictionary based on the given ``items``.</doc>
<status status="PASS" start="2025-07-07T06:01:23.383583" elapsed="0.000515"/>
</kw>
<kw name="Set Test Variable" owner="BuiltIn">
<msg time="2025-07-07T06:01:23.384860" level="INFO">${body} = {'name': 'Ryan Mccall', 'email': 'xzimmerman@example.org', 'password': '6DEHft'}</msg>
<arg>${body}</arg>
<doc>Makes a variable available everywhere within the scope of the current test.</doc>
<status status="PASS" start="2025-07-07T06:01:23.384530" elapsed="0.000387"/>
</kw>
<status status="PASS" start="2025-07-07T06:01:23.379608" elapsed="0.005383"/>
</kw>
<kw name="POST On Session" owner="RequestsLibrary">
<msg time="2025-07-07T06:01:23.607013" level="INFO">POST Request : url=http://localhost:3002/api/v1/auth/register 
 path_url=/api/v1/auth/register 
 headers={'User-Agent': 'python-requests/2.32.3', 'Accept-Encoding': 'gzip, deflate', 'Accept': '*/*', 'Connection': 'keep-alive', 'Content-Length': '80', 'Content-Type': 'application/json'} 
 body=b'{"name": "Ryan Mccall", "email": "xzimmerman@example.org", "password": "6DEHft"}' 
 </msg>
<msg time="2025-07-07T06:01:23.607095" level="INFO">POST Response : url=http://localhost:3002/api/v1/auth/register 
 status=201, reason=Created 
 headers={'Vary': 'Origin', 'x-powered-by': 'Express', 'access-control-allow-origin': '*', 'content-type': 'application/json; charset=utf-8', 'content-length': '308', 'etag': 'W/"134-xhPD8k+IrXcv2F9LXyRRKsJ1DWw"', 'date': 'Mon, 07 Jul 2025 09:01:23 GMT', 'connection': 'close'} 
 body={"success":true,"data":{"_id":"686b8ce3e650f129ba99743b","name":"Ryan Mccall","email":"xzimmerman@example.org","role":"user","token":"eyJhbGciOiJIUzI1NiIsInR5cCI6IkpXVCJ9.eyJpZCI6IjY4NmI4Y2UzZTY1MGYxMjliYTk5NzQzYiIsImlhdCI6MTc1MTg3ODg4MywiZXhwIjoxNzUxOTY1MjgzfQ.Ap7hxCy-mC9GFnE-Jk02Fb-IGlHbZCX06yRlCaEoBmE"}} 
 </msg>
<msg time="2025-07-07T06:01:23.607209" level="INFO">${response_users} = &lt;Response [201]&gt;</msg>
<var>${response_users}</var>
<arg>cinema</arg>
<arg>/auth/register</arg>
<arg>json=${body}</arg>
<doc>Sends a POST request on a previously created HTTP Session.</doc>
<status status="PASS" start="2025-07-07T06:01:23.385116" elapsed="0.222116"/>
</kw>
<kw name="Log To Console" owner="BuiltIn">
<arg>Usuário criado: ${body}</arg>
<doc>Logs the given message to the console.</doc>
<status status="PASS" start="2025-07-07T06:01:23.607385" elapsed="0.000398"/>
</kw>
<kw name="Set Test Variable" owner="BuiltIn">
<msg time="2025-07-07T06:01:23.608160" level="INFO">${response_users} = &lt;Response [201]&gt;</msg>
<arg>${response_users}</arg>
<doc>Makes a variable available everywhere within the scope of the current test.</doc>
<status status="PASS" start="2025-07-07T06:01:23.607957" elapsed="0.000243"/>
</kw>
<status status="PASS" start="2025-07-07T06:01:23.379188" elapsed="0.229072"/>
</kw>
<kw name="Validar status code" owner="geral_keywords">
<kw name="Should Be True" owner="BuiltIn">
<arg>${${nome_response}.status_code}==${status_code}</arg>
<arg>O status code deveria ser "${status_code}" e não "${${nome_response}.status_code}"</arg>
<doc>Fails if the given condition is not true.</doc>
<status status="PASS" start="2025-07-07T06:01:23.608883" elapsed="0.000931"/>
</kw>
<arg>201</arg>
<arg>response_users</arg>
<status status="PASS" start="2025-07-07T06:01:23.608605" elapsed="0.001271"/>
</kw>
<tag>cadastro</tag>
<status status="PASS" start="2025-07-07T06:01:23.376310" elapsed="0.233783"/>
</test>
<test id="s1-s1-t4" name="CT08: POST Cadastrar usuário com formato de e-mail inválido" line="25">
<kw name="POST Endpoint /auth/register com email invalido" owner="auth_keywords">
<kw name="Body para cadastro de usuário" owner="auth_keywords">
<kw name="First Name" owner="FakerLibrary">
<msg time="2025-07-07T06:01:23.612340" level="INFO">${primeiro_nome} = Benjamin</msg>
<var>${primeiro_nome}</var>
<status status="PASS" start="2025-07-07T06:01:23.612003" elapsed="0.000380"/>
</kw>
<kw name="Last Name" owner="FakerLibrary">
<msg time="2025-07-07T06:01:23.612929" level="INFO">${sobrenome} = Gray</msg>
<var>${sobrenome}</var>
<status status="PASS" start="2025-07-07T06:01:23.612541" elapsed="0.000426"/>
</kw>
<kw name="Email" owner="FakerLibrary">
<msg time="2025-07-07T06:01:23.613615" level="INFO">${email} = miagreene@example.net</msg>
<var>${email}</var>
<status status="PASS" start="2025-07-07T06:01:23.613124" elapsed="0.000526"/>
</kw>
<kw name="Password" owner="FakerLibrary">
<msg time="2025-07-07T06:01:23.614108" level="INFO">${password} = 95Smxm</msg>
<var>${password}</var>
<arg>length=6</arg>
<arg>special_chars=False</arg>
<doc>Generate a random password of the specified ``length``.</doc>
<status status="PASS" start="2025-07-07T06:01:23.613779" elapsed="0.000362"/>
</kw>
<kw name="Create Dictionary" owner="BuiltIn">
<msg time="2025-07-07T06:01:23.614591" level="INFO">${body} = {'name': 'Benjamin Gray', 'email': 'miagreene@example.net', 'password': '95Smxm'}</msg>
<var>${body}</var>
<arg>name=${primeiro_nome} ${sobrenome}</arg>
<arg>email=${email}</arg>
<arg>password=${password}</arg>
<doc>Creates and returns a dictionary based on the given ``items``.</doc>
<status status="PASS" start="2025-07-07T06:01:23.614297" elapsed="0.000320"/>
</kw>
<kw name="Set Test Variable" owner="BuiltIn">
<msg time="2025-07-07T06:01:23.614914" level="INFO">${body} = {'name': 'Benjamin Gray', 'email': 'miagreene@example.net', 'password': '95Smxm'}</msg>
<arg>${body}</arg>
<doc>Makes a variable available everywhere within the scope of the current test.</doc>
<status status="PASS" start="2025-07-07T06:01:23.614744" elapsed="0.000205"/>
</kw>
<status status="PASS" start="2025-07-07T06:01:23.611714" elapsed="0.003282"/>
</kw>
<kw name="User Name" owner="FakerLibrary">
<msg time="2025-07-07T06:01:23.615377" level="INFO">${nome_email} = jonesjames</msg>
<var>${nome_email}</var>
<status status="PASS" start="2025-07-07T06:01:23.615076" elapsed="0.000324"/>
</kw>
<kw name="Set Variable" owner="BuiltIn">
<msg time="2025-07-07T06:01:23.615618" level="INFO">${email} = jonesjames.com</msg>
<var>${email}</var>
<arg>${nome_email}.com</arg>
<doc>Returns the given values which can then be assigned to a variables.</doc>
<status status="PASS" start="2025-07-07T06:01:23.615493" elapsed="0.000144"/>
</kw>
<kw name="Set To Dictionary" owner="Collections">
<arg>${body}</arg>
<arg>email=${email}</arg>
<doc>Adds the given ``key_value_pairs`` and/or ``items`` to the ``dictionary``.</doc>
<status status="PASS" start="2025-07-07T06:01:23.615783" elapsed="0.000137"/>
</kw>
<kw name="POST On Session" owner="RequestsLibrary">
<msg time="2025-07-07T06:01:23.650122" level="INFO">POST Request : url=http://localhost:3002/api/v1/auth/register 
 path_url=/api/v1/auth/register 
 headers={'User-Agent': 'python-requests/2.32.3', 'Accept-Encoding': 'gzip, deflate', 'Accept': '*/*', 'Connection': 'keep-alive', 'Content-Length': '74', 'Content-Type': 'application/json'} 
 body=b'{"name": "Benjamin Gray", "email": "jonesjames.com", "password": "95Smxm"}' 
 </msg>
<msg time="2025-07-07T06:01:23.650236" level="INFO">POST Response : url=http://localhost:3002/api/v1/auth/register 
 status=400, reason=Bad Request 
 headers={'Vary': 'Origin', 'x-powered-by': 'Express', 'access-control-allow-origin': '*', 'content-type': 'application/json; charset=utf-8', 'content-length': '97', 'etag': 'W/"61-Krv9gnZpw94ZcTkLQB5OMXVuBok"', 'date': 'Mon, 07 Jul 2025 09:01:23 GMT', 'connection': 'close'} 
 body={"success":false,"message":"Validation failed","errors":{"email":"Please provide a valid email"}} 
 </msg>
<msg time="2025-07-07T06:01:23.650389" level="INFO">${response} = &lt;Response [400]&gt;</msg>
<var>${response}</var>
<arg>cinema</arg>
<arg>/auth/register</arg>
<arg>json=${body}</arg>
<arg>expected_status=any</arg>
<doc>Sends a POST request on a previously created HTTP Session.</doc>
<status status="PASS" start="2025-07-07T06:01:23.616010" elapsed="0.034417"/>
</kw>
<kw name="Log To Console" owner="BuiltIn">
<arg>Usuário criado com e-mail inválido: ${body}</arg>
<doc>Logs the given message to the console.</doc>
<status status="PASS" start="2025-07-07T06:01:23.650851" elapsed="0.001108"/>
</kw>
<kw name="Set Test Variable" owner="BuiltIn">
<msg time="2025-07-07T06:01:23.652777" level="INFO">${response} = &lt;Response [400]&gt;</msg>
<arg>${response}</arg>
<doc>Makes a variable available everywhere within the scope of the current test.</doc>
<status status="PASS" start="2025-07-07T06:01:23.652196" elapsed="0.000667"/>
</kw>
<status status="PASS" start="2025-07-07T06:01:23.611358" elapsed="0.041599"/>
</kw>
<kw name="Validar status code" owner="geral_keywords">
<kw name="Should Be True" owner="BuiltIn">
<arg>${${nome_response}.status_code}==${status_code}</arg>
<arg>O status code deveria ser "${status_code}" e não "${${nome_response}.status_code}"</arg>
<doc>Fails if the given condition is not true.</doc>
<status status="PASS" start="2025-07-07T06:01:23.653986" elapsed="0.001295"/>
</kw>
<arg>400</arg>
<arg>response</arg>
<status status="PASS" start="2025-07-07T06:01:23.653495" elapsed="0.001875"/>
</kw>
<tag>cadastro_padrões</tag>
<status status="PASS" start="2025-07-07T06:01:23.610746" elapsed="0.045011"/>
</test>
<test id="s1-s1-t5" name="CT09: POST Cadastrar usuário com formato de senha inválido" line="30">
<kw name="POST Endpoint /auth/register com senha invalida" owner="auth_keywords">
<kw name="Body para cadastro de usuário" owner="auth_keywords">
<kw name="First Name" owner="FakerLibrary">
<msg time="2025-07-07T06:01:23.657956" level="INFO">${primeiro_nome} = Anthony</msg>
<var>${primeiro_nome}</var>
<status status="PASS" start="2025-07-07T06:01:23.657725" elapsed="0.000260"/>
</kw>
<kw name="Last Name" owner="FakerLibrary">
<msg time="2025-07-07T06:01:23.658348" level="INFO">${sobrenome} = Stevens</msg>
<var>${sobrenome}</var>
<status status="PASS" start="2025-07-07T06:01:23.658100" elapsed="0.000273"/>
</kw>
<kw name="Email" owner="FakerLibrary">
<msg time="2025-07-07T06:01:23.658712" level="INFO">${email} = catherine42@example.net</msg>
<var>${email}</var>
<status status="PASS" start="2025-07-07T06:01:23.658465" elapsed="0.000275"/>
</kw>
<kw name="Password" owner="FakerLibrary">
<msg time="2025-07-07T06:01:23.659058" level="INFO">${password} = YG7Im3</msg>
<var>${password}</var>
<arg>length=6</arg>
<arg>special_chars=False</arg>
<doc>Generate a random password of the specified ``length``.</doc>
<status status="PASS" start="2025-07-07T06:01:23.658837" elapsed="0.000243"/>
</kw>
<kw name="Create Dictionary" owner="BuiltIn">
<msg time="2025-07-07T06:01:23.659498" level="INFO">${body} = {'name': 'Anthony Stevens', 'email': 'catherine42@example.net', 'password': 'YG7Im3'}</msg>
<var>${body}</var>
<arg>name=${primeiro_nome} ${sobrenome}</arg>
<arg>email=${email}</arg>
<arg>password=${password}</arg>
<doc>Creates and returns a dictionary based on the given ``items``.</doc>
<status status="PASS" start="2025-07-07T06:01:23.659198" elapsed="0.000326"/>
</kw>
<kw name="Set Test Variable" owner="BuiltIn">
<msg time="2025-07-07T06:01:23.659776" level="INFO">${body} = {'name': 'Anthony Stevens', 'email': 'catherine42@example.net', 'password': 'YG7Im3'}</msg>
<arg>${body}</arg>
<doc>Makes a variable available everywhere within the scope of the current test.</doc>
<status status="PASS" start="2025-07-07T06:01:23.659637" elapsed="0.000174"/>
</kw>
<status status="PASS" start="2025-07-07T06:01:23.657542" elapsed="0.002314"/>
</kw>
<kw name="Evaluate" owner="BuiltIn">
<msg time="2025-07-07T06:01:23.660123" level="INFO">${caracteres} = 4</msg>
<var>${caracteres}</var>
<arg>random.randint(2, 5)</arg>
<arg>random</arg>
<doc>Evaluates the given expression in Python and returns the result.</doc>
<status status="PASS" start="2025-07-07T06:01:23.659936" elapsed="0.000209"/>
</kw>
<kw name="Convert To Integer" owner="BuiltIn">
<msg time="2025-07-07T06:01:23.660453" level="INFO">${caracteres_int} = 4</msg>
<var>${caracteres_int}</var>
<arg>${caracteres}</arg>
<doc>Converts the given item to an integer number.</doc>
<status status="PASS" start="2025-07-07T06:01:23.660258" elapsed="0.000216"/>
</kw>
<kw name="Password" owner="FakerLibrary">
<msg time="2025-07-07T06:01:23.660826" level="INFO">${password} = 3fno</msg>
<var>${password}</var>
<arg>length=${caracteres_int}</arg>
<arg>special_chars=False</arg>
<arg>upper_case=False</arg>
<doc>Generate a random password of the specified ``length``.</doc>
<status status="PASS" start="2025-07-07T06:01:23.660576" elapsed="0.000271"/>
</kw>
<kw name="Set To Dictionary" owner="Collections">
<arg>${body}</arg>
<arg>password=${password}</arg>
<doc>Adds the given ``key_value_pairs`` and/or ``items`` to the ``dictionary``.</doc>
<status status="PASS" start="2025-07-07T06:01:23.660958" elapsed="0.000177"/>
</kw>
<kw name="POST On Session" owner="RequestsLibrary">
<msg time="2025-07-07T06:01:23.688374" level="INFO">POST Request : url=http://localhost:3002/api/v1/auth/register 
 path_url=/api/v1/auth/register 
 headers={'User-Agent': 'python-requests/2.32.3', 'Accept-Encoding': 'gzip, deflate', 'Accept': '*/*', 'Connection': 'keep-alive', 'Content-Length': '83', 'Content-Type': 'application/json'} 
 body=b'{"name": "Anthony Stevens", "email": "catherine42@example.net", "password": "3fno"}' 
 </msg>
<msg time="2025-07-07T06:01:23.688467" level="INFO">POST Response : url=http://localhost:3002/api/v1/auth/register 
 status=400, reason=Bad Request 
 headers={'Vary': 'Origin', 'x-powered-by': 'Express', 'access-control-allow-origin': '*', 'content-type': 'application/json; charset=utf-8', 'content-length': '115', 'etag': 'W/"73-2kjRr4xheMpIIlrrmnuX+9CkBCA"', 'date': 'Mon, 07 Jul 2025 09:01:23 GMT', 'connection': 'close'} 
 body={"success":false,"message":"Validation failed","errors":{"password":"Password must be at least 6 characters long"}} 
 </msg>
<msg time="2025-07-07T06:01:23.688579" level="INFO">${response} = &lt;Response [400]&gt;</msg>
<var>${response}</var>
<arg>cinema</arg>
<arg>/auth/register</arg>
<arg>json=${body}</arg>
<arg>expected_status=any</arg>
<doc>Sends a POST request on a previously created HTTP Session.</doc>
<status status="PASS" start="2025-07-07T06:01:23.661239" elapsed="0.027370"/>
</kw>
<kw name="Log To Console" owner="BuiltIn">
<arg>Usuário criado com senha inválida: ${body}</arg>
<doc>Logs the given message to the console.</doc>
<status status="PASS" start="2025-07-07T06:01:23.688792" elapsed="0.000438"/>
</kw>
<kw name="Set Test Variable" owner="BuiltIn">
<msg time="2025-07-07T06:01:23.689997" level="INFO">${response} = &lt;Response [400]&gt;</msg>
<arg>${response}</arg>
<doc>Makes a variable available everywhere within the scope of the current test.</doc>
<status status="PASS" start="2025-07-07T06:01:23.689755" elapsed="0.000300"/>
</kw>
<status status="PASS" start="2025-07-07T06:01:23.657269" elapsed="0.032863"/>
</kw>
<kw name="Validar status code" owner="geral_keywords">
<kw name="Should Be True" owner="BuiltIn">
<arg>${${nome_response}.status_code}==${status_code}</arg>
<arg>O status code deveria ser "${status_code}" e não "${${nome_response}.status_code}"</arg>
<doc>Fails if the given condition is not true.</doc>
<status status="PASS" start="2025-07-07T06:01:23.690964" elapsed="0.001077"/>
</kw>
<arg>400</arg>
<arg>response</arg>
<status status="PASS" start="2025-07-07T06:01:23.690527" elapsed="0.001585"/>
</kw>
<tag>cadastro_padrões</tag>
<status status="PASS" start="2025-07-07T06:01:23.656655" elapsed="0.035694"/>
</test>
<test id="s1-s1-t6" name="CT10: POST Cadastrar usuário com e-mail já utilizado" line="35">
<kw name="POST Endpoint /auth/register com email já utilizado" owner="auth_keywords">
<kw name="POST Endpoint /auth/register" owner="auth_keywords">
<kw name="Body para cadastro de usuário" owner="auth_keywords">
<kw name="First Name" owner="FakerLibrary">
<msg time="2025-07-07T06:01:23.694577" level="INFO">${primeiro_nome} = Mary</msg>
<var>${primeiro_nome}</var>
<status status="PASS" start="2025-07-07T06:01:23.694316" elapsed="0.000302"/>
</kw>
<kw name="Last Name" owner="FakerLibrary">
<msg time="2025-07-07T06:01:23.695086" level="INFO">${sobrenome} = Craig</msg>
<var>${sobrenome}</var>
<status status="PASS" start="2025-07-07T06:01:23.694758" elapsed="0.000369"/>
</kw>
<kw name="Email" owner="FakerLibrary">
<msg time="2025-07-07T06:01:23.695633" level="INFO">${email} = jacqueline16@example.net</msg>
<var>${email}</var>
<status status="PASS" start="2025-07-07T06:01:23.695263" elapsed="0.000404"/>
</kw>
<kw name="Password" owner="FakerLibrary">
<msg time="2025-07-07T06:01:23.696130" level="INFO">${password} = 1oQvzi</msg>
<var>${password}</var>
<arg>length=6</arg>
<arg>special_chars=False</arg>
<doc>Generate a random password of the specified ``length``.</doc>
<status status="PASS" start="2025-07-07T06:01:23.695808" elapsed="0.000357"/>
</kw>
<kw name="Create Dictionary" owner="BuiltIn">
<msg time="2025-07-07T06:01:23.696707" level="INFO">${body} = {'name': 'Mary Craig', 'email': 'jacqueline16@example.net', 'password': '1oQvzi'}</msg>
<var>${body}</var>
<arg>name=${primeiro_nome} ${sobrenome}</arg>
<arg>email=${email}</arg>
<arg>password=${password}</arg>
<doc>Creates and returns a dictionary based on the given ``items``.</doc>
<status status="PASS" start="2025-07-07T06:01:23.696326" elapsed="0.000411"/>
</kw>
<kw name="Set Test Variable" owner="BuiltIn">
<msg time="2025-07-07T06:01:23.697018" level="INFO">${body} = {'name': 'Mary Craig', 'email': 'jacqueline16@example.net', 'password': '1oQvzi'}</msg>
<arg>${body}</arg>
<doc>Makes a variable available everywhere within the scope of the current test.</doc>
<status status="PASS" start="2025-07-07T06:01:23.696862" elapsed="0.000190"/>
</kw>
<status status="PASS" start="2025-07-07T06:01:23.693995" elapsed="0.003117"/>
</kw>
<kw name="POST On Session" owner="RequestsLibrary">
<msg time="2025-07-07T06:01:23.916000" level="INFO">POST Request : url=http://localhost:3002/api/v1/auth/register 
 path_url=/api/v1/auth/register 
 headers={'User-Agent': 'python-requests/2.32.3', 'Accept-Encoding': 'gzip, deflate', 'Accept': '*/*', 'Connection': 'keep-alive', 'Content-Length': '81', 'Content-Type': 'application/json'} 
 body=b'{"name": "Mary Craig", "email": "jacqueline16@example.net", "password": "1oQvzi"}' 
 </msg>
<msg time="2025-07-07T06:01:23.916094" level="INFO">POST Response : url=http://localhost:3002/api/v1/auth/register 
 status=201, reason=Created 
 headers={'Vary': 'Origin', 'x-powered-by': 'Express', 'access-control-allow-origin': '*', 'content-type': 'application/json; charset=utf-8', 'content-length': '309', 'etag': 'W/"135-kpWtPtU+ZOJVctz2cMvW8+Annik"', 'date': 'Mon, 07 Jul 2025 09:01:23 GMT', 'connection': 'close'} 
 body={"success":true,"data":{"_id":"686b8ce3e650f129ba997442","name":"Mary Craig","email":"jacqueline16@example.net","role":"user","token":"eyJhbGciOiJIUzI1NiIsInR5cCI6IkpXVCJ9.eyJpZCI6IjY4NmI4Y2UzZTY1MGYxMjliYTk5NzQ0MiIsImlhdCI6MTc1MTg3ODg4MywiZXhwIjoxNzUxOTY1MjgzfQ.Btq3Xz7YzkzJRTztvie8FxBAjfiUOhQkwdKdBZbMvuo"}} 
 </msg>
<msg time="2025-07-07T06:01:23.916217" level="INFO">${response_users} = &lt;Response [201]&gt;</msg>
<var>${response_users}</var>
<arg>cinema</arg>
<arg>/auth/register</arg>
<arg>json=${body}</arg>
<doc>Sends a POST request on a previously created HTTP Session.</doc>
<status status="PASS" start="2025-07-07T06:01:23.697215" elapsed="0.219029"/>
</kw>
<kw name="Log To Console" owner="BuiltIn">
<arg>Usuário criado: ${body}</arg>
<doc>Logs the given message to the console.</doc>
<status status="PASS" start="2025-07-07T06:01:23.916420" elapsed="0.000458"/>
</kw>
<kw name="Set Test Variable" owner="BuiltIn">
<msg time="2025-07-07T06:01:23.917377" level="INFO">${response_users} = &lt;Response [201]&gt;</msg>
<arg>${response_users}</arg>
<doc>Makes a variable available everywhere within the scope of the current test.</doc>
<status status="PASS" start="2025-07-07T06:01:23.917114" elapsed="0.000319"/>
</kw>
<status status="PASS" start="2025-07-07T06:01:23.693714" elapsed="0.223797"/>
</kw>
<kw name="Set Variable" owner="BuiltIn">
<msg time="2025-07-07T06:01:23.918323" level="INFO">${email_utilizado} = jacqueline16@example.net</msg>
<var>${email_utilizado}</var>
<arg>${body["email"]}</arg>
<doc>Returns the given values which can then be assigned to a variables.</doc>
<status status="PASS" start="2025-07-07T06:01:23.917643" elapsed="0.000731"/>
</kw>
<kw name="Body para cadastro de usuário" owner="auth_keywords">
<kw name="First Name" owner="FakerLibrary">
<msg time="2025-07-07T06:01:23.919276" level="INFO">${primeiro_nome} = Deborah</msg>
<var>${primeiro_nome}</var>
<status status="PASS" start="2025-07-07T06:01:23.918985" elapsed="0.000321"/>
</kw>
<kw name="Last Name" owner="FakerLibrary">
<msg time="2025-07-07T06:01:23.920306" level="INFO">${sobrenome} = Decker</msg>
<var>${sobrenome}</var>
<status status="PASS" start="2025-07-07T06:01:23.919413" elapsed="0.000933"/>
</kw>
<kw name="Email" owner="FakerLibrary">
<msg time="2025-07-07T06:01:23.920896" level="INFO">${email} = oboyle@example.com</msg>
<var>${email}</var>
<status status="PASS" start="2025-07-07T06:01:23.920492" elapsed="0.000444"/>
</kw>
<kw name="Password" owner="FakerLibrary">
<msg time="2025-07-07T06:01:23.921401" level="INFO">${password} = cuB6Gf</msg>
<var>${password}</var>
<arg>length=6</arg>
<arg>special_chars=False</arg>
<doc>Generate a random password of the specified ``length``.</doc>
<status status="PASS" start="2025-07-07T06:01:23.921083" elapsed="0.000353"/>
</kw>
<kw name="Create Dictionary" owner="BuiltIn">
<msg time="2025-07-07T06:01:23.921969" level="INFO">${body} = {'name': 'Deborah Decker', 'email': 'oboyle@example.com', 'password': 'cuB6Gf'}</msg>
<var>${body}</var>
<arg>name=${primeiro_nome} ${sobrenome}</arg>
<arg>email=${email}</arg>
<arg>password=${password}</arg>
<doc>Creates and returns a dictionary based on the given ``items``.</doc>
<status status="PASS" start="2025-07-07T06:01:23.921597" elapsed="0.000409"/>
</kw>
<kw name="Set Test Variable" owner="BuiltIn">
<msg time="2025-07-07T06:01:23.922381" level="INFO">${body} = {'name': 'Deborah Decker', 'email': 'oboyle@example.com', 'password': 'cuB6Gf'}</msg>
<arg>${body}</arg>
<doc>Makes a variable available everywhere within the scope of the current test.</doc>
<status status="PASS" start="2025-07-07T06:01:23.922172" elapsed="0.000260"/>
</kw>
<status status="PASS" start="2025-07-07T06:01:23.918647" elapsed="0.003969"/>
</kw>
<kw name="Set To Dictionary" owner="Collections">
<arg>${body}</arg>
<arg>email=${email_utilizado}</arg>
<doc>Adds the given ``key_value_pairs`` and/or ``items`` to the ``dictionary``.</doc>
<status status="PASS" start="2025-07-07T06:01:23.922746" elapsed="0.000208"/>
</kw>
<kw name="POST On Session" owner="RequestsLibrary">
<msg time="2025-07-07T06:01:23.954669" level="INFO">POST Request : url=http://localhost:3002/api/v1/auth/register 
 path_url=/api/v1/auth/register 
 headers={'User-Agent': 'python-requests/2.32.3', 'Accept-Encoding': 'gzip, deflate', 'Accept': '*/*', 'Connection': 'keep-alive', 'Content-Length': '85', 'Content-Type': 'application/json'} 
 body=b'{"name": "Deborah Decker", "email": "jacqueline16@example.net", "password": "cuB6Gf"}' 
 </msg>
<msg time="2025-07-07T06:01:23.954754" level="INFO">POST Response : url=http://localhost:3002/api/v1/auth/register 
 status=400, reason=Bad Request 
 headers={'Vary': 'Origin', 'x-powered-by': 'Express', 'access-control-allow-origin': '*', 'content-type': 'application/json; charset=utf-8', 'content-length': '49', 'etag': 'W/"31-WKEMg8zALB1Ko0WjUHi/6RBGHVc"', 'date': 'Mon, 07 Jul 2025 09:01:23 GMT', 'connection': 'close'} 
 body={"success":false,"message":"User already exists"} 
 </msg>
<msg time="2025-07-07T06:01:23.954862" level="INFO">${response} = &lt;Response [400]&gt;</msg>
<var>${response}</var>
<arg>cinema</arg>
<arg>/auth/register</arg>
<arg>json=${body}</arg>
<arg>expected_status=any</arg>
<doc>Sends a POST request on a previously created HTTP Session.</doc>
<status status="PASS" start="2025-07-07T06:01:23.923102" elapsed="0.031783"/>
</kw>
<kw name="Log To Console" owner="BuiltIn">
<arg>Usuário com email já utilizado: ${body}</arg>
<doc>Logs the given message to the console.</doc>
<status status="PASS" start="2025-07-07T06:01:23.955039" elapsed="0.000346"/>
</kw>
<kw name="Set Test Variable" owner="BuiltIn">
<msg time="2025-07-07T06:01:23.955879" level="INFO">${response} = &lt;Response [400]&gt;</msg>
<arg>${response}</arg>
<doc>Makes a variable available everywhere within the scope of the current test.</doc>
<status status="PASS" start="2025-07-07T06:01:23.955600" elapsed="0.000345"/>
</kw>
<status status="PASS" start="2025-07-07T06:01:23.693490" elapsed="0.262532"/>
</kw>
<kw name="Validar status code" owner="geral_keywords">
<kw name="Should Be True" owner="BuiltIn">
<arg>${${nome_response}.status_code}==${status_code}</arg>
<arg>O status code deveria ser "${status_code}" e não "${${nome_response}.status_code}"</arg>
<doc>Fails if the given condition is not true.</doc>
<status status="PASS" start="2025-07-07T06:01:23.956729" elapsed="0.001167"/>
</kw>
<arg>400</arg>
<arg>response</arg>
<status status="PASS" start="2025-07-07T06:01:23.956345" elapsed="0.001620"/>
</kw>
<kw name="Validar mensagem" owner="geral_keywords">
<kw name="Should Be Equal" owner="BuiltIn">
<arg>${response.json()["message"]}</arg>
<arg>${mensagem}</arg>
<arg>A mensagem deveria ser "${mensagem}" e não "${response.json()["message"]}"</arg>
<doc>Fails if the given objects are unequal.</doc>
<status status="PASS" start="2025-07-07T06:01:23.958466" elapsed="0.000781"/>
</kw>
<kw name="Log To Console" owner="BuiltIn">
<arg>${response.json()["message"]}</arg>
<doc>Logs the given message to the console.</doc>
<status status="PASS" start="2025-07-07T06:01:23.959364" elapsed="0.000531"/>
</kw>
<arg>User already exists</arg>
<status status="PASS" start="2025-07-07T06:01:23.958198" elapsed="0.001809"/>
</kw>
<tag>cadastro_duplicado</tag>
<status status="PASS" start="2025-07-07T06:01:23.693043" elapsed="0.267202"/>
</test>
<status status="PASS" start="2025-07-07T06:01:22.006747" elapsed="1.954248"/>
</suite>
<suite id="s1-s2" name="Tests Movies" source="C:\Users\accro\Documents\compass\ChallengeFinal\challenge-final-compass\api\tests\tests_movies.robot">
<kw name="Criar sessão na API" owner="geral_keywords" type="SETUP">
<kw name="Create Session" owner="RequestsLibrary">
<msg time="2025-07-07T06:01:23.968616" level="INFO">Creating Session using : alias=cinema, url=http://localhost:3002/api/v1, headers={},                     cookies={}, auth=None, timeout=None, proxies=None, verify=False,                     debug=0 </msg>
<arg>cinema</arg>
<arg>${URL_BASE}</arg>
<doc>Create Session: create a HTTP session to a server</doc>
<status status="PASS" start="2025-07-07T06:01:23.968397" elapsed="0.000442"/>
</kw>
<status status="PASS" start="2025-07-07T06:01:23.968154" elapsed="0.000790"/>
</kw>
<test id="s1-s2-t1" name="CT15: GET Obter todos os filmes" line="7">
<kw name="GET Endpoint /movies" owner="movies_keywords">
<kw name="GET On Session" owner="RequestsLibrary">
<msg time="2025-07-07T06:01:24.038524" level="INFO">GET Request : url=http://localhost:3002/api/v1/movies 
 path_url=/api/v1/movies 
 headers={'User-Agent': 'python-requests/2.32.3', 'Accept-Encoding': 'gzip, deflate', 'Accept': '*/*', 'Connection': 'keep-alive'} 
 body=None 
 </msg>
<msg time="2025-07-07T06:01:24.038719" level="INFO">GET Response : url=http://localhost:3002/api/v1/movies 
 status=200, reason=OK 
 headers={'Vary': 'Origin', 'x-powered-by': 'Express', 'access-control-allow-origin': '*', 'content-type': 'application/json; charset=utf-8', 'content-length': '3512', 'etag': 'W/"db8-scsGFNoiP8AS8QcugRWPCz13APk"', 'date': 'Mon, 07 Jul 2025 09:01:24 GMT', 'connection': 'close'} 
 body={"success":true,"count":10,"pagination":{"next":{"page":2,"limit":10}},"data":[{"_id":"686b8c10e650f129ba997428","title":"Long author each.","synopsis":"Television tonight subject. Against them government. Mrs us about nation.","director":"Michael Burton","genres":["Comedy","Drama"],"duration":88,"classification":"PG","poster":"https://image.jpg","releaseDate":"2020-08-18T00:00:00.000Z","id":"686b8c10e650f129ba997428"},{"_id":"686b8c0ee650f129ba997413","title":"Market best course.","synopsis":"Physical house believe take student after. Red once take trial.","director":"Terri Smith","genres":["Mystery"],"duration":156,"classification":"PG","poster":"https://image.jpg","releaseDate":"2015-06-15T00:00:00.000Z","id":"686b8c0ee650f129ba997413"},{"_id":"686b88ea933601846f2239c6","customId":"2","title":"The Avengers","synopsis":"Earth's mightiest heroes must come together to save the world.","director":"Joss Whedon","genres":["Action","Adventure"],"duration":143,"classification":"PG-13","poster":"avengers.jpg","releaseDate":"2012-05-04T00:00:00.000Z","id":"686b88ea933601846f2239c6"},{"_id":"686b88ea933601846f2239c5","customId":"1","title":"Inception","synopsis":"A thief who enters the dreams of others to steal their secrets.","director":"Christopher Nolan","genres":["Science Fiction","Action"],"duration":148,"classification":"PG-13","poster":"inception.jpg","releaseDate":"2010-07-16T00:00:00.000Z","id":"686b88ea933601846f2239c5"},{"_id":"686b8c0ce650f129ba997407","title":"Network call lay land.","synopsis":"Near window between item dinner five positive.","director":"Kimberly Valencia","genres":["Fantasy","Family"],"duration":83,"classification":"PG","poster":"https://image.jpg","releaseDate":"2010-01-21T00:00:00.000Z","id":"686b8c0ce650f129ba997407"},{"_id":"686b8c0ee650f129ba997419","title":"Some cause leave.","synopsis":"Role campaign season certainly answer. Message part everybody teach forward Democrat. Attorney beautiful strong ask.","director":"Andrea Howard","genres":["Sci-Fi","Fantasy"],"duration":114,"classification":"PG","poster":"https://image.jpg","releaseDate":"2008-03-05T00:00:00.000Z","id":"686b8c0ee650f129ba997419"},{"_id":"686b8c0de650f129ba99740d","title":"Outside radio practice.","synopsis":"Anyone remember task lead east party one.","director":"William James","genres":["Mystery"],"duration":87,"classification":"PG","poster":"https://image.jpg","releaseDate":"2007-02-10T00:00:00.000Z","id":"686b8c0de650f129ba99740d"},{"_id":"686b8c0be650f129ba9973fd","title":"Idea dark.","synopsis":"Point hold base represent. Court case adult also be development less.","director":"William Koch","genres":["Comedy","Family"],"duration":133,"classification":"PG","poster":"https://image.jpg","releaseDate":"2002-12-16T00:00:00.000Z","id":"686b8c0be650f129ba9973fd"},{"_id":"686b88ea933601846f2239c7","customId":"3","title":"The Shawshank Redemption","synopsis":"Two imprisoned men bond over a number of years.","director":"Frank Darabont","genres":["Drama"],"duration":142,"classification":"R","poster":"shawshank.jpg","releaseDate":"1994-10-14T00:00:00.000Z","id":"686b88ea933601846f2239c7"},{"_id":"686b88ffe650f129ba997373","title":"Listen letter concern.","synopsis":"About partner close or here field which. Simply happen somebody huge maintain fund. Deal stock finally find.","director":"Brenda Silva MD","genres":["Comedy"],"duration":128,"classification":"PG","poster":"https://image.jpg","releaseDate":"1994-06-03T00:00:00.000Z","id":"686b88ffe650f129ba997373"}]} 
 </msg>
<msg time="2025-07-07T06:01:24.039260" level="INFO">${response} = &lt;Response [200]&gt;</msg>
<var>${response}</var>
<arg>cinema</arg>
<arg>/movies</arg>
<doc>Sends a GET request on a previously created HTTP Session.</doc>
<status status="PASS" start="2025-07-07T06:01:23.969800" elapsed="0.069521"/>
</kw>
<kw name="Set Test Variable" owner="BuiltIn">
<msg time="2025-07-07T06:01:24.040013" level="INFO">${response} = &lt;Response [200]&gt;</msg>
<arg>${response}</arg>
<doc>Makes a variable available everywhere within the scope of the current test.</doc>
<status status="PASS" start="2025-07-07T06:01:24.039663" elapsed="0.000430"/>
</kw>
<status status="PASS" start="2025-07-07T06:01:23.969503" elapsed="0.070699"/>
</kw>
<kw name="Validar status code" owner="geral_keywords">
<kw name="Should Be True" owner="BuiltIn">
<arg>${${nome_response}.status_code}==${status_code}</arg>
<arg>O status code deveria ser "${status_code}" e não "${${nome_response}.status_code}"</arg>
<doc>Fails if the given condition is not true.</doc>
<status status="PASS" start="2025-07-07T06:01:24.041430" elapsed="0.001875"/>
</kw>
<arg>200</arg>
<arg>response</arg>
<status status="PASS" start="2025-07-07T06:01:24.040770" elapsed="0.002658"/>
</kw>
<kw name="Validar resposta não vazia" owner="geral_keywords">
<kw name="Should Not Be Empty" owner="BuiltIn">
<msg time="2025-07-07T06:01:24.045332" level="INFO">Length is 4.</msg>
<arg>${response.json()}</arg>
<arg>Nenhuma informação foi retornada pela API</arg>
<doc>Verifies that the given item is not empty.</doc>
<status status="PASS" start="2025-07-07T06:01:24.044340" elapsed="0.001113"/>
</kw>
<status status="PASS" start="2025-07-07T06:01:24.043968" elapsed="0.001624"/>
</kw>
<tag>obter_todos</tag>
<status status="PASS" start="2025-07-07T06:01:23.969013" elapsed="0.077310"/>
</test>
<test id="s1-s2-t2" name="CT16: GET Verificar detalhes do filme" line="13">
<kw name="GET Endpoint /movies/id" owner="movies_keywords">
<kw name="POST Endpoint /movies" owner="movies_keywords">
<kw name="Obter header com token de admin" owner="geral_keywords">
<kw name="POST Endpoint /auth/login" owner="auth_keywords">
<kw name="Create Dictionary" owner="BuiltIn">
<msg time="2025-07-07T06:01:24.049566" level="INFO">${body} = {'email': 'admin@example.com', 'password': 'password123'}</msg>
<var>${body}</var>
<arg>email=${email}</arg>
<arg>password=${password}</arg>
<doc>Creates and returns a dictionary based on the given ``items``.</doc>
<status status="PASS" start="2025-07-07T06:01:24.049243" elapsed="0.000367"/>
</kw>
<kw name="POST On Session" owner="RequestsLibrary">
<msg time="2025-07-07T06:01:24.250569" level="INFO">POST Request : url=http://localhost:3002/api/v1/auth/login 
 path_url=/api/v1/auth/login 
 headers={'User-Agent': 'python-requests/2.32.3', 'Accept-Encoding': 'gzip, deflate', 'Accept': '*/*', 'Connection': 'keep-alive', 'Content-Length': '57', 'Content-Type': 'application/json'} 
 body=b'{"email": "admin@example.com", "password": "password123"}' 
 </msg>
<msg time="2025-07-07T06:01:24.250676" level="INFO">POST Response : url=http://localhost:3002/api/v1/auth/login 
 status=200, reason=OK 
 headers={'Vary': 'Origin', 'x-powered-by': 'Express', 'access-control-allow-origin': '*', 'content-type': 'application/json; charset=utf-8', 'content-length': '303', 'etag': 'W/"12f-f/P9RDoZhvINQkBwQbMYyjmNtEg"', 'date': 'Mon, 07 Jul 2025 09:01:24 GMT', 'connection': 'close'} 
 body={"success":true,"data":{"_id":"686b88ea933601846f2239c2","name":"Admin User","email":"admin@example.com","role":"admin","token":"eyJhbGciOiJIUzI1NiIsInR5cCI6IkpXVCJ9.eyJpZCI6IjY4NmI4OGVhOTMzNjAxODQ2ZjIyMzljMiIsImlhdCI6MTc1MTg3ODg4NCwiZXhwIjoxNzUxOTY1Mjg0fQ.YprcFxgkMum08AvtLFqolTFnSU06C_pJR6cSPngUJno"}} 
 </msg>
<msg time="2025-07-07T06:01:24.250821" level="INFO">${response} = &lt;Response [200]&gt;</msg>
<var>${response}</var>
<arg>cinema</arg>
<arg>/auth/login</arg>
<arg>json=${body}</arg>
<doc>Sends a POST request on a previously created HTTP Session.</doc>
<status status="PASS" start="2025-07-07T06:01:24.049768" elapsed="0.201089"/>
</kw>
<kw name="Set Test Variable" owner="BuiltIn">
<msg time="2025-07-07T06:01:24.251361" level="INFO">${response} = &lt;Response [200]&gt;</msg>
<arg>${response}</arg>
<doc>Makes a variable available everywhere within the scope of the current test.</doc>
<status status="PASS" start="2025-07-07T06:01:24.251077" elapsed="0.000341"/>
</kw>
<arg>${EMAIL_ADMIN}</arg>
<arg>${SENHA}</arg>
<status status="PASS" start="2025-07-07T06:01:24.048899" elapsed="0.202597"/>
</kw>
<kw name="Validar se foi gerado um token de autenticação" owner="auth_keywords">
<kw name="Get From Dictionary" owner="Collections">
<msg time="2025-07-07T06:01:24.252494" level="INFO">${data} = {'_id': '686b88ea933601846f2239c2', 'name': 'Admin User', 'email': 'admin@example.com', 'role': 'admin', 'token': 'eyJhbGciOiJIUzI1NiIsInR5cCI6IkpXVCJ9.eyJpZCI6IjY4NmI4OGVhOTMzNjAxODQ2ZjIyMzljMiIsImlh...</msg>
<var>${data}</var>
<arg>${response.json()}</arg>
<arg>data</arg>
<doc>Returns a value from the given ``dictionary`` based on the given ``key``.</doc>
<status status="PASS" start="2025-07-07T06:01:24.252018" elapsed="0.000504"/>
</kw>
<kw name="Should Not Be Empty" owner="BuiltIn">
<msg time="2025-07-07T06:01:24.252984" level="INFO">Length is 171.</msg>
<arg>${data["token"]}</arg>
<arg>Token de autenticação não foi gerado</arg>
<doc>Verifies that the given item is not empty.</doc>
<status status="PASS" start="2025-07-07T06:01:24.252627" elapsed="0.000396"/>
</kw>
<kw name="Set Test Variable" owner="BuiltIn">
<msg time="2025-07-07T06:01:24.253264" level="INFO">${data} = {'_id': '686b88ea933601846f2239c2', 'name': 'Admin User', 'email': 'admin@example.com', 'role': 'admin', 'token': 'eyJhbGciOiJIUzI1NiIsInR5cCI6IkpXVCJ9.eyJpZCI6IjY4NmI4OGVhOTMzNjAxODQ2ZjIyMzljMiIsImlh...</msg>
<arg>${data}</arg>
<doc>Makes a variable available everywhere within the scope of the current test.</doc>
<status status="PASS" start="2025-07-07T06:01:24.253126" elapsed="0.000183"/>
</kw>
<status status="PASS" start="2025-07-07T06:01:24.251707" elapsed="0.001647"/>
</kw>
<kw name="Guardar token gerado" owner="auth_keywords">
<kw name="Get From Dictionary" owner="Collections">
<msg time="2025-07-07T06:01:24.253773" level="INFO">${token} = eyJhbGciOiJIUzI1NiIsInR5cCI6IkpXVCJ9.eyJpZCI6IjY4NmI4OGVhOTMzNjAxODQ2ZjIyMzljMiIsImlhdCI6MTc1MTg3ODg4NCwiZXhwIjoxNzUxOTY1Mjg0fQ.YprcFxgkMum08AvtLFqolTFnSU06C_pJR6cSPngUJno</msg>
<var>${token}</var>
<arg>${data}</arg>
<arg>token</arg>
<doc>Returns a value from the given ``dictionary`` based on the given ``key``.</doc>
<status status="PASS" start="2025-07-07T06:01:24.253653" elapsed="0.000140"/>
</kw>
<kw name="Set Test Variable" owner="BuiltIn">
<msg time="2025-07-07T06:01:24.254002" level="INFO">${token} = eyJhbGciOiJIUzI1NiIsInR5cCI6IkpXVCJ9.eyJpZCI6IjY4NmI4OGVhOTMzNjAxODQ2ZjIyMzljMiIsImlhdCI6MTc1MTg3ODg4NCwiZXhwIjoxNzUxOTY1Mjg0fQ.YprcFxgkMum08AvtLFqolTFnSU06C_pJR6cSPngUJno</msg>
<arg>${token}</arg>
<doc>Makes a variable available everywhere within the scope of the current test.</doc>
<status status="PASS" start="2025-07-07T06:01:24.253881" elapsed="0.000151"/>
</kw>
<status status="PASS" start="2025-07-07T06:01:24.253466" elapsed="0.000604"/>
</kw>
<kw name="Create Dictionary" owner="BuiltIn">
<msg time="2025-07-07T06:01:24.254308" level="INFO">${header} = {'Authorization': 'Bearer eyJhbGciOiJIUzI1NiIsInR5cCI6IkpXVCJ9.eyJpZCI6IjY4NmI4OGVhOTMzNjAxODQ2ZjIyMzljMiIsImlhdCI6MTc1MTg3ODg4NCwiZXhwIjoxNzUxOTY1Mjg0fQ.YprcFxgkMum08AvtLFqolTFnSU06C_pJR6cSPngUJno'}</msg>
<var>${header}</var>
<arg>Authorization=Bearer ${token}</arg>
<doc>Creates and returns a dictionary based on the given ``items``.</doc>
<status status="PASS" start="2025-07-07T06:01:24.254143" elapsed="0.000185"/>
</kw>
<kw name="Set Test Variable" owner="BuiltIn">
<msg time="2025-07-07T06:01:24.254530" level="INFO">${header} = {'Authorization': 'Bearer eyJhbGciOiJIUzI1NiIsInR5cCI6IkpXVCJ9.eyJpZCI6IjY4NmI4OGVhOTMzNjAxODQ2ZjIyMzljMiIsImlhdCI6MTc1MTg3ODg4NCwiZXhwIjoxNzUxOTY1Mjg0fQ.YprcFxgkMum08AvtLFqolTFnSU06C_pJR6cSPngUJno'}</msg>
<arg>${header}</arg>
<doc>Makes a variable available everywhere within the scope of the current test.</doc>
<status status="PASS" start="2025-07-07T06:01:24.254412" elapsed="0.000210"/>
</kw>
<status status="PASS" start="2025-07-07T06:01:24.048641" elapsed="0.206023"/>
</kw>
<kw name="Body para cadastro de filme" owner="movies_keywords">
<kw name="Sentence" owner="FakerLibrary">
<msg time="2025-07-07T06:01:24.255202" level="INFO">${titulo} = Sound.</msg>
<var>${titulo}</var>
<arg>nb_words=3</arg>
<doc>Generate a sentence.</doc>
<status status="PASS" start="2025-07-07T06:01:24.254993" elapsed="0.000233"/>
</kw>
<kw name="Paragraph" owner="FakerLibrary">
<msg time="2025-07-07T06:01:24.255524" level="INFO">${sinopse} = Process deep true audience smile treat throughout. Never meet late could lay enter summer. Yeah media move tree according. While run black month.</msg>
<var>${sinopse}</var>
<doc>Generate a paragraph.</doc>
<status status="PASS" start="2025-07-07T06:01:24.255330" elapsed="0.000216"/>
</kw>
<kw name="Name" owner="FakerLibrary">
<msg time="2025-07-07T06:01:24.255901" level="INFO">${diretor} = Maria Munoz</msg>
<var>${diretor}</var>
<doc>:example: 'John Doe'</doc>
<status status="PASS" start="2025-07-07T06:01:24.255627" elapsed="0.000303"/>
</kw>
<kw name="Create List" owner="BuiltIn">
<msg time="2025-07-07T06:01:24.256157" level="INFO">${todos_os_generos} = ['Fantasy', 'Adventure', 'Family', 'Drama', 'Comedy', 'Sci-Fi', 'Action', 'Mystery']</msg>
<var>${todos_os_generos}</var>
<arg>Fantasy</arg>
<arg>Adventure</arg>
<arg>Family</arg>
<arg>Drama</arg>
<arg>Comedy</arg>
<arg>Sci-Fi</arg>
<arg>Action</arg>
<arg>Mystery</arg>
<doc>Returns a list containing given items.</doc>
<status status="PASS" start="2025-07-07T06:01:24.256027" elapsed="0.000158"/>
</kw>
<kw name="Evaluate" owner="BuiltIn">
<msg time="2025-07-07T06:01:24.256738" level="INFO">@{generos} = [ Sci-Fi | Drama ]</msg>
<var>@{generos}</var>
<arg>random.sample(${todos_os_generos}, random.randint(1, 2))</arg>
<arg>modules=random</arg>
<doc>Evaluates the given expression in Python and returns the result.</doc>
<status status="PASS" start="2025-07-07T06:01:24.256330" elapsed="0.000444"/>
</kw>
<kw name="Random Int" owner="FakerLibrary">
<msg time="2025-07-07T06:01:24.257164" level="INFO">${duracao} = 127</msg>
<var>${duracao}</var>
<arg>min=80</arg>
<arg>max=180</arg>
<doc>Generate a random integer between two integers ``min`` and ``max`` inclusive
while observing the provided ``step`` value.</doc>
<status status="PASS" start="2025-07-07T06:01:24.256917" elapsed="0.000277"/>
</kw>
<kw name="Set Variable" owner="BuiltIn">
<msg time="2025-07-07T06:01:24.257480" level="INFO">${classificacao} = PG</msg>
<var>${classificacao}</var>
<arg>PG</arg>
<doc>Returns the given values which can then be assigned to a variables.</doc>
<status status="PASS" start="2025-07-07T06:01:24.257347" elapsed="0.000168"/>
</kw>
<kw name="Set Variable" owner="BuiltIn">
<msg time="2025-07-07T06:01:24.257765" level="INFO">${poster} = https://image.jpg</msg>
<var>${poster}</var>
<arg>https://image.jpg</arg>
<doc>Returns the given values which can then be assigned to a variables.</doc>
<status status="PASS" start="2025-07-07T06:01:24.257648" elapsed="0.000144"/>
</kw>
<kw name="Date" owner="FakerLibrary">
<msg time="2025-07-07T06:01:24.258187" level="INFO">${data_lancamento} = 1996-09-05</msg>
<var>${data_lancamento}</var>
<arg>pattern=%Y-%m-%d</arg>
<doc>Get a date string between January 1, 1970 and now.</doc>
<status status="PASS" start="2025-07-07T06:01:24.257913" elapsed="0.000307"/>
</kw>
<kw name="Create Dictionary" owner="BuiltIn">
<msg time="2025-07-07T06:01:24.258924" level="INFO">${body} = {'title': 'Sound.', 'synopsis': 'Process deep true audience smile treat throughout. Never meet late could lay enter summer. Yeah media move tree according. While run black month.', 'director': 'Maria ...</msg>
<var>${body}</var>
<arg>title=${titulo}</arg>
<arg>synopsis=${sinopse}</arg>
<arg>director=${diretor}</arg>
<arg>genres=${generos}</arg>
<arg>duration=${duracao}</arg>
<arg>classification=${classificacao}</arg>
<arg>poster=${poster}</arg>
<arg>releaseDate=${data_lancamento}</arg>
<doc>Creates and returns a dictionary based on the given ``items``.</doc>
<status status="PASS" start="2025-07-07T06:01:24.258369" elapsed="0.000589"/>
</kw>
<kw name="Set Test Variable" owner="BuiltIn">
<msg time="2025-07-07T06:01:24.259361" level="INFO">${body} = {'title': 'Sound.', 'synopsis': 'Process deep true audience smile treat throughout. Never meet late could lay enter summer. Yeah media move tree according. While run black month.', 'director': 'Maria ...</msg>
<arg>${body}</arg>
<doc>Makes a variable available everywhere within the scope of the current test.</doc>
<status status="PASS" start="2025-07-07T06:01:24.259118" elapsed="0.000291"/>
</kw>
<status status="PASS" start="2025-07-07T06:01:24.254792" elapsed="0.004670"/>
</kw>
<kw name="POST On Session" owner="RequestsLibrary">
<msg time="2025-07-07T06:01:24.314251" level="INFO">POST Request : url=http://localhost:3002/api/v1/movies 
 path_url=/api/v1/movies 
 headers={'User-Agent': 'python-requests/2.32.3', 'Accept-Encoding': 'gzip, deflate', 'Accept': '*/*', 'Connection': 'keep-alive', 'Authorization': 'Bearer eyJhbGciOiJIUzI1NiIsInR5cCI6IkpXVCJ9.eyJpZCI6IjY4NmI4OGVhOTMzNjAxODQ2ZjIyMzljMiIsImlhdCI6MTc1MTg3ODg4NCwiZXhwIjoxNzUxOTY1Mjg0fQ.YprcFxgkMum08AvtLFqolTFnSU06C_pJR6cSPngUJno', 'Content-Length': '339', 'Content-Type': 'application/json'} 
 body=b'{"title": "Sound.", "synopsis": "Process deep true audience smile treat throughout. Never meet late could lay enter summer. Yeah media move tree according. While run black month.", "director": "Maria Munoz", "genres": ["Sci-Fi", "Drama"], "duration": 127, "classification": "PG", "poster": "https://image.jpg", "releaseDate": "1996-09-05"}' 
 </msg>
<msg time="2025-07-07T06:01:24.314373" level="INFO">POST Response : url=http://localhost:3002/api/v1/movies 
 status=201, reason=Created 
 headers={'Vary': 'Origin', 'x-powered-by': 'Express', 'access-control-allow-origin': '*', 'content-type': 'application/json; charset=utf-8', 'content-length': '512', 'etag': 'W/"200-9a6PBXMmr7AFoDKLwe35lYOMpfE"', 'date': 'Mon, 07 Jul 2025 09:01:24 GMT', 'connection': 'close'} 
 body={"success":true,"data":{"title":"Sound.","synopsis":"Process deep true audience smile treat throughout. Never meet late could lay enter summer. Yeah media move tree according. While run black month.","director":"Maria Munoz","genres":["Sci-Fi","Drama"],"duration":127,"classification":"PG","poster":"https://image.jpg","releaseDate":"1996-09-05T00:00:00.000Z","_id":"686b8ce4e650f129ba997449","createdAt":"2025-07-07T09:01:24.287Z","updatedAt":"2025-07-07T09:01:24.287Z","__v":0,"id":"686b8ce4e650f129ba997449"}} 
 </msg>
<msg time="2025-07-07T06:01:24.314528" level="INFO">${response_movies} = &lt;Response [201]&gt;</msg>
<var>${response_movies}</var>
<arg>cinema</arg>
<arg>/movies</arg>
<arg>json=${body}</arg>
<arg>headers=${header}</arg>
<doc>Sends a POST request on a previously created HTTP Session.</doc>
<status status="PASS" start="2025-07-07T06:01:24.259544" elapsed="0.055016"/>
</kw>
<kw name="Log To Console" owner="BuiltIn">
<arg>Filme criado: ${body}</arg>
<doc>Logs the given message to the console.</doc>
<status status="PASS" start="2025-07-07T06:01:24.314790" elapsed="0.000519"/>
</kw>
<kw name="Set Test Variable" owner="BuiltIn">
<msg time="2025-07-07T06:01:24.315736" level="INFO">${response_movies} = &lt;Response [201]&gt;</msg>
<arg>${response_movies}</arg>
<doc>Makes a variable available everywhere within the scope of the current test.</doc>
<status status="PASS" start="2025-07-07T06:01:24.315502" elapsed="0.000292"/>
</kw>
<status status="PASS" start="2025-07-07T06:01:24.048349" elapsed="0.267524"/>
</kw>
<kw name="Obter id" owner="geral_keywords">
<kw name="Get From Dictionary" owner="Collections">
<msg time="2025-07-07T06:01:24.317151" level="INFO">${data} = {'title': 'Sound.', 'synopsis': 'Process deep true audience smile treat throughout. Never meet late could lay enter summer. Yeah media move tree according. While run black month.', 'director': 'Maria ...</msg>
<var>${data}</var>
<arg>${response_${nome_endpoint}.json()}</arg>
<arg>data</arg>
<doc>Returns a value from the given ``dictionary`` based on the given ``key``.</doc>
<status status="PASS" start="2025-07-07T06:01:24.316443" elapsed="0.000824"/>
</kw>
<kw name="Get From Dictionary" owner="Collections">
<msg time="2025-07-07T06:01:24.317664" level="INFO">${id_${nome_endpoint}} = 686b8ce4e650f129ba997449</msg>
<var>${id_${nome_endpoint}}</var>
<arg>${data}</arg>
<arg>_id</arg>
<doc>Returns a value from the given ``dictionary`` based on the given ``key``.</doc>
<status status="PASS" start="2025-07-07T06:01:24.317436" elapsed="0.000259"/>
</kw>
<kw name="Set Test Variable" owner="BuiltIn">
<msg time="2025-07-07T06:01:24.318102" level="INFO">${id_movies} = 686b8ce4e650f129ba997449</msg>
<arg>${id_${nome_endpoint}}</arg>
<doc>Makes a variable available everywhere within the scope of the current test.</doc>
<status status="PASS" start="2025-07-07T06:01:24.317851" elapsed="0.000302"/>
</kw>
<arg>movies</arg>
<status status="PASS" start="2025-07-07T06:01:24.316060" elapsed="0.002168"/>
</kw>
<kw name="GET On Session" owner="RequestsLibrary">
<msg time="2025-07-07T06:01:24.369284" level="INFO">GET Request : url=http://localhost:3002/api/v1/movies/686b8ce4e650f129ba997449 
 path_url=/api/v1/movies/686b8ce4e650f129ba997449 
 headers={'User-Agent': 'python-requests/2.32.3', 'Accept-Encoding': 'gzip, deflate', 'Accept': '*/*', 'Connection': 'keep-alive'} 
 body=None 
 </msg>
<msg time="2025-07-07T06:01:24.369400" level="INFO">GET Response : url=http://localhost:3002/api/v1/movies/686b8ce4e650f129ba997449 
 status=200, reason=OK 
 headers={'Vary': 'Origin', 'x-powered-by': 'Express', 'access-control-allow-origin': '*', 'content-type': 'application/json; charset=utf-8', 'content-length': '526', 'etag': 'W/"20e-1nisftgn+abrJCDZQkLdO4eodfY"', 'date': 'Mon, 07 Jul 2025 09:01:24 GMT', 'connection': 'close'} 
 body={"success":true,"data":{"_id":"686b8ce4e650f129ba997449","title":"Sound.","synopsis":"Process deep true audience smile treat throughout. Never meet late could lay enter summer. Yeah media move tree according. While run black month.","director":"Maria Munoz","genres":["Sci-Fi","Drama"],"duration":127,"classification":"PG","poster":"https://image.jpg","releaseDate":"1996-09-05T00:00:00.000Z","createdAt":"2025-07-07T09:01:24.287Z","updatedAt":"2025-07-07T09:01:24.287Z","__v":0,"sessions":[],"id":"686b8ce4e650f129ba997449"}} 
 </msg>
<msg time="2025-07-07T06:01:24.369550" level="INFO">${response} = &lt;Response [200]&gt;</msg>
<var>${response}</var>
<arg>cinema</arg>
<arg>/movies/${id_movies}</arg>
<doc>Sends a GET request on a previously created HTTP Session.</doc>
<status status="PASS" start="2025-07-07T06:01:24.318357" elapsed="0.051224"/>
</kw>
<kw name="Log To Console" owner="BuiltIn">
<arg>Filme de id ${id_movies}: ${response.content}</arg>
<doc>Logs the given message to the console.</doc>
<status status="PASS" start="2025-07-07T06:01:24.369806" elapsed="0.001079"/>
</kw>
<kw name="Set Test Variable" owner="BuiltIn">
<msg time="2025-07-07T06:01:24.371345" level="INFO">${response} = &lt;Response [200]&gt;</msg>
<arg>${response}</arg>
<doc>Makes a variable available everywhere within the scope of the current test.</doc>
<status status="PASS" start="2025-07-07T06:01:24.371102" elapsed="0.000303"/>
</kw>
<status status="PASS" start="2025-07-07T06:01:24.047960" elapsed="0.323523"/>
</kw>
<kw name="Validar status code" owner="geral_keywords">
<kw name="Should Be True" owner="BuiltIn">
<arg>${${nome_response}.status_code}==${status_code}</arg>
<arg>O status code deveria ser "${status_code}" e não "${${nome_response}.status_code}"</arg>
<doc>Fails if the given condition is not true.</doc>
<status status="PASS" start="2025-07-07T06:01:24.372082" elapsed="0.001099"/>
</kw>
<arg>200</arg>
<arg>response</arg>
<status status="PASS" start="2025-07-07T06:01:24.371768" elapsed="0.001499"/>
</kw>
<kw name="Validar resposta não vazia" owner="geral_keywords">
<kw name="Should Not Be Empty" owner="BuiltIn">
<msg time="2025-07-07T06:01:24.374382" level="INFO">Length is 2.</msg>
<arg>${response.json()}</arg>
<arg>Nenhuma informação foi retornada pela API</arg>
<doc>Verifies that the given item is not empty.</doc>
<status status="PASS" start="2025-07-07T06:01:24.373939" elapsed="0.000497"/>
</kw>
<status status="PASS" start="2025-07-07T06:01:24.373602" elapsed="0.000893"/>
</kw>
<tag>detalhes</tag>
<status status="PASS" start="2025-07-07T06:01:24.047184" elapsed="0.327560"/>
</test>
<test id="s1-s2-t3" name="CT19: POST Cadastrar filme com dados válidos" line="19">
<kw name="POST Endpoint /movies" owner="movies_keywords">
<kw name="Obter header com token de admin" owner="geral_keywords">
<kw name="POST Endpoint /auth/login" owner="auth_keywords">
<kw name="Create Dictionary" owner="BuiltIn">
<msg time="2025-07-07T06:01:24.377273" level="INFO">${body} = {'email': 'admin@example.com', 'password': 'password123'}</msg>
<var>${body}</var>
<arg>email=${email}</arg>
<arg>password=${password}</arg>
<doc>Creates and returns a dictionary based on the given ``items``.</doc>
<status status="PASS" start="2025-07-07T06:01:24.377036" elapsed="0.000273"/>
</kw>
<kw name="POST On Session" owner="RequestsLibrary">
<msg time="2025-07-07T06:01:24.560739" level="INFO">POST Request : url=http://localhost:3002/api/v1/auth/login 
 path_url=/api/v1/auth/login 
 headers={'User-Agent': 'python-requests/2.32.3', 'Accept-Encoding': 'gzip, deflate', 'Accept': '*/*', 'Connection': 'keep-alive', 'Content-Length': '57', 'Content-Type': 'application/json'} 
 body=b'{"email": "admin@example.com", "password": "password123"}' 
 </msg>
<msg time="2025-07-07T06:01:24.560854" level="INFO">POST Response : url=http://localhost:3002/api/v1/auth/login 
 status=200, reason=OK 
 headers={'Vary': 'Origin', 'x-powered-by': 'Express', 'access-control-allow-origin': '*', 'content-type': 'application/json; charset=utf-8', 'content-length': '303', 'etag': 'W/"12f-f/P9RDoZhvINQkBwQbMYyjmNtEg"', 'date': 'Mon, 07 Jul 2025 09:01:24 GMT', 'connection': 'close'} 
 body={"success":true,"data":{"_id":"686b88ea933601846f2239c2","name":"Admin User","email":"admin@example.com","role":"admin","token":"eyJhbGciOiJIUzI1NiIsInR5cCI6IkpXVCJ9.eyJpZCI6IjY4NmI4OGVhOTMzNjAxODQ2ZjIyMzljMiIsImlhdCI6MTc1MTg3ODg4NCwiZXhwIjoxNzUxOTY1Mjg0fQ.YprcFxgkMum08AvtLFqolTFnSU06C_pJR6cSPngUJno"}} 
 </msg>
<msg time="2025-07-07T06:01:24.561016" level="INFO">${response} = &lt;Response [200]&gt;</msg>
<var>${response}</var>
<arg>cinema</arg>
<arg>/auth/login</arg>
<arg>json=${body}</arg>
<doc>Sends a POST request on a previously created HTTP Session.</doc>
<status status="PASS" start="2025-07-07T06:01:24.377429" elapsed="0.183614"/>
</kw>
<kw name="Set Test Variable" owner="BuiltIn">
<msg time="2025-07-07T06:01:24.561665" level="INFO">${response} = &lt;Response [200]&gt;</msg>
<arg>${response}</arg>
<doc>Makes a variable available everywhere within the scope of the current test.</doc>
<status status="PASS" start="2025-07-07T06:01:24.561243" elapsed="0.000497"/>
</kw>
<arg>${EMAIL_ADMIN}</arg>
<arg>${SENHA}</arg>
<status status="PASS" start="2025-07-07T06:01:24.376651" elapsed="0.185187"/>
</kw>
<kw name="Validar se foi gerado um token de autenticação" owner="auth_keywords">
<kw name="Get From Dictionary" owner="Collections">
<msg time="2025-07-07T06:01:24.563068" level="INFO">${data} = {'_id': '686b88ea933601846f2239c2', 'name': 'Admin User', 'email': 'admin@example.com', 'role': 'admin', 'token': 'eyJhbGciOiJIUzI1NiIsInR5cCI6IkpXVCJ9.eyJpZCI6IjY4NmI4OGVhOTMzNjAxODQ2ZjIyMzljMiIsImlh...</msg>
<var>${data}</var>
<arg>${response.json()}</arg>
<arg>data</arg>
<doc>Returns a value from the given ``dictionary`` based on the given ``key``.</doc>
<status status="PASS" start="2025-07-07T06:01:24.562439" elapsed="0.000666"/>
</kw>
<kw name="Should Not Be Empty" owner="BuiltIn">
<msg time="2025-07-07T06:01:24.563779" level="INFO">Length is 171.</msg>
<arg>${data["token"]}</arg>
<arg>Token de autenticação não foi gerado</arg>
<doc>Verifies that the given item is not empty.</doc>
<status status="PASS" start="2025-07-07T06:01:24.563249" elapsed="0.000590"/>
</kw>
<kw name="Set Test Variable" owner="BuiltIn">
<msg time="2025-07-07T06:01:24.564300" level="INFO">${data} = {'_id': '686b88ea933601846f2239c2', 'name': 'Admin User', 'email': 'admin@example.com', 'role': 'admin', 'token': 'eyJhbGciOiJIUzI1NiIsInR5cCI6IkpXVCJ9.eyJpZCI6IjY4NmI4OGVhOTMzNjAxODQ2ZjIyMzljMiIsImlh...</msg>
<arg>${data}</arg>
<doc>Makes a variable available everywhere within the scope of the current test.</doc>
<status status="PASS" start="2025-07-07T06:01:24.564098" elapsed="0.000248"/>
</kw>
<status status="PASS" start="2025-07-07T06:01:24.562090" elapsed="0.002319"/>
</kw>
<kw name="Guardar token gerado" owner="auth_keywords">
<kw name="Get From Dictionary" owner="Collections">
<msg time="2025-07-07T06:01:24.564942" level="INFO">${token} = eyJhbGciOiJIUzI1NiIsInR5cCI6IkpXVCJ9.eyJpZCI6IjY4NmI4OGVhOTMzNjAxODQ2ZjIyMzljMiIsImlhdCI6MTc1MTg3ODg4NCwiZXhwIjoxNzUxOTY1Mjg0fQ.YprcFxgkMum08AvtLFqolTFnSU06C_pJR6cSPngUJno</msg>
<var>${token}</var>
<arg>${data}</arg>
<arg>token</arg>
<doc>Returns a value from the given ``dictionary`` based on the given ``key``.</doc>
<status status="PASS" start="2025-07-07T06:01:24.564795" elapsed="0.000174"/>
</kw>
<kw name="Set Test Variable" owner="BuiltIn">
<msg time="2025-07-07T06:01:24.565217" level="INFO">${token} = eyJhbGciOiJIUzI1NiIsInR5cCI6IkpXVCJ9.eyJpZCI6IjY4NmI4OGVhOTMzNjAxODQ2ZjIyMzljMiIsImlhdCI6MTc1MTg3ODg4NCwiZXhwIjoxNzUxOTY1Mjg0fQ.YprcFxgkMum08AvtLFqolTFnSU06C_pJR6cSPngUJno</msg>
<arg>${token}</arg>
<doc>Makes a variable available everywhere within the scope of the current test.</doc>
<status status="PASS" start="2025-07-07T06:01:24.565076" elapsed="0.000179"/>
</kw>
<status status="PASS" start="2025-07-07T06:01:24.564566" elapsed="0.000756"/>
</kw>
<kw name="Create Dictionary" owner="BuiltIn">
<msg time="2025-07-07T06:01:24.565603" level="INFO">${header} = {'Authorization': 'Bearer eyJhbGciOiJIUzI1NiIsInR5cCI6IkpXVCJ9.eyJpZCI6IjY4NmI4OGVhOTMzNjAxODQ2ZjIyMzljMiIsImlhdCI6MTc1MTg3ODg4NCwiZXhwIjoxNzUxOTY1Mjg0fQ.YprcFxgkMum08AvtLFqolTFnSU06C_pJR6cSPngUJno'}</msg>
<var>${header}</var>
<arg>Authorization=Bearer ${token}</arg>
<doc>Creates and returns a dictionary based on the given ``items``.</doc>
<status status="PASS" start="2025-07-07T06:01:24.565416" elapsed="0.000210"/>
</kw>
<kw name="Set Test Variable" owner="BuiltIn">
<msg time="2025-07-07T06:01:24.565847" level="INFO">${header} = {'Authorization': 'Bearer eyJhbGciOiJIUzI1NiIsInR5cCI6IkpXVCJ9.eyJpZCI6IjY4NmI4OGVhOTMzNjAxODQ2ZjIyMzljMiIsImlhdCI6MTc1MTg3ODg4NCwiZXhwIjoxNzUxOTY1Mjg0fQ.YprcFxgkMum08AvtLFqolTFnSU06C_pJR6cSPngUJno'}</msg>
<arg>${header}</arg>
<doc>Makes a variable available everywhere within the scope of the current test.</doc>
<status status="PASS" start="2025-07-07T06:01:24.565720" elapsed="0.000159"/>
</kw>
<status status="PASS" start="2025-07-07T06:01:24.376280" elapsed="0.189643"/>
</kw>
<kw name="Body para cadastro de filme" owner="movies_keywords">
<kw name="Sentence" owner="FakerLibrary">
<msg time="2025-07-07T06:01:24.566528" level="INFO">${titulo} = Notice cell owner.</msg>
<var>${titulo}</var>
<arg>nb_words=3</arg>
<doc>Generate a sentence.</doc>
<status status="PASS" start="2025-07-07T06:01:24.566279" elapsed="0.000276"/>
</kw>
<kw name="Paragraph" owner="FakerLibrary">
<msg time="2025-07-07T06:01:24.566835" level="INFO">${sinopse} = Society between kind but. Total forget safe success bad test. Generation community hit measure.</msg>
<var>${sinopse}</var>
<doc>Generate a paragraph.</doc>
<status status="PASS" start="2025-07-07T06:01:24.566663" elapsed="0.000196"/>
</kw>
<kw name="Name" owner="FakerLibrary">
<msg time="2025-07-07T06:01:24.567241" level="INFO">${diretor} = Cheryl Mercer</msg>
<var>${diretor}</var>
<doc>:example: 'John Doe'</doc>
<status status="PASS" start="2025-07-07T06:01:24.566948" elapsed="0.000316"/>
</kw>
<kw name="Create List" owner="BuiltIn">
<msg time="2025-07-07T06:01:24.567502" level="INFO">${todos_os_generos} = ['Fantasy', 'Adventure', 'Family', 'Drama', 'Comedy', 'Sci-Fi', 'Action', 'Mystery']</msg>
<var>${todos_os_generos}</var>
<arg>Fantasy</arg>
<arg>Adventure</arg>
<arg>Family</arg>
<arg>Drama</arg>
<arg>Comedy</arg>
<arg>Sci-Fi</arg>
<arg>Action</arg>
<arg>Mystery</arg>
<doc>Returns a list containing given items.</doc>
<status status="PASS" start="2025-07-07T06:01:24.567380" elapsed="0.000142"/>
</kw>
<kw name="Evaluate" owner="BuiltIn">
<msg time="2025-07-07T06:01:24.568036" level="INFO">@{generos} = [ Adventure | Mystery ]</msg>
<var>@{generos}</var>
<arg>random.sample(${todos_os_generos}, random.randint(1, 2))</arg>
<arg>modules=random</arg>
<doc>Evaluates the given expression in Python and returns the result.</doc>
<status status="PASS" start="2025-07-07T06:01:24.567635" elapsed="0.000438"/>
</kw>
<kw name="Random Int" owner="FakerLibrary">
<msg time="2025-07-07T06:01:24.568602" level="INFO">${duracao} = 108</msg>
<var>${duracao}</var>
<arg>min=80</arg>
<arg>max=180</arg>
<doc>Generate a random integer between two integers ``min`` and ``max`` inclusive
while observing the provided ``step`` value.</doc>
<status status="PASS" start="2025-07-07T06:01:24.568201" elapsed="0.000454"/>
</kw>
<kw name="Set Variable" owner="BuiltIn">
<msg time="2025-07-07T06:01:24.569024" level="INFO">${classificacao} = PG</msg>
<var>${classificacao}</var>
<arg>PG</arg>
<doc>Returns the given values which can then be assigned to a variables.</doc>
<status status="PASS" start="2025-07-07T06:01:24.568886" elapsed="0.000166"/>
</kw>
<kw name="Set Variable" owner="BuiltIn">
<msg time="2025-07-07T06:01:24.569306" level="INFO">${poster} = https://image.jpg</msg>
<var>${poster}</var>
<arg>https://image.jpg</arg>
<doc>Returns the given values which can then be assigned to a variables.</doc>
<status status="PASS" start="2025-07-07T06:01:24.569177" elapsed="0.000177"/>
</kw>
<kw name="Date" owner="FakerLibrary">
<msg time="2025-07-07T06:01:24.569758" level="INFO">${data_lancamento} = 2018-06-19</msg>
<var>${data_lancamento}</var>
<arg>pattern=%Y-%m-%d</arg>
<doc>Get a date string between January 1, 1970 and now.</doc>
<status status="PASS" start="2025-07-07T06:01:24.569483" elapsed="0.000298"/>
</kw>
<kw name="Create Dictionary" owner="BuiltIn">
[...]
</kw>
<status status="PASS" start="2025-07-07T06:01:35.162183" elapsed="0.002985"/>
</kw>
<kw name="POST On Session" owner="RequestsLibrary">
<msg time="2025-07-07T06:01:35.221679" level="INFO">POST Request : url=http://localhost:3002/api/v1/theaters 
 path_url=/api/v1/theaters 
 headers={'User-Agent': 'python-requests/2.32.3', 'Accept-Encoding': 'gzip, deflate', 'Accept': '*/*', 'Connection': 'keep-alive', 'Authorization': 'Bearer eyJhbGciOiJIUzI1NiIsInR5cCI6IkpXVCJ9.eyJpZCI6IjY4NmI4OGVhOTMzNjAxODQ2ZjIyMzljMiIsImlhdCI6MTc1MTg3ODg5NSwiZXhwIjoxNzUxOTY1Mjk1fQ.aPnmrRxcoMSXxrQALtnbzM7TXovuNLYJVLB689Hzjvg', 'Content-Length': '72', 'Content-Type': 'application/json'} 
 body=b'{"name": "Theater fast 637002983", "capacity": "80", "type": "standard"}' 
 </msg>
<msg time="2025-07-07T06:01:35.221811" level="INFO">POST Response : url=http://localhost:3002/api/v1/theaters 
 status=201, reason=Created 
 headers={'Vary': 'Origin', 'x-powered-by': 'Express', 'access-control-allow-origin': '*', 'content-type': 'application/json; charset=utf-8', 'content-length': '240', 'etag': 'W/"f0-4fFZVr7OALRzrvoPN7liYFB5oSk"', 'date': 'Mon, 07 Jul 2025 09:01:35 GMT', 'connection': 'close'} 
 body={"success":true,"data":{"name":"Theater fast 637002983","capacity":80,"type":"standard","_id":"686b8cefe650f129ba9974f8","createdAt":"2025-07-07T09:01:35.193Z","updatedAt":"2025-07-07T09:01:35.193Z","__v":0,"id":"686b8cefe650f129ba9974f8"}} 
 </msg>
<msg time="2025-07-07T06:01:35.222096" level="INFO">${response_theaters} = &lt;Response [201]&gt;</msg>
<var>${response_theaters}</var>
<arg>cinema</arg>
<arg>/theaters</arg>
<arg>json=${body}</arg>
<arg>headers=${header}</arg>
<doc>Sends a POST request on a previously created HTTP Session.</doc>
<status status="PASS" start="2025-07-07T06:01:35.165259" elapsed="0.056885"/>
</kw>
<kw name="Set Test Variable" owner="BuiltIn">
<msg time="2025-07-07T06:01:35.222720" level="INFO">${response_theaters} = &lt;Response [201]&gt;</msg>
<arg>${response_theaters}</arg>
<doc>Makes a variable available everywhere within the scope of the current test.</doc>
<status status="PASS" start="2025-07-07T06:01:35.222403" elapsed="0.000388"/>
</kw>
<status status="PASS" start="2025-07-07T06:01:34.926554" elapsed="0.296325"/>
</kw>
<kw name="Obter id" owner="geral_keywords">
<kw name="Get From Dictionary" owner="Collections">
<msg time="2025-07-07T06:01:35.224210" level="INFO">${data} = {'name': 'Theater fast 637002983', 'capacity': 80, 'type': 'standard', '_id': '686b8cefe650f129ba9974f8', 'createdAt': '2025-07-07T09:01:35.193Z', 'updatedAt': '2025-07-07T09:01:35.193Z', '__v': 0, 'i...</msg>
<var>${data}</var>
<arg>${response_${nome_endpoint}.json()}</arg>
<arg>data</arg>
<doc>Returns a value from the given ``dictionary`` based on the given ``key``.</doc>
<status status="PASS" start="2025-07-07T06:01:35.223511" elapsed="0.000737"/>
</kw>
<kw name="Get From Dictionary" owner="Collections">
<msg time="2025-07-07T06:01:35.224648" level="INFO">${id_${nome_endpoint}} = 686b8cefe650f129ba9974f8</msg>
<var>${id_${nome_endpoint}}</var>
<arg>${data}</arg>
<arg>_id</arg>
<doc>Returns a value from the given ``dictionary`` based on the given ``key``.</doc>
<status status="PASS" start="2025-07-07T06:01:35.224411" elapsed="0.000270"/>
</kw>
<kw name="Set Test Variable" owner="BuiltIn">
<msg time="2025-07-07T06:01:35.225068" level="INFO">${id_theaters} = 686b8cefe650f129ba9974f8</msg>
<arg>${id_${nome_endpoint}}</arg>
<doc>Makes a variable available everywhere within the scope of the current test.</doc>
<status status="PASS" start="2025-07-07T06:01:35.224834" elapsed="0.000282"/>
</kw>
<arg>theaters</arg>
<status status="PASS" start="2025-07-07T06:01:35.223090" elapsed="0.002092"/>
</kw>
<kw name="GET On Session" owner="RequestsLibrary">
<msg time="2025-07-07T06:01:35.273534" level="INFO">GET Request : url=http://localhost:3002/api/v1/theaters/686b8cefe650f129ba9974f8 
 path_url=/api/v1/theaters/686b8cefe650f129ba9974f8 
 headers={'User-Agent': 'python-requests/2.32.3', 'Accept-Encoding': 'gzip, deflate', 'Accept': '*/*', 'Connection': 'keep-alive'} 
 body=None 
 </msg>
<msg time="2025-07-07T06:01:35.273702" level="INFO">GET Response : url=http://localhost:3002/api/v1/theaters/686b8cefe650f129ba9974f8 
 status=200, reason=OK 
 headers={'Vary': 'Origin', 'x-powered-by': 'Express', 'access-control-allow-origin': '*', 'content-type': 'application/json; charset=utf-8', 'content-length': '254', 'etag': 'W/"fe-fWyJPKatFMck+1R+54rg+8BpD2U"', 'date': 'Mon, 07 Jul 2025 09:01:35 GMT', 'connection': 'close'} 
 body={"success":true,"data":{"_id":"686b8cefe650f129ba9974f8","name":"Theater fast 637002983","capacity":80,"type":"standard","createdAt":"2025-07-07T09:01:35.193Z","updatedAt":"2025-07-07T09:01:35.193Z","__v":0,"sessions":[],"id":"686b8cefe650f129ba9974f8"}} 
 </msg>
<msg time="2025-07-07T06:01:35.273897" level="INFO">${response} = &lt;Response [200]&gt;</msg>
<var>${response}</var>
<arg>cinema</arg>
<arg>/theaters/${id_theaters}</arg>
<doc>Sends a GET request on a previously created HTTP Session.</doc>
<status status="PASS" start="2025-07-07T06:01:35.225313" elapsed="0.048631"/>
</kw>
<kw name="Log To Console" owner="BuiltIn">
<arg>Cinema de id ${id_theaters}: ${response.content}</arg>
<doc>Logs the given message to the console.</doc>
<status status="PASS" start="2025-07-07T06:01:35.274206" elapsed="0.001095"/>
</kw>
<kw name="Set Test Variable" owner="BuiltIn">
<msg time="2025-07-07T06:01:35.275826" level="INFO">${response} = &lt;Response [200]&gt;</msg>
<arg>${response}</arg>
<doc>Makes a variable available everywhere within the scope of the current test.</doc>
<status status="PASS" start="2025-07-07T06:01:35.275542" elapsed="0.000337"/>
</kw>
<status status="PASS" start="2025-07-07T06:01:34.926334" elapsed="0.349615"/>
</kw>
<kw name="Validar status code" owner="geral_keywords">
<kw name="Should Be True" owner="BuiltIn">
<arg>${${nome_response}.status_code}==${status_code}</arg>
<arg>O status code deveria ser "${status_code}" e não "${${nome_response}.status_code}"</arg>
<doc>Fails if the given condition is not true.</doc>
<status status="PASS" start="2025-07-07T06:01:35.276569" elapsed="0.001951"/>
</kw>
<arg>200</arg>
<arg>response</arg>
<status status="PASS" start="2025-07-07T06:01:35.276220" elapsed="0.002396"/>
</kw>
<kw name="Validar resposta não vazia" owner="geral_keywords">
<kw name="Should Not Be Empty" owner="BuiltIn">
<msg time="2025-07-07T06:01:35.279761" level="INFO">Length is 2.</msg>
<arg>${response.json()}</arg>
<arg>Nenhuma informação foi retornada pela API</arg>
<doc>Verifies that the given item is not empty.</doc>
<status status="PASS" start="2025-07-07T06:01:35.279359" elapsed="0.000446"/>
</kw>
<status status="PASS" start="2025-07-07T06:01:35.279104" elapsed="0.000756"/>
</kw>
<tag>detalhes</tag>
<status status="PASS" start="2025-07-07T06:01:34.925909" elapsed="0.354122"/>
</test>
<test id="s1-s5-t3" name="CT51: POST Cadastrar cinema com dados válidos" line="19">
<kw name="POST Endpoint /theaters" owner="theaters_keywords">
<kw name="Obter header com token de admin" owner="geral_keywords">
<kw name="POST Endpoint /auth/login" owner="auth_keywords">
<kw name="Create Dictionary" owner="BuiltIn">
<msg time="2025-07-07T06:01:35.284006" level="INFO">${body} = {'email': 'admin@example.com', 'password': 'password123'}</msg>
<var>${body}</var>
<arg>email=${email}</arg>
<arg>password=${password}</arg>
<doc>Creates and returns a dictionary based on the given ``items``.</doc>
<status status="PASS" start="2025-07-07T06:01:35.282906" elapsed="0.001151"/>
</kw>
<kw name="POST On Session" owner="RequestsLibrary">
<msg time="2025-07-07T06:01:35.507718" level="INFO">POST Request : url=http://localhost:3002/api/v1/auth/login 
 path_url=/api/v1/auth/login 
 headers={'User-Agent': 'python-requests/2.32.3', 'Accept-Encoding': 'gzip, deflate', 'Accept': '*/*', 'Connection': 'keep-alive', 'Content-Length': '57', 'Content-Type': 'application/json'} 
 body=b'{"email": "admin@example.com", "password": "password123"}' 
 </msg>
<msg time="2025-07-07T06:01:35.507815" level="INFO">POST Response : url=http://localhost:3002/api/v1/auth/login 
 status=200, reason=OK 
 headers={'Vary': 'Origin', 'x-powered-by': 'Express', 'access-control-allow-origin': '*', 'content-type': 'application/json; charset=utf-8', 'content-length': '303', 'etag': 'W/"12f-ArgvhaL4ndC+h2QyJXQm4cTcs+0"', 'date': 'Mon, 07 Jul 2025 09:01:35 GMT', 'connection': 'close'} 
 body={"success":true,"data":{"_id":"686b88ea933601846f2239c2","name":"Admin User","email":"admin@example.com","role":"admin","token":"eyJhbGciOiJIUzI1NiIsInR5cCI6IkpXVCJ9.eyJpZCI6IjY4NmI4OGVhOTMzNjAxODQ2ZjIyMzljMiIsImlhdCI6MTc1MTg3ODg5NSwiZXhwIjoxNzUxOTY1Mjk1fQ.aPnmrRxcoMSXxrQALtnbzM7TXovuNLYJVLB689Hzjvg"}} 
 </msg>
<msg time="2025-07-07T06:01:35.507953" level="INFO">${response} = &lt;Response [200]&gt;</msg>
<var>${response}</var>
<arg>cinema</arg>
<arg>/auth/login</arg>
<arg>json=${body}</arg>
<doc>Sends a POST request on a previously created HTTP Session.</doc>
<status status="PASS" start="2025-07-07T06:01:35.284406" elapsed="0.223575"/>
</kw>
<kw name="Set Test Variable" owner="BuiltIn">
<msg time="2025-07-07T06:01:35.508363" level="INFO">${response} = &lt;Response [200]&gt;</msg>
<arg>${response}</arg>
<doc>Makes a variable available everywhere within the scope of the current test.</doc>
<status status="PASS" start="2025-07-07T06:01:35.508163" elapsed="0.000240"/>
</kw>
<arg>${EMAIL_ADMIN}</arg>
<arg>${SENHA}</arg>
<status status="PASS" start="2025-07-07T06:01:35.281597" elapsed="0.226868"/>
</kw>
<kw name="Validar se foi gerado um token de autenticação" owner="auth_keywords">
<kw name="Get From Dictionary" owner="Collections">
<msg time="2025-07-07T06:01:35.509472" level="INFO">${data} = {'_id': '686b88ea933601846f2239c2', 'name': 'Admin User', 'email': 'admin@example.com', 'role': 'admin', 'token': 'eyJhbGciOiJIUzI1NiIsInR5cCI6IkpXVCJ9.eyJpZCI6IjY4NmI4OGVhOTMzNjAxODQ2ZjIyMzljMiIsImlh...</msg>
<var>${data}</var>
<arg>${response.json()}</arg>
<arg>data</arg>
<doc>Returns a value from the given ``dictionary`` based on the given ``key``.</doc>
<status status="PASS" start="2025-07-07T06:01:35.508975" elapsed="0.000529"/>
</kw>
<kw name="Should Not Be Empty" owner="BuiltIn">
<msg time="2025-07-07T06:01:35.510046" level="INFO">Length is 171.</msg>
<arg>${data["token"]}</arg>
<arg>Token de autenticação não foi gerado</arg>
<doc>Verifies that the given item is not empty.</doc>
<status status="PASS" start="2025-07-07T06:01:35.509627" elapsed="0.000463"/>
</kw>
<kw name="Set Test Variable" owner="BuiltIn">
<msg time="2025-07-07T06:01:35.510372" level="INFO">${data} = {'_id': '686b88ea933601846f2239c2', 'name': 'Admin User', 'email': 'admin@example.com', 'role': 'admin', 'token': 'eyJhbGciOiJIUzI1NiIsInR5cCI6IkpXVCJ9.eyJpZCI6IjY4NmI4OGVhOTMzNjAxODQ2ZjIyMzljMiIsImlh...</msg>
<arg>${data}</arg>
<doc>Makes a variable available everywhere within the scope of the current test.</doc>
<status status="PASS" start="2025-07-07T06:01:35.510210" elapsed="0.000199"/>
</kw>
<status status="PASS" start="2025-07-07T06:01:35.508700" elapsed="0.001760"/>
</kw>
<kw name="Guardar token gerado" owner="auth_keywords">
<kw name="Get From Dictionary" owner="Collections">
<msg time="2025-07-07T06:01:35.511414" level="INFO">${token} = eyJhbGciOiJIUzI1NiIsInR5cCI6IkpXVCJ9.eyJpZCI6IjY4NmI4OGVhOTMzNjAxODQ2ZjIyMzljMiIsImlhdCI6MTc1MTg3ODg5NSwiZXhwIjoxNzUxOTY1Mjk1fQ.aPnmrRxcoMSXxrQALtnbzM7TXovuNLYJVLB689Hzjvg</msg>
<var>${token}</var>
<arg>${data}</arg>
<arg>token</arg>
<doc>Returns a value from the given ``dictionary`` based on the given ``key``.</doc>
<status status="PASS" start="2025-07-07T06:01:35.511161" elapsed="0.000352"/>
</kw>
<kw name="Set Test Variable" owner="BuiltIn">
<msg time="2025-07-07T06:01:35.511923" level="INFO">${token} = eyJhbGciOiJIUzI1NiIsInR5cCI6IkpXVCJ9.eyJpZCI6IjY4NmI4OGVhOTMzNjAxODQ2ZjIyMzljMiIsImlhdCI6MTc1MTg3ODg5NSwiZXhwIjoxNzUxOTY1Mjk1fQ.aPnmrRxcoMSXxrQALtnbzM7TXovuNLYJVLB689Hzjvg</msg>
<arg>${token}</arg>
<doc>Makes a variable available everywhere within the scope of the current test.</doc>
<status status="PASS" start="2025-07-07T06:01:35.511722" elapsed="0.000246"/>
</kw>
<status status="PASS" start="2025-07-07T06:01:35.510585" elapsed="0.001441"/>
</kw>
<kw name="Create Dictionary" owner="BuiltIn">
<msg time="2025-07-07T06:01:35.512347" level="INFO">${header} = {'Authorization': 'Bearer eyJhbGciOiJIUzI1NiIsInR5cCI6IkpXVCJ9.eyJpZCI6IjY4NmI4OGVhOTMzNjAxODQ2ZjIyMzljMiIsImlhdCI6MTc1MTg3ODg5NSwiZXhwIjoxNzUxOTY1Mjk1fQ.aPnmrRxcoMSXxrQALtnbzM7TXovuNLYJVLB689Hzjvg'}</msg>
<var>${header}</var>
<arg>Authorization=Bearer ${token}</arg>
<doc>Creates and returns a dictionary based on the given ``items``.</doc>
<status status="PASS" start="2025-07-07T06:01:35.512134" elapsed="0.000239"/>
</kw>
<kw name="Set Test Variable" owner="BuiltIn">
<msg time="2025-07-07T06:01:35.512632" level="INFO">${header} = {'Authorization': 'Bearer eyJhbGciOiJIUzI1NiIsInR5cCI6IkpXVCJ9.eyJpZCI6IjY4NmI4OGVhOTMzNjAxODQ2ZjIyMzljMiIsImlhdCI6MTc1MTg3ODg5NSwiZXhwIjoxNzUxOTY1Mjk1fQ.aPnmrRxcoMSXxrQALtnbzM7TXovuNLYJVLB689Hzjvg'}</msg>
<arg>${header}</arg>
<doc>Makes a variable available everywhere within the scope of the current test.</doc>
<status status="PASS" start="2025-07-07T06:01:35.512484" elapsed="0.000184"/>
</kw>
<status status="PASS" start="2025-07-07T06:01:35.281292" elapsed="0.231426"/>
</kw>
<kw name="Body para cadastro de cinema" owner="theaters_keywords">
<kw name="Word" owner="FakerLibrary">
<msg time="2025-07-07T06:01:35.513312" level="INFO">${palavra} = rest</msg>
<var>${palavra}</var>
<doc>Generate a word.</doc>
<status status="PASS" start="2025-07-07T06:01:35.513113" elapsed="0.000229"/>
</kw>
<kw name="Random Number" owner="FakerLibrary">
<msg time="2025-07-07T06:01:35.513601" level="INFO">${numero} = 92327</msg>
<var>${numero}</var>
<doc>Generate a random integer according to the following rules:</doc>
<status status="PASS" start="2025-07-07T06:01:35.513456" elapsed="0.000169"/>
</kw>
<kw name="Set Variable" owner="BuiltIn">
<msg time="2025-07-07T06:01:35.513893" level="INFO">${nome_cinema} = Theater rest 92327</msg>
<var>${nome_cinema}</var>
<arg>Theater ${palavra} ${numero}</arg>
<doc>Returns the given values which can then be assigned to a variables.</doc>
<status status="PASS" start="2025-07-07T06:01:35.513729" elapsed="0.000188"/>
</kw>
<kw name="Set Variable" owner="BuiltIn">
<msg time="2025-07-07T06:01:35.514113" level="INFO">${capacidade} = 80</msg>
<var>${capacidade}</var>
<arg>80</arg>
<doc>Returns the given values which can then be assigned to a variables.</doc>
<status status="PASS" start="2025-07-07T06:01:35.514014" elapsed="0.000119"/>
</kw>
<kw name="Random Element" owner="FakerLibrary">
<msg time="2025-07-07T06:01:35.514477" level="INFO">${tipo_cinema} = IMAX</msg>
<var>${tipo_cinema}</var>
<arg>elements=["standard","IMAX","3D"]</arg>
<doc>Generate a randomly sampled object from ``elements``.</doc>
<status status="PASS" start="2025-07-07T06:01:35.514226" elapsed="0.000275"/>
</kw>
<kw name="Create Dictionary" owner="BuiltIn">
<msg time="2025-07-07T06:01:35.514862" level="INFO">${body} = {'name': 'Theater rest 92327', 'capacity': '80', 'type': 'IMAX'}</msg>
<var>${body}</var>
<arg>name=${nome_cinema}</arg>
<arg>capacity=${capacidade}</arg>
<arg>type=${tipo_cinema}</arg>
<doc>Creates and returns a dictionary based on the given ``items``.</doc>
<status status="PASS" start="2025-07-07T06:01:35.514610" elapsed="0.000275"/>
</kw>
<kw name="Set Test Variable" owner="BuiltIn">
<msg time="2025-07-07T06:01:35.515139" level="INFO">${body} = {'name': 'Theater rest 92327', 'capacity': '80', 'type': 'IMAX'}</msg>
<arg>${body}</arg>
<doc>Makes a variable available everywhere within the scope of the current test.</doc>
<status status="PASS" start="2025-07-07T06:01:35.514992" elapsed="0.000186"/>
</kw>
<status status="PASS" start="2025-07-07T06:01:35.512868" elapsed="0.002362"/>
</kw>
<kw name="POST On Session" owner="RequestsLibrary">
<msg time="2025-07-07T06:01:35.571087" level="INFO">POST Request : url=http://localhost:3002/api/v1/theaters 
 path_url=/api/v1/theaters 
 headers={'User-Agent': 'python-requests/2.32.3', 'Accept-Encoding': 'gzip, deflate', 'Accept': '*/*', 'Connection': 'keep-alive', 'Authorization': 'Bearer eyJhbGciOiJIUzI1NiIsInR5cCI6IkpXVCJ9.eyJpZCI6IjY4NmI4OGVhOTMzNjAxODQ2ZjIyMzljMiIsImlhdCI6MTc1MTg3ODg5NSwiZXhwIjoxNzUxOTY1Mjk1fQ.aPnmrRxcoMSXxrQALtnbzM7TXovuNLYJVLB689Hzjvg', 'Content-Length': '64', 'Content-Type': 'application/json'} 
 body=b'{"name": "Theater rest 92327", "capacity": "80", "type": "IMAX"}' 
 </msg>
<msg time="2025-07-07T06:01:35.571234" level="INFO">POST Response : url=http://localhost:3002/api/v1/theaters 
 status=201, reason=Created 
 headers={'Vary': 'Origin', 'x-powered-by': 'Express', 'access-control-allow-origin': '*', 'content-type': 'application/json; charset=utf-8', 'content-length': '232', 'etag': 'W/"e8-1Naym9hB3RQlJFzYz7YICFlYnVw"', 'date': 'Mon, 07 Jul 2025 09:01:35 GMT', 'connection': 'close'} 
 body={"success":true,"data":{"name":"Theater rest 92327","capacity":80,"type":"IMAX","_id":"686b8cefe650f129ba9974fe","createdAt":"2025-07-07T09:01:35.540Z","updatedAt":"2025-07-07T09:01:35.540Z","__v":0,"id":"686b8cefe650f129ba9974fe"}} 
 </msg>
<msg time="2025-07-07T06:01:35.571431" level="INFO">${response_theaters} = &lt;Response [201]&gt;</msg>
<var>${response_theaters}</var>
<arg>cinema</arg>
<arg>/theaters</arg>
<arg>json=${body}</arg>
<arg>headers=${header}</arg>
<doc>Sends a POST request on a previously created HTTP Session.</doc>
<status status="PASS" start="2025-07-07T06:01:35.515339" elapsed="0.056136"/>
</kw>
<kw name="Set Test Variable" owner="BuiltIn">
<msg time="2025-07-07T06:01:35.572171" level="INFO">${response_theaters} = &lt;Response [201]&gt;</msg>
<arg>${response_theaters}</arg>
<doc>Makes a variable available everywhere within the scope of the current test.</doc>
<status status="PASS" start="2025-07-07T06:01:35.571861" elapsed="0.000378"/>
</kw>
<status status="PASS" start="2025-07-07T06:01:35.280893" elapsed="0.291446"/>
</kw>
<kw name="Validar status code" owner="geral_keywords">
<kw name="Should Be True" owner="BuiltIn">
<arg>${${nome_response}.status_code}==${status_code}</arg>
<arg>O status code deveria ser "${status_code}" e não "${${nome_response}.status_code}"</arg>
<doc>Fails if the given condition is not true.</doc>
<status status="PASS" start="2025-07-07T06:01:35.573589" elapsed="0.001649"/>
</kw>
<arg>201</arg>
<arg>response_theaters</arg>
<status status="PASS" start="2025-07-07T06:01:35.573023" elapsed="0.002322"/>
</kw>
<tag>cadastro</tag>
<status status="PASS" start="2025-07-07T06:01:35.280406" elapsed="0.295452"/>
</test>
<status status="PASS" start="2025-07-07T06:01:34.668226" elapsed="0.909048"/>
</suite>
<status status="PASS" start="2025-07-07T06:01:21.980806" elapsed="13.599727"/>
</suite>
<statistics>
<total>
<stat pass="20" fail="0" skip="0">All Tests</stat>
</total>
<tag>
<stat pass="6" fail="0" skip="0">cadastro</stat>
<stat pass="2" fail="0" skip="0">cadastro_duplicado</stat>
<stat pass="2" fail="0" skip="0">cadastro_padrões</stat>
<stat pass="5" fail="0" skip="0">detalhes</stat>
<stat pass="1" fail="0" skip="0">login</stat>
<stat pass="1" fail="0" skip="0">obter_atual</stat>
<stat pass="3" fail="0" skip="0">obter_todos</stat>
</tag>
<suite>
<stat name="Tests" id="s1" pass="20" fail="0" skip="0">Tests</stat>
<stat name="Tests Auth" id="s1-s1" pass="6" fail="0" skip="0">Tests.Tests Auth</stat>
<stat name="Tests Movies" id="s1-s2" pass="3" fail="0" skip="0">Tests.Tests Movies</stat>
<stat name="Tests Reservations" id="s1-s3" pass="5" fail="0" skip="0">Tests.Tests Reservations</stat>
<stat name="Tests Sessions" id="s1-s4" pass="3" fail="0" skip="0">Tests.Tests Sessions</stat>
<stat name="Tests Theaters" id="s1-s5" pass="3" fail="0" skip="0">Tests.Tests Theaters</stat>
</suite>
</statistics>
<errors>
</errors>
</robot>
