<?xml version="1.0" encoding="UTF-8"?>
<robot generator="Robot 7.2.2 (Python 3.13.3 on win32)" generated="2025-07-04T13:55:58.327768" rpa="false" schemaversion="5">
<suite id="s1" name="Tests" source="C:\Users\accro\Documents\compass\ChallengeFinal\challenge-final-compass\api\tests">
<suite id="s1-s1" name="Tests Auth" source="C:\Users\accro\Documents\compass\ChallengeFinal\challenge-final-compass\api\tests\tests_auth.robot">
<kw name="Criar sessão na API" owner="geral_keywords" type="SETUP">
<kw name="Create Session" owner="RequestsLibrary">
<msg time="2025-07-04T13:55:58.839311" level="INFO">Creating Session using : alias=cinema, url=http://localhost:3002/api/v1, headers={},                     cookies={}, auth=None, timeout=None, proxies=None, verify=False,                     debug=0 </msg>
<arg>cinema</arg>
<arg>${URL_BASE}</arg>
<doc>Create Session: create a HTTP session to a server</doc>
<status status="PASS" start="2025-07-04T13:55:58.839170" elapsed="0.000303"/>
</kw>
<status status="PASS" start="2025-07-04T13:55:58.838619" elapsed="0.000923"/>
</kw>
<test id="s1-s1-t1" name="CT01: POST Login com dados válidos" line="7">
<kw name="POST Endpoint /auth/login" owner="auth_keywords">
<kw name="Create Dictionary" owner="BuiltIn">
<msg time="2025-07-04T13:55:58.840417" level="INFO">${body} = {'email': 'user@example.com', 'password': 'password123'}</msg>
<var>${body}</var>
<arg>email=${email}</arg>
<arg>password=${password}</arg>
<doc>Creates and returns a dictionary based on the given ``items``.</doc>
<status status="PASS" start="2025-07-04T13:55:58.840190" elapsed="0.000248"/>
</kw>
<kw name="POST On Session" owner="RequestsLibrary">
<msg time="2025-07-04T13:55:58.935457" level="INFO">POST Request : url=http://localhost:3002/api/v1/auth/login 
 path_url=/api/v1/auth/login 
 headers={'User-Agent': 'python-requests/2.32.3', 'Accept-Encoding': 'gzip, deflate', 'Accept': '*/*', 'Connection': 'keep-alive', 'Content-Length': '56', 'Content-Type': 'application/json'} 
 body=b'{"email": "user@example.com", "password": "password123"}' 
 </msg>
<msg time="2025-07-04T13:55:58.935548" level="INFO">POST Response : url=http://localhost:3002/api/v1/auth/login 
 status=200, reason=OK 
 headers={'Vary': 'Origin', 'x-powered-by': 'Express', 'access-control-allow-origin': '*', 'content-type': 'application/json; charset=utf-8', 'content-length': '303', 'etag': 'W/"12f-88FHaapKhtoJzy2lcQjwIKBIoqg"', 'date': 'Fri, 04 Jul 2025 16:55:58 GMT', 'connection': 'close'} 
 body={"success":true,"data":{"_id":"6867479ed237c19874622a92","name":"Regular User","email":"user@example.com","role":"user","token":"eyJhbGciOiJIUzI1NiIsInR5cCI6IkpXVCJ9.eyJpZCI6IjY4Njc0NzllZDIzN2MxOTg3NDYyMmE5MiIsImlhdCI6MTc1MTY0ODE1OCwiZXhwIjoxNzUxNzM0NTU4fQ.uh6i6xT5yvgm56FQpu6xOufdnO1Fqx0-b0Flnk3F4vQ"}} 
 </msg>
<msg time="2025-07-04T13:55:58.935643" level="INFO">${response} = &lt;Response [200]&gt;</msg>
<var>${response}</var>
<arg>cinema</arg>
<arg>/auth/login</arg>
<arg>json=${body}</arg>
<doc>Sends a POST request on a previously created HTTP Session.</doc>
<status status="PASS" start="2025-07-04T13:55:58.840514" elapsed="0.095148"/>
</kw>
<kw name="Set Test Variable" owner="BuiltIn">
<msg time="2025-07-04T13:55:58.935923" level="INFO">${response} = &lt;Response [200]&gt;</msg>
<arg>${response}</arg>
<doc>Makes a variable available everywhere within the scope of the current test.</doc>
<status status="PASS" start="2025-07-04T13:55:58.935793" elapsed="0.000159"/>
</kw>
<arg>${EMAIL_USER}</arg>
<arg>${SENHA}</arg>
<status status="PASS" start="2025-07-04T13:55:58.839969" elapsed="0.096027"/>
</kw>
<kw name="Validar se foi gerado um token de autenticação" owner="auth_keywords">
<kw name="Get From Dictionary" owner="Collections">
<msg time="2025-07-04T13:55:58.937049" level="INFO">${data} = {'_id': '6867479ed237c19874622a92', 'name': 'Regular User', 'email': 'user@example.com', 'role': 'user', 'token': 'eyJhbGciOiJIUzI1NiIsInR5cCI6IkpXVCJ9.eyJpZCI6IjY4Njc0NzllZDIzN2MxOTg3NDYyMmE5MiIsImlh...</msg>
<var>${data}</var>
<arg>${response.json()}</arg>
<arg>data</arg>
<doc>Returns a value from the given ``dictionary`` based on the given ``key``.</doc>
<status status="PASS" start="2025-07-04T13:55:58.936676" elapsed="0.000395"/>
</kw>
<kw name="Should Not Be Empty" owner="BuiltIn">
<msg time="2025-07-04T13:55:58.937432" level="INFO">Length is 171.</msg>
<arg>${data["token"]}</arg>
<arg>Token de autenticação não foi gerado</arg>
<doc>Verifies that the given item is not empty.</doc>
<status status="PASS" start="2025-07-04T13:55:58.937150" elapsed="0.000312"/>
</kw>
<kw name="Log To Console" owner="BuiltIn">
<arg>Token: ${data["token"]}</arg>
<doc>Logs the given message to the console.</doc>
<status status="PASS" start="2025-07-04T13:55:58.937539" elapsed="0.000405"/>
</kw>
<kw name="Set Test Variable" owner="BuiltIn">
<msg time="2025-07-04T13:55:58.938235" level="INFO">${data} = {'_id': '6867479ed237c19874622a92', 'name': 'Regular User', 'email': 'user@example.com', 'role': 'user', 'token': 'eyJhbGciOiJIUzI1NiIsInR5cCI6IkpXVCJ9.eyJpZCI6IjY4Njc0NzllZDIzN2MxOTg3NDYyMmE5MiIsImlh...</msg>
<arg>${data}</arg>
<doc>Makes a variable available everywhere within the scope of the current test.</doc>
<status status="PASS" start="2025-07-04T13:55:58.938090" elapsed="0.000176"/>
</kw>
<status status="PASS" start="2025-07-04T13:55:58.936451" elapsed="0.001853"/>
</kw>
<kw name="Guardar token gerado" owner="auth_keywords">
<kw name="Get From Dictionary" owner="Collections">
<msg time="2025-07-04T13:55:58.938763" level="INFO">${token} = eyJhbGciOiJIUzI1NiIsInR5cCI6IkpXVCJ9.eyJpZCI6IjY4Njc0NzllZDIzN2MxOTg3NDYyMmE5MiIsImlhdCI6MTc1MTY0ODE1OCwiZXhwIjoxNzUxNzM0NTU4fQ.uh6i6xT5yvgm56FQpu6xOufdnO1Fqx0-b0Flnk3F4vQ</msg>
<var>${token}</var>
<arg>${data}</arg>
<arg>token</arg>
<doc>Returns a value from the given ``dictionary`` based on the given ``key``.</doc>
<status status="PASS" start="2025-07-04T13:55:58.938659" elapsed="0.000121"/>
</kw>
<kw name="Set Test Variable" owner="BuiltIn">
<msg time="2025-07-04T13:55:58.938939" level="INFO">${token} = eyJhbGciOiJIUzI1NiIsInR5cCI6IkpXVCJ9.eyJpZCI6IjY4Njc0NzllZDIzN2MxOTg3NDYyMmE5MiIsImlhdCI6MTc1MTY0ODE1OCwiZXhwIjoxNzUxNzM0NTU4fQ.uh6i6xT5yvgm56FQpu6xOufdnO1Fqx0-b0Flnk3F4vQ</msg>
<arg>${token}</arg>
<doc>Makes a variable available everywhere within the scope of the current test.</doc>
<status status="PASS" start="2025-07-04T13:55:58.938854" elapsed="0.000108"/>
</kw>
<status status="PASS" start="2025-07-04T13:55:58.938501" elapsed="0.000493"/>
</kw>
<kw name="Validar status code" owner="geral_keywords">
<kw name="Should Be True" owner="BuiltIn">
<arg>${response.status_code}==${status_code}</arg>
<arg>O status code deveria ser "${status_code}" e não "${response.status_code}"</arg>
<doc>Fails if the given condition is not true.</doc>
<status status="PASS" start="2025-07-04T13:55:58.939280" elapsed="0.000656"/>
</kw>
<arg>200</arg>
<status status="PASS" start="2025-07-04T13:55:58.939130" elapsed="0.000852"/>
</kw>
<tag>login</tag>
<status status="PASS" start="2025-07-04T13:55:58.839589" elapsed="0.100544"/>
</test>
<test id="s1-s1-t2" name="CT06: GET Verificar dados do perfil" line="14">
<kw name="GET Endpoint /auth/me" owner="auth_keywords">
<kw name="Obter header com token de user" owner="geral_keywords">
<kw name="POST Endpoint /auth/login" owner="auth_keywords">
<kw name="Create Dictionary" owner="BuiltIn">
<msg time="2025-07-04T13:55:58.941753" level="INFO">${body} = {'email': 'user@example.com', 'password': 'password123'}</msg>
<var>${body}</var>
<arg>email=${email}</arg>
<arg>password=${password}</arg>
<doc>Creates and returns a dictionary based on the given ``items``.</doc>
<status status="PASS" start="2025-07-04T13:55:58.941607" elapsed="0.000167"/>
</kw>
<kw name="POST On Session" owner="RequestsLibrary">
<msg time="2025-07-04T13:55:59.030315" level="INFO">POST Request : url=http://localhost:3002/api/v1/auth/login 
 path_url=/api/v1/auth/login 
 headers={'User-Agent': 'python-requests/2.32.3', 'Accept-Encoding': 'gzip, deflate', 'Accept': '*/*', 'Connection': 'keep-alive', 'Content-Length': '56', 'Content-Type': 'application/json'} 
 body=b'{"email": "user@example.com", "password": "password123"}' 
 </msg>
<msg time="2025-07-04T13:55:59.030525" level="INFO">POST Response : url=http://localhost:3002/api/v1/auth/login 
 status=200, reason=OK 
 headers={'Vary': 'Origin', 'x-powered-by': 'Express', 'access-control-allow-origin': '*', 'content-type': 'application/json; charset=utf-8', 'content-length': '303', 'etag': 'W/"12f-gZVYO4SnhmX5r7KgvxV0AZkfRBo"', 'date': 'Fri, 04 Jul 2025 16:55:58 GMT', 'connection': 'close'} 
 body={"success":true,"data":{"_id":"6867479ed237c19874622a92","name":"Regular User","email":"user@example.com","role":"user","token":"eyJhbGciOiJIUzI1NiIsInR5cCI6IkpXVCJ9.eyJpZCI6IjY4Njc0NzllZDIzN2MxOTg3NDYyMmE5MiIsImlhdCI6MTc1MTY0ODE1OSwiZXhwIjoxNzUxNzM0NTU5fQ.UyIOiID-h81U3J_Hysh9Ghf5usuFmUOZ8AxSVywjNkY"}} 
 </msg>
<msg time="2025-07-04T13:55:59.030635" level="INFO">${response} = &lt;Response [200]&gt;</msg>
<var>${response}</var>
<arg>cinema</arg>
<arg>/auth/login</arg>
<arg>json=${body}</arg>
<doc>Sends a POST request on a previously created HTTP Session.</doc>
<status status="PASS" start="2025-07-04T13:55:58.941847" elapsed="0.088807"/>
</kw>
<kw name="Set Test Variable" owner="BuiltIn">
<msg time="2025-07-04T13:55:59.030919" level="INFO">${response} = &lt;Response [200]&gt;</msg>
<arg>${response}</arg>
<doc>Makes a variable available everywhere within the scope of the current test.</doc>
<status status="PASS" start="2025-07-04T13:55:59.030775" elapsed="0.000170"/>
</kw>
<arg>${EMAIL_USER}</arg>
<arg>${SENHA}</arg>
<status status="PASS" start="2025-07-04T13:55:58.941436" elapsed="0.089549"/>
</kw>
<kw name="Validar se foi gerado um token de autenticação" owner="auth_keywords">
<kw name="Get From Dictionary" owner="Collections">
<msg time="2025-07-04T13:55:59.031573" level="INFO">${data} = {'_id': '6867479ed237c19874622a92', 'name': 'Regular User', 'email': 'user@example.com', 'role': 'user', 'token': 'eyJhbGciOiJIUzI1NiIsInR5cCI6IkpXVCJ9.eyJpZCI6IjY4Njc0NzllZDIzN2MxOTg3NDYyMmE5MiIsImlh...</msg>
<var>${data}</var>
<arg>${response.json()}</arg>
<arg>data</arg>
<doc>Returns a value from the given ``dictionary`` based on the given ``key``.</doc>
<status status="PASS" start="2025-07-04T13:55:59.031256" elapsed="0.000336"/>
</kw>
<kw name="Should Not Be Empty" owner="BuiltIn">
<msg time="2025-07-04T13:55:59.031920" level="INFO">Length is 171.</msg>
<arg>${data["token"]}</arg>
<arg>Token de autenticação não foi gerado</arg>
<doc>Verifies that the given item is not empty.</doc>
<status status="PASS" start="2025-07-04T13:55:59.031668" elapsed="0.000278"/>
</kw>
<kw name="Log To Console" owner="BuiltIn">
<arg>Token: ${data["token"]}</arg>
<doc>Logs the given message to the console.</doc>
<status status="PASS" start="2025-07-04T13:55:59.032013" elapsed="0.000437"/>
</kw>
<kw name="Set Test Variable" owner="BuiltIn">
<msg time="2025-07-04T13:55:59.032736" level="INFO">${data} = {'_id': '6867479ed237c19874622a92', 'name': 'Regular User', 'email': 'user@example.com', 'role': 'user', 'token': 'eyJhbGciOiJIUzI1NiIsInR5cCI6IkpXVCJ9.eyJpZCI6IjY4Njc0NzllZDIzN2MxOTg3NDYyMmE5MiIsImlh...</msg>
<arg>${data}</arg>
<doc>Makes a variable available everywhere within the scope of the current test.</doc>
<status status="PASS" start="2025-07-04T13:55:59.032601" elapsed="0.000164"/>
</kw>
<status status="PASS" start="2025-07-04T13:55:59.031093" elapsed="0.001712"/>
</kw>
<kw name="Guardar token gerado" owner="auth_keywords">
<kw name="Get From Dictionary" owner="Collections">
<msg time="2025-07-04T13:55:59.033140" level="INFO">${token} = eyJhbGciOiJIUzI1NiIsInR5cCI6IkpXVCJ9.eyJpZCI6IjY4Njc0NzllZDIzN2MxOTg3NDYyMmE5MiIsImlhdCI6MTc1MTY0ODE1OSwiZXhwIjoxNzUxNzM0NTU5fQ.UyIOiID-h81U3J_Hysh9Ghf5usuFmUOZ8AxSVywjNkY</msg>
<var>${token}</var>
<arg>${data}</arg>
<arg>token</arg>
<doc>Returns a value from the given ``dictionary`` based on the given ``key``.</doc>
<status status="PASS" start="2025-07-04T13:55:59.033043" elapsed="0.000114"/>
</kw>
<kw name="Set Test Variable" owner="BuiltIn">
<msg time="2025-07-04T13:55:59.033375" level="INFO">${token} = eyJhbGciOiJIUzI1NiIsInR5cCI6IkpXVCJ9.eyJpZCI6IjY4Njc0NzllZDIzN2MxOTg3NDYyMmE5MiIsImlhdCI6MTc1MTY0ODE1OSwiZXhwIjoxNzUxNzM0NTU5fQ.UyIOiID-h81U3J_Hysh9Ghf5usuFmUOZ8AxSVywjNkY</msg>
<arg>${token}</arg>
<doc>Makes a variable available everywhere within the scope of the current test.</doc>
<status status="PASS" start="2025-07-04T13:55:59.033278" elapsed="0.000121"/>
</kw>
<status status="PASS" start="2025-07-04T13:55:59.032895" elapsed="0.000537"/>
</kw>
<kw name="Create Dictionary" owner="BuiltIn">
<msg time="2025-07-04T13:55:59.033622" level="INFO">${header} = {'Authorization': 'Bearer eyJhbGciOiJIUzI1NiIsInR5cCI6IkpXVCJ9.eyJpZCI6IjY4Njc0NzllZDIzN2MxOTg3NDYyMmE5MiIsImlhdCI6MTc1MTY0ODE1OSwiZXhwIjoxNzUxNzM0NTU5fQ.UyIOiID-h81U3J_Hysh9Ghf5usuFmUOZ8AxSVywjNkY'}</msg>
<var>${header}</var>
<arg>Authorization=Bearer ${token}</arg>
<doc>Creates and returns a dictionary based on the given ``items``.</doc>
<status status="PASS" start="2025-07-04T13:55:59.033495" elapsed="0.000142"/>
</kw>
<kw name="Set Test Variable" owner="BuiltIn">
<msg time="2025-07-04T13:55:59.033786" level="INFO">${header} = {'Authorization': 'Bearer eyJhbGciOiJIUzI1NiIsInR5cCI6IkpXVCJ9.eyJpZCI6IjY4Njc0NzllZDIzN2MxOTg3NDYyMmE5MiIsImlhdCI6MTc1MTY0ODE1OSwiZXhwIjoxNzUxNzM0NTU5fQ.UyIOiID-h81U3J_Hysh9Ghf5usuFmUOZ8AxSVywjNkY'}</msg>
<arg>${header}</arg>
<doc>Makes a variable available everywhere within the scope of the current test.</doc>
<status status="PASS" start="2025-07-04T13:55:59.033701" elapsed="0.000108"/>
</kw>
<status status="PASS" start="2025-07-04T13:55:58.941281" elapsed="0.092559"/>
</kw>
<kw name="GET On Session" owner="RequestsLibrary">
<msg time="2025-07-04T13:55:59.072328" level="INFO">GET Request : url=http://localhost:3002/api/v1/auth/me 
 path_url=/api/v1/auth/me 
 headers={'User-Agent': 'python-requests/2.32.3', 'Accept-Encoding': 'gzip, deflate', 'Accept': '*/*', 'Connection': 'keep-alive', 'Authorization': 'Bearer eyJhbGciOiJIUzI1NiIsInR5cCI6IkpXVCJ9.eyJpZCI6IjY4Njc0NzllZDIzN2MxOTg3NDYyMmE5MiIsImlhdCI6MTc1MTY0ODE1OSwiZXhwIjoxNzUxNzM0NTU5fQ.UyIOiID-h81U3J_Hysh9Ghf5usuFmUOZ8AxSVywjNkY'} 
 body=None 
 </msg>
<msg time="2025-07-04T13:55:59.072403" level="INFO">GET Response : url=http://localhost:3002/api/v1/auth/me 
 status=200, reason=OK 
 headers={'Vary': 'Origin', 'x-powered-by': 'Express', 'access-control-allow-origin': '*', 'content-type': 'application/json; charset=utf-8', 'content-length': '121', 'etag': 'W/"79-LdZjoDqaaGb2e0dqZCYGm6pBKtA"', 'date': 'Fri, 04 Jul 2025 16:55:59 GMT', 'connection': 'close'} 
 body={"success":true,"data":{"_id":"6867479ed237c19874622a92","name":"Regular User","email":"user@example.com","role":"user"}} 
 </msg>
<msg time="2025-07-04T13:55:59.072492" level="INFO">${response} = &lt;Response [200]&gt;</msg>
<var>${response}</var>
<arg>cinema</arg>
<arg>/auth/me</arg>
<arg>headers=${header}</arg>
<doc>Sends a GET request on a previously created HTTP Session.</doc>
<status status="PASS" start="2025-07-04T13:55:59.033895" elapsed="0.038615"/>
</kw>
<kw name="Set Test Variable" owner="BuiltIn">
<msg time="2025-07-04T13:55:59.072793" level="INFO">${response} = &lt;Response [200]&gt;</msg>
<arg>${response}</arg>
<doc>Makes a variable available everywhere within the scope of the current test.</doc>
<status status="PASS" start="2025-07-04T13:55:59.072659" elapsed="0.000163"/>
</kw>
<status status="PASS" start="2025-07-04T13:55:58.940855" elapsed="0.132009"/>
</kw>
<kw name="Validar status code" owner="geral_keywords">
<kw name="Should Be True" owner="BuiltIn">
<arg>${response.status_code}==${status_code}</arg>
<arg>O status code deveria ser "${status_code}" e não "${response.status_code}"</arg>
<doc>Fails if the given condition is not true.</doc>
<status status="PASS" start="2025-07-04T13:55:59.073470" elapsed="0.000646"/>
</kw>
<arg>200</arg>
<status status="PASS" start="2025-07-04T13:55:59.073248" elapsed="0.000910"/>
</kw>
<kw name="Validar resposta não vazia" owner="geral_keywords">
<kw name="Should Not Be Empty" owner="BuiltIn">
<msg time="2025-07-04T13:55:59.074892" level="INFO">Length is 2.</msg>
<arg>${response.json()}</arg>
<arg>Nenhuma informação foi retornada pela API</arg>
<doc>Verifies that the given item is not empty.</doc>
<status status="PASS" start="2025-07-04T13:55:59.074606" elapsed="0.000403"/>
</kw>
<status status="PASS" start="2025-07-04T13:55:59.074436" elapsed="0.000615"/>
</kw>
<tag>detalhes</tag>
<status status="PASS" start="2025-07-04T13:55:58.940500" elapsed="0.134797"/>
</test>
<test id="s1-s1-t3" name="CT07: POST Cadastrar usuário com dados válidos" line="20">
<kw name="POST Endpoint /auth/register" owner="auth_keywords">
<kw name="Body para cadastro de usuário" owner="auth_keywords">
<kw name="First Name" owner="FakerLibrary">
<msg time="2025-07-04T13:55:59.076729" level="INFO">${primeiro_nome} = Travis</msg>
<var>${primeiro_nome}</var>
<status status="PASS" start="2025-07-04T13:55:59.076555" elapsed="0.000193"/>
</kw>
<kw name="Last Name" owner="FakerLibrary">
<msg time="2025-07-04T13:55:59.076988" level="INFO">${sobrenome} = Grant</msg>
<var>${sobrenome}</var>
<status status="PASS" start="2025-07-04T13:55:59.076817" elapsed="0.000186"/>
</kw>
<kw name="Email" owner="FakerLibrary">
<msg time="2025-07-04T13:55:59.077287" level="INFO">${email} = harrisonmary@example.net</msg>
<var>${email}</var>
<status status="PASS" start="2025-07-04T13:55:59.077060" elapsed="0.000244"/>
</kw>
<kw name="Password" owner="FakerLibrary">
<msg time="2025-07-04T13:55:59.077601" level="INFO">${password} = Ck11Ee</msg>
<var>${password}</var>
<arg>length=6</arg>
<arg>special_chars=False</arg>
<doc>Generate a random password of the specified ``length``.</doc>
<status status="PASS" start="2025-07-04T13:55:59.077371" elapsed="0.000262"/>
</kw>
<kw name="Create Dictionary" owner="BuiltIn">
<msg time="2025-07-04T13:55:59.077905" level="INFO">${body} = {'name': 'Travis Grant', 'email': 'harrisonmary@example.net', 'password': 'Ck11Ee'}</msg>
<var>${body}</var>
<arg>name=${primeiro_nome} ${sobrenome}</arg>
<arg>email=${email}</arg>
<arg>password=${password}</arg>
<doc>Creates and returns a dictionary based on the given ``items``.</doc>
<status status="PASS" start="2025-07-04T13:55:59.077715" elapsed="0.000206"/>
</kw>
<kw name="Set Test Variable" owner="BuiltIn">
<msg time="2025-07-04T13:55:59.078084" level="INFO">${body} = {'name': 'Travis Grant', 'email': 'harrisonmary@example.net', 'password': 'Ck11Ee'}</msg>
<arg>${body}</arg>
<doc>Makes a variable available everywhere within the scope of the current test.</doc>
<status status="PASS" start="2025-07-04T13:55:59.077992" elapsed="0.000113"/>
</kw>
<status status="PASS" start="2025-07-04T13:55:59.076429" elapsed="0.001707"/>
</kw>
<kw name="POST On Session" owner="RequestsLibrary">
<msg time="2025-07-04T13:55:59.182895" level="INFO">POST Request : url=http://localhost:3002/api/v1/auth/register 
 path_url=/api/v1/auth/register 
 headers={'User-Agent': 'python-requests/2.32.3', 'Accept-Encoding': 'gzip, deflate', 'Accept': '*/*', 'Connection': 'keep-alive', 'Content-Length': '83', 'Content-Type': 'application/json'} 
 body=b'{"name": "Travis Grant", "email": "harrisonmary@example.net", "password": "Ck11Ee"}' 
 </msg>
<msg time="2025-07-04T13:55:59.182961" level="INFO">POST Response : url=http://localhost:3002/api/v1/auth/register 
 status=201, reason=Created 
 headers={'Vary': 'Origin', 'x-powered-by': 'Express', 'access-control-allow-origin': '*', 'content-type': 'application/json; charset=utf-8', 'content-length': '311', 'etag': 'W/"137-Q718si9mVLydpdY+UvfcUaVYcp8"', 'date': 'Fri, 04 Jul 2025 16:55:59 GMT', 'connection': 'close'} 
 body={"success":true,"data":{"_id":"6868079f267eb5eabb4d8d69","name":"Travis Grant","email":"harrisonmary@example.net","role":"user","token":"eyJhbGciOiJIUzI1NiIsInR5cCI6IkpXVCJ9.eyJpZCI6IjY4NjgwNzlmMjY3ZWI1ZWFiYjRkOGQ2OSIsImlhdCI6MTc1MTY0ODE1OSwiZXhwIjoxNzUxNzM0NTU5fQ.dmKPZVgAxjJlAcPF87VDJxp1jJrkk47SoRDqxTUMTuw"}} 
 </msg>
<msg time="2025-07-04T13:55:59.183042" level="INFO">${response} = &lt;Response [201]&gt;</msg>
<var>${response}</var>
<arg>cinema</arg>
<arg>/auth/register</arg>
<arg>json=${body}</arg>
<doc>Sends a POST request on a previously created HTTP Session.</doc>
<status status="PASS" start="2025-07-04T13:55:59.078190" elapsed="0.104869"/>
</kw>
<kw name="Log To Console" owner="BuiltIn">
<arg>Usuário criado: ${body}</arg>
<doc>Logs the given message to the console.</doc>
<status status="PASS" start="2025-07-04T13:55:59.183180" elapsed="0.000483"/>
</kw>
<kw name="Set Test Variable" owner="BuiltIn">
<msg time="2025-07-04T13:55:59.183958" level="INFO">${response} = &lt;Response [201]&gt;</msg>
<arg>${response}</arg>
<doc>Makes a variable available everywhere within the scope of the current test.</doc>
<status status="PASS" start="2025-07-04T13:55:59.183817" elapsed="0.000172"/>
</kw>
<status status="PASS" start="2025-07-04T13:55:59.076248" elapsed="0.107784"/>
</kw>
<kw name="Validar status code" owner="geral_keywords">
<kw name="Should Be True" owner="BuiltIn">
<arg>${response.status_code}==${status_code}</arg>
<arg>O status code deveria ser "${status_code}" e não "${response.status_code}"</arg>
<doc>Fails if the given condition is not true.</doc>
<status status="PASS" start="2025-07-04T13:55:59.184373" elapsed="0.000620"/>
</kw>
<arg>201</arg>
<status status="PASS" start="2025-07-04T13:55:59.184194" elapsed="0.000842"/>
</kw>
<kw name="Validar sucesso" owner="geral_keywords">
<kw name="Convert To Boolean" owner="BuiltIn">
<msg time="2025-07-04T13:55:59.185530" level="INFO">${sucesso_string} = True</msg>
<var>${sucesso_string}</var>
<arg>${sucesso}</arg>
<doc>Converts the given item to Boolean true or false.</doc>
<status status="PASS" start="2025-07-04T13:55:59.185425" elapsed="0.000120"/>
</kw>
<kw name="Should Be Equal" owner="BuiltIn">
<arg>${response.json()["success"]}</arg>
<arg>${sucesso_string}</arg>
<arg>O sucesso deveria ser "${sucesso_string}" e não "${response.json()["success"]}"</arg>
<doc>Fails if the given objects are unequal.</doc>
<status status="PASS" start="2025-07-04T13:55:59.185610" elapsed="0.000453"/>
</kw>
<if>
<branch type="IF" condition="${response.json()[&quot;success&quot;]} == False">
<kw name="Log To Console" owner="BuiltIn">
<arg>${response.json()["errors"]}</arg>
<doc>Logs the given message to the console.</doc>
<status status="NOT RUN" start="2025-07-04T13:55:59.186403" elapsed="0.000015"/>
</kw>
<status status="NOT RUN" start="2025-07-04T13:55:59.186130" elapsed="0.000311"/>
</branch>
<status status="PASS" start="2025-07-04T13:55:59.186108" elapsed="0.000352"/>
</if>
<arg>True</arg>
<status status="PASS" start="2025-07-04T13:55:59.185260" elapsed="0.001233"/>
</kw>
<tag>cadastro</tag>
<status status="PASS" start="2025-07-04T13:55:59.075827" elapsed="0.110823"/>
</test>
<test id="s1-s1-t4" name="CT08: POST Cadastrar usuário com formato de e-mail inválido" line="26">
<kw name="POST Endpoint /auth/register com email invalido" owner="auth_keywords">
<kw name="Body para cadastro de usuário" owner="auth_keywords">
<kw name="First Name" owner="FakerLibrary">
<msg time="2025-07-04T13:55:59.187962" level="INFO">${primeiro_nome} = William</msg>
<var>${primeiro_nome}</var>
<status status="PASS" start="2025-07-04T13:55:59.187815" elapsed="0.000168"/>
</kw>
<kw name="Last Name" owner="FakerLibrary">
<msg time="2025-07-04T13:55:59.188195" level="INFO">${sobrenome} = Wood</msg>
<var>${sobrenome}</var>
<status status="PASS" start="2025-07-04T13:55:59.188048" elapsed="0.000163"/>
</kw>
<kw name="Email" owner="FakerLibrary">
<msg time="2025-07-04T13:55:59.188451" level="INFO">${email} = cwright@example.net</msg>
<var>${email}</var>
<status status="PASS" start="2025-07-04T13:55:59.188269" elapsed="0.000198"/>
</kw>
<kw name="Password" owner="FakerLibrary">
<msg time="2025-07-04T13:55:59.188689" level="INFO">${password} = Bv6mXm</msg>
<var>${password}</var>
<arg>length=6</arg>
<arg>special_chars=False</arg>
<doc>Generate a random password of the specified ``length``.</doc>
<status status="PASS" start="2025-07-04T13:55:59.188535" elapsed="0.000170"/>
</kw>
<kw name="Create Dictionary" owner="BuiltIn">
<msg time="2025-07-04T13:55:59.189007" level="INFO">${body} = {'name': 'William Wood', 'email': 'cwright@example.net', 'password': 'Bv6mXm'}</msg>
<var>${body}</var>
<arg>name=${primeiro_nome} ${sobrenome}</arg>
<arg>email=${email}</arg>
<arg>password=${password}</arg>
<doc>Creates and returns a dictionary based on the given ``items``.</doc>
<status status="PASS" start="2025-07-04T13:55:59.188781" elapsed="0.000242"/>
</kw>
<kw name="Set Test Variable" owner="BuiltIn">
<msg time="2025-07-04T13:55:59.189200" level="INFO">${body} = {'name': 'William Wood', 'email': 'cwright@example.net', 'password': 'Bv6mXm'}</msg>
<arg>${body}</arg>
<doc>Makes a variable available everywhere within the scope of the current test.</doc>
<status status="PASS" start="2025-07-04T13:55:59.189094" elapsed="0.000128"/>
</kw>
<status status="PASS" start="2025-07-04T13:55:59.187692" elapsed="0.001561"/>
</kw>
<kw name="User Name" owner="FakerLibrary">
<msg time="2025-07-04T13:55:59.189444" level="INFO">${nome_email} = cheryl87</msg>
<var>${nome_email}</var>
<status status="PASS" start="2025-07-04T13:55:59.189305" elapsed="0.000153"/>
</kw>
<kw name="Set Variable" owner="BuiltIn">
<msg time="2025-07-04T13:55:59.189598" level="INFO">${email} = cheryl87.com</msg>
<var>${email}</var>
<arg>${nome_email}.com</arg>
<doc>Returns the given values which can then be assigned to a variables.</doc>
<status status="PASS" start="2025-07-04T13:55:59.189518" elapsed="0.000093"/>
</kw>
<kw name="Set To Dictionary" owner="Collections">
<arg>${body}</arg>
<arg>email=${email}</arg>
<doc>Adds the given ``key_value_pairs`` and/or ``items`` to the ``dictionary``.</doc>
<status status="PASS" start="2025-07-04T13:55:59.189669" elapsed="0.000090"/>
</kw>
<kw name="POST On Session" owner="RequestsLibrary">
<msg time="2025-07-04T13:55:59.208419" level="INFO">POST Request : url=http://localhost:3002/api/v1/auth/register 
 path_url=/api/v1/auth/register 
 headers={'User-Agent': 'python-requests/2.32.3', 'Accept-Encoding': 'gzip, deflate', 'Accept': '*/*', 'Connection': 'keep-alive', 'Content-Length': '71', 'Content-Type': 'application/json'} 
 body=b'{"name": "William Wood", "email": "cheryl87.com", "password": "Bv6mXm"}' 
 </msg>
<msg time="2025-07-04T13:55:59.208511" level="INFO">POST Response : url=http://localhost:3002/api/v1/auth/register 
 status=400, reason=Bad Request 
 headers={'Vary': 'Origin', 'x-powered-by': 'Express', 'access-control-allow-origin': '*', 'content-type': 'application/json; charset=utf-8', 'content-length': '97', 'etag': 'W/"61-Krv9gnZpw94ZcTkLQB5OMXVuBok"', 'date': 'Fri, 04 Jul 2025 16:55:59 GMT', 'connection': 'close'} 
 body={"success":false,"message":"Validation failed","errors":{"email":"Please provide a valid email"}} 
 </msg>
<msg time="2025-07-04T13:55:59.208633" level="INFO">${response} = &lt;Response [400]&gt;</msg>
<var>${response}</var>
<arg>cinema</arg>
<arg>/auth/register</arg>
<arg>json=${body}</arg>
<arg>expected_status=any</arg>
<doc>Sends a POST request on a previously created HTTP Session.</doc>
<status status="PASS" start="2025-07-04T13:55:59.189822" elapsed="0.018837"/>
</kw>
<kw name="Log To Console" owner="BuiltIn">
<arg>Usuário criado com e-mail inválido: ${body}</arg>
<doc>Logs the given message to the console.</doc>
<status status="PASS" start="2025-07-04T13:55:59.208827" elapsed="0.000447"/>
</kw>
<kw name="Set Test Variable" owner="BuiltIn">
<msg time="2025-07-04T13:55:59.209873" level="INFO">${response} = &lt;Response [400]&gt;</msg>
<arg>${response}</arg>
<doc>Makes a variable available everywhere within the scope of the current test.</doc>
<status status="PASS" start="2025-07-04T13:55:59.209451" elapsed="0.000578"/>
</kw>
<status status="PASS" start="2025-07-04T13:55:59.187521" elapsed="0.022700"/>
</kw>
<kw name="Validar status code" owner="geral_keywords">
<kw name="Should Be True" owner="BuiltIn">
<arg>${response.status_code}==${status_code}</arg>
<arg>O status code deveria ser "${status_code}" e não "${response.status_code}"</arg>
<doc>Fails if the given condition is not true.</doc>
<status status="PASS" start="2025-07-04T13:55:59.212113" elapsed="0.001860"/>
</kw>
<arg>400</arg>
<status status="PASS" start="2025-07-04T13:55:59.211407" elapsed="0.002641"/>
</kw>
<kw name="Validar sucesso" owner="geral_keywords">
<kw name="Convert To Boolean" owner="BuiltIn">
<msg time="2025-07-04T13:55:59.215557" level="INFO">${sucesso_string} = False</msg>
<var>${sucesso_string}</var>
<arg>${sucesso}</arg>
<doc>Converts the given item to Boolean true or false.</doc>
<status status="PASS" start="2025-07-04T13:55:59.215164" elapsed="0.000456"/>
</kw>
<kw name="Should Be Equal" owner="BuiltIn">
<arg>${response.json()["success"]}</arg>
<arg>${sucesso_string}</arg>
<arg>O sucesso deveria ser "${sucesso_string}" e não "${response.json()["success"]}"</arg>
<doc>Fails if the given objects are unequal.</doc>
<status status="PASS" start="2025-07-04T13:55:59.215789" elapsed="0.000601"/>
</kw>
<if>
<branch type="IF" condition="${response.json()[&quot;success&quot;]} == False">
<kw name="Log To Console" owner="BuiltIn">
<arg>${response.json()["errors"]}</arg>
<doc>Logs the given message to the console.</doc>
<status status="PASS" start="2025-07-04T13:55:59.216768" elapsed="0.000703"/>
</kw>
<status status="PASS" start="2025-07-04T13:55:59.216467" elapsed="0.001139"/>
</branch>
<status status="PASS" start="2025-07-04T13:55:59.216447" elapsed="0.001214"/>
</if>
<arg>False</arg>
<status status="PASS" start="2025-07-04T13:55:59.214649" elapsed="0.003107"/>
</kw>
<tag>cadastro_padrões</tag>
<status status="PASS" start="2025-07-04T13:55:59.187129" elapsed="0.030899"/>
</test>
<test id="s1-s1-t5" name="CT09: POST Cadastrar usuário com formato de senha inválido" line="32">
<kw name="POST Endpoint /auth/register com senha invalida" owner="auth_keywords">
<kw name="Body para cadastro de usuário" owner="auth_keywords">
<kw name="First Name" owner="FakerLibrary">
<msg time="2025-07-04T13:55:59.219751" level="INFO">${primeiro_nome} = Devon</msg>
<var>${primeiro_nome}</var>
<status status="PASS" start="2025-07-04T13:55:59.219595" elapsed="0.000175"/>
</kw>
<kw name="Last Name" owner="FakerLibrary">
<msg time="2025-07-04T13:55:59.219985" level="INFO">${sobrenome} = Holmes</msg>
<var>${sobrenome}</var>
<status status="PASS" start="2025-07-04T13:55:59.219837" elapsed="0.000162"/>
</kw>
<kw name="Email" owner="FakerLibrary">
<msg time="2025-07-04T13:55:59.220259" level="INFO">${email} = marshcody@example.net</msg>
<var>${email}</var>
<status status="PASS" start="2025-07-04T13:55:59.220055" elapsed="0.000219"/>
</kw>
<kw name="Password" owner="FakerLibrary">
<msg time="2025-07-04T13:55:59.220485" level="INFO">${password} = Mo1uLg</msg>
<var>${password}</var>
<arg>length=6</arg>
<arg>special_chars=False</arg>
<doc>Generate a random password of the specified ``length``.</doc>
<status status="PASS" start="2025-07-04T13:55:59.220333" elapsed="0.000170"/>
</kw>
<kw name="Create Dictionary" owner="BuiltIn">
<msg time="2025-07-04T13:55:59.220766" level="INFO">${body} = {'name': 'Devon Holmes', 'email': 'marshcody@example.net', 'password': 'Mo1uLg'}</msg>
<var>${body}</var>
<arg>name=${primeiro_nome} ${sobrenome}</arg>
<arg>email=${email}</arg>
<arg>password=${password}</arg>
<doc>Creates and returns a dictionary based on the given ``items``.</doc>
<status status="PASS" start="2025-07-04T13:55:59.220584" elapsed="0.000197"/>
</kw>
<kw name="Set Test Variable" owner="BuiltIn">
<msg time="2025-07-04T13:55:59.220954" level="INFO">${body} = {'name': 'Devon Holmes', 'email': 'marshcody@example.net', 'password': 'Mo1uLg'}</msg>
<arg>${body}</arg>
<doc>Makes a variable available everywhere within the scope of the current test.</doc>
<status status="PASS" start="2025-07-04T13:55:59.220850" elapsed="0.000125"/>
</kw>
<status status="PASS" start="2025-07-04T13:55:59.219465" elapsed="0.001542"/>
</kw>
<kw name="Evaluate" owner="BuiltIn">
<msg time="2025-07-04T13:55:59.221188" level="INFO">${caracteres} = 5</msg>
<var>${caracteres}</var>
<arg>random.randint(2, 5)</arg>
<arg>random</arg>
<doc>Evaluates the given expression in Python and returns the result.</doc>
<status status="PASS" start="2025-07-04T13:55:59.221062" elapsed="0.000140"/>
</kw>
<kw name="Convert To Integer" owner="BuiltIn">
<msg time="2025-07-04T13:55:59.221474" level="INFO">${caracteres_int} = 5</msg>
<var>${caracteres_int}</var>
<arg>${caracteres}</arg>
<doc>Converts the given item to an integer number.</doc>
<status status="PASS" start="2025-07-04T13:55:59.221372" elapsed="0.000116"/>
</kw>
<kw name="Password" owner="FakerLibrary">
<msg time="2025-07-04T13:55:59.221716" level="INFO">${password} = 263oi</msg>
<var>${password}</var>
<arg>length=${caracteres_int}</arg>
<arg>special_chars=False</arg>
<arg>upper_case=False</arg>
<doc>Generate a random password of the specified ``length``.</doc>
<status status="PASS" start="2025-07-04T13:55:59.221549" elapsed="0.000183"/>
</kw>
<kw name="Set To Dictionary" owner="Collections">
<arg>${body}</arg>
<arg>password=${password}</arg>
<doc>Adds the given ``key_value_pairs`` and/or ``items`` to the ``dictionary``.</doc>
<status status="PASS" start="2025-07-04T13:55:59.221799" elapsed="0.000090"/>
</kw>
<kw name="POST On Session" owner="RequestsLibrary">
<msg time="2025-07-04T13:55:59.245484" level="INFO">POST Request : url=http://localhost:3002/api/v1/auth/register 
 path_url=/api/v1/auth/register 
 headers={'User-Agent': 'python-requests/2.32.3', 'Accept-Encoding': 'gzip, deflate', 'Accept': '*/*', 'Connection': 'keep-alive', 'Content-Length': '79', 'Content-Type': 'application/json'} 
 body=b'{"name": "Devon Holmes", "email": "marshcody@example.net", "password": "263oi"}' 
 </msg>
<msg time="2025-07-04T13:55:59.245834" level="INFO">POST Response : url=http://localhost:3002/api/v1/auth/register 
 status=400, reason=Bad Request 
 headers={'Vary': 'Origin', 'x-powered-by': 'Express', 'access-control-allow-origin': '*', 'content-type': 'application/json; charset=utf-8', 'content-length': '115', 'etag': 'W/"73-2kjRr4xheMpIIlrrmnuX+9CkBCA"', 'date': 'Fri, 04 Jul 2025 16:55:59 GMT', 'connection': 'close'} 
 body={"success":false,"message":"Validation failed","errors":{"password":"Password must be at least 6 characters long"}} 
 </msg>
<msg time="2025-07-04T13:55:59.246302" level="INFO">${response} = &lt;Response [400]&gt;</msg>
<var>${response}</var>
<arg>cinema</arg>
<arg>/auth/register</arg>
<arg>json=${body}</arg>
<arg>expected_status=any</arg>
<doc>Sends a POST request on a previously created HTTP Session.</doc>
<status status="PASS" start="2025-07-04T13:55:59.221951" elapsed="0.024464"/>
</kw>
<kw name="Log To Console" owner="BuiltIn">
<arg>Usuário criado com senha inválida: ${body}</arg>
<doc>Logs the given message to the console.</doc>
<status status="PASS" start="2025-07-04T13:55:59.247175" elapsed="0.001674"/>
</kw>
<kw name="Set Test Variable" owner="BuiltIn">
<msg time="2025-07-04T13:55:59.250407" level="INFO">${response} = &lt;Response [400]&gt;</msg>
<arg>${response}</arg>
<doc>Makes a variable available everywhere within the scope of the current test.</doc>
<status status="PASS" start="2025-07-04T13:55:59.249444" elapsed="0.001265"/>
</kw>
<status status="PASS" start="2025-07-04T13:55:59.219286" elapsed="0.031868"/>
</kw>
<kw name="Validar status code" owner="geral_keywords">
<kw name="Should Be True" owner="BuiltIn">
<arg>${response.status_code}==${status_code}</arg>
<arg>O status code deveria ser "${status_code}" e não "${response.status_code}"</arg>
<doc>Fails if the given condition is not true.</doc>
<status status="PASS" start="2025-07-04T13:55:59.252934" elapsed="0.001804"/>
</kw>
<arg>400</arg>
<status status="PASS" start="2025-07-04T13:55:59.252329" elapsed="0.002465"/>
</kw>
<kw name="Validar sucesso" owner="geral_keywords">
<kw name="Convert To Boolean" owner="BuiltIn">
<msg time="2025-07-04T13:55:59.255431" level="INFO">${sucesso_string} = False</msg>
<var>${sucesso_string}</var>
<arg>${sucesso}</arg>
<doc>Converts the given item to Boolean true or false.</doc>
<status status="PASS" start="2025-07-04T13:55:59.255323" elapsed="0.000125"/>
</kw>
<kw name="Should Be Equal" owner="BuiltIn">
<arg>${response.json()["success"]}</arg>
<arg>${sucesso_string}</arg>
<arg>O sucesso deveria ser "${sucesso_string}" e não "${response.json()["success"]}"</arg>
<doc>Fails if the given objects are unequal.</doc>
<status status="PASS" start="2025-07-04T13:55:59.255515" elapsed="0.000472"/>
</kw>
<if>
<branch type="IF" condition="${response.json()[&quot;success&quot;]} == False">
<kw name="Log To Console" owner="BuiltIn">
<arg>${response.json()["errors"]}</arg>
<doc>Logs the given message to the console.</doc>
<status status="PASS" start="2025-07-04T13:55:59.256336" elapsed="0.000558"/>
</kw>
<status status="PASS" start="2025-07-04T13:55:59.256063" elapsed="0.000898"/>
</branch>
<status status="PASS" start="2025-07-04T13:55:59.256035" elapsed="0.000991"/>
</if>
<arg>False</arg>
<status status="PASS" start="2025-07-04T13:55:59.255141" elapsed="0.001932"/>
</kw>
<tag>cadastro_padrões</tag>
<status status="PASS" start="2025-07-04T13:55:59.218757" elapsed="0.038607"/>
</test>
<test id="s1-s1-t6" name="CT10: POST Cadastrar usuário com e-mail já utilizado" line="38">
<kw name="POST Endpoint /auth/register com email já utilizado" owner="auth_keywords">
<kw name="POST Endpoint /auth/register" owner="auth_keywords">
<kw name="Body para cadastro de usuário" owner="auth_keywords">
<kw name="First Name" owner="FakerLibrary">
<msg time="2025-07-04T13:55:59.259880" level="INFO">${primeiro_nome} = Matthew</msg>
<var>${primeiro_nome}</var>
<status status="PASS" start="2025-07-04T13:55:59.259717" elapsed="0.000183"/>
</kw>
<kw name="Last Name" owner="FakerLibrary">
<msg time="2025-07-04T13:55:59.260117" level="INFO">${sobrenome} = Doyle</msg>
<var>${sobrenome}</var>
<status status="PASS" start="2025-07-04T13:55:59.259968" elapsed="0.000166"/>
</kw>
<kw name="Email" owner="FakerLibrary">
<msg time="2025-07-04T13:55:59.260349" level="INFO">${email} = philip83@example.org</msg>
<var>${email}</var>
<status status="PASS" start="2025-07-04T13:55:59.260196" elapsed="0.000168"/>
</kw>
<kw name="Password" owner="FakerLibrary">
<msg time="2025-07-04T13:55:59.260570" level="INFO">${password} = 7Bk7s5</msg>
<var>${password}</var>
<arg>length=6</arg>
<arg>special_chars=False</arg>
<doc>Generate a random password of the specified ``length``.</doc>
<status status="PASS" start="2025-07-04T13:55:59.260423" elapsed="0.000161"/>
</kw>
<kw name="Create Dictionary" owner="BuiltIn">
<msg time="2025-07-04T13:55:59.260843" level="INFO">${body} = {'name': 'Matthew Doyle', 'email': 'philip83@example.org', 'password': '7Bk7s5'}</msg>
<var>${body}</var>
<arg>name=${primeiro_nome} ${sobrenome}</arg>
<arg>email=${email}</arg>
<arg>password=${password}</arg>
<doc>Creates and returns a dictionary based on the given ``items``.</doc>
<status status="PASS" start="2025-07-04T13:55:59.260655" elapsed="0.000203"/>
</kw>
<kw name="Set Test Variable" owner="BuiltIn">
<msg time="2025-07-04T13:55:59.261022" level="INFO">${body} = {'name': 'Matthew Doyle', 'email': 'philip83@example.org', 'password': '7Bk7s5'}</msg>
<arg>${body}</arg>
<doc>Makes a variable available everywhere within the scope of the current test.</doc>
<status status="PASS" start="2025-07-04T13:55:59.260926" elapsed="0.000117"/>
</kw>
<status status="PASS" start="2025-07-04T13:55:59.259542" elapsed="0.001530"/>
</kw>
<kw name="POST On Session" owner="RequestsLibrary">
<msg time="2025-07-04T13:55:59.356128" level="INFO">POST Request : url=http://localhost:3002/api/v1/auth/register 
 path_url=/api/v1/auth/register 
 headers={'User-Agent': 'python-requests/2.32.3', 'Accept-Encoding': 'gzip, deflate', 'Accept': '*/*', 'Connection': 'keep-alive', 'Content-Length': '80', 'Content-Type': 'application/json'} 
 body=b'{"name": "Matthew Doyle", "email": "philip83@example.org", "password": "7Bk7s5"}' 
 </msg>
<msg time="2025-07-04T13:55:59.356186" level="INFO">POST Response : url=http://localhost:3002/api/v1/auth/register 
 status=201, reason=Created 
 headers={'Vary': 'Origin', 'x-powered-by': 'Express', 'access-control-allow-origin': '*', 'content-type': 'application/json; charset=utf-8', 'content-length': '308', 'etag': 'W/"134-F5SANh9iUJtSwdm3OX2tbfo8MR0"', 'date': 'Fri, 04 Jul 2025 16:55:59 GMT', 'connection': 'close'} 
 body={"success":true,"data":{"_id":"6868079f267eb5eabb4d8d70","name":"Matthew Doyle","email":"philip83@example.org","role":"user","token":"eyJhbGciOiJIUzI1NiIsInR5cCI6IkpXVCJ9.eyJpZCI6IjY4NjgwNzlmMjY3ZWI1ZWFiYjRkOGQ3MCIsImlhdCI6MTc1MTY0ODE1OSwiZXhwIjoxNzUxNzM0NTU5fQ.Vijo-p6gUFS6IpAfjyuV_i6kE2bivVTsaoRvomY03sw"}} 
 </msg>
<msg time="2025-07-04T13:55:59.356321" level="INFO">${response} = &lt;Response [201]&gt;</msg>
<var>${response}</var>
<arg>cinema</arg>
<arg>/auth/register</arg>
<arg>json=${body}</arg>
<doc>Sends a POST request on a previously created HTTP Session.</doc>
<status status="PASS" start="2025-07-04T13:55:59.261123" elapsed="0.095214"/>
</kw>
<kw name="Log To Console" owner="BuiltIn">
<arg>Usuário criado: ${body}</arg>
<doc>Logs the given message to the console.</doc>
<status status="PASS" start="2025-07-04T13:55:59.356441" elapsed="0.000495"/>
</kw>
<kw name="Set Test Variable" owner="BuiltIn">
<msg time="2025-07-04T13:55:59.357203" level="INFO">${response} = &lt;Response [201]&gt;</msg>
<arg>${response}</arg>
<doc>Makes a variable available everywhere within the scope of the current test.</doc>
<status status="PASS" start="2025-07-04T13:55:59.357071" elapsed="0.000162"/>
</kw>
<status status="PASS" start="2025-07-04T13:55:59.258836" elapsed="0.098432"/>
</kw>
<kw name="Set Variable" owner="BuiltIn">
<msg time="2025-07-04T13:55:59.357607" level="INFO">${email_utilizado} = philip83@example.org</msg>
<var>${email_utilizado}</var>
<arg>${body["email"]}</arg>
<doc>Returns the given values which can then be assigned to a variables.</doc>
<status status="PASS" start="2025-07-04T13:55:59.357328" elapsed="0.000295"/>
</kw>
<kw name="Body para cadastro de usuário" owner="auth_keywords">
<kw name="First Name" owner="FakerLibrary">
<msg time="2025-07-04T13:55:59.358006" level="INFO">${primeiro_nome} = Megan</msg>
<var>${primeiro_nome}</var>
<status status="PASS" start="2025-07-04T13:55:59.357869" elapsed="0.000152"/>
</kw>
<kw name="Last Name" owner="FakerLibrary">
<msg time="2025-07-04T13:55:59.358225" level="INFO">${sobrenome} = Gonzalez</msg>
<var>${sobrenome}</var>
<status status="PASS" start="2025-07-04T13:55:59.358079" elapsed="0.000161"/>
</kw>
<kw name="Email" owner="FakerLibrary">
<msg time="2025-07-04T13:55:59.358446" level="INFO">${email} = michael14@example.com</msg>
<var>${email}</var>
<status status="PASS" start="2025-07-04T13:55:59.358300" elapsed="0.000160"/>
</kw>
<kw name="Password" owner="FakerLibrary">
<msg time="2025-07-04T13:55:59.358658" level="INFO">${password} = 2LXo5f</msg>
<var>${password}</var>
<arg>length=6</arg>
<arg>special_chars=False</arg>
<doc>Generate a random password of the specified ``length``.</doc>
<status status="PASS" start="2025-07-04T13:55:59.358518" elapsed="0.000164"/>
</kw>
<kw name="Create Dictionary" owner="BuiltIn">
<msg time="2025-07-04T13:55:59.358923" level="INFO">${body} = {'name': 'Megan Gonzalez', 'email': 'michael14@example.com', 'password': '2LXo5f'}</msg>
<var>${body}</var>
<arg>name=${primeiro_nome} ${sobrenome}</arg>
<arg>email=${email}</arg>
<arg>password=${password}</arg>
<doc>Creates and returns a dictionary based on the given ``items``.</doc>
<status status="PASS" start="2025-07-04T13:55:59.358753" elapsed="0.000184"/>
</kw>
<kw name="Set Test Variable" owner="BuiltIn">
<msg time="2025-07-04T13:55:59.359082" level="INFO">${body} = {'name': 'Megan Gonzalez', 'email': 'michael14@example.com', 'password': '2LXo5f'}</msg>
<arg>${body}</arg>
<doc>Makes a variable available everywhere within the scope of the current test.</doc>
<status status="PASS" start="2025-07-04T13:55:59.358998" elapsed="0.000104"/>
</kw>
<status status="PASS" start="2025-07-04T13:55:59.357730" elapsed="0.001402"/>
</kw>
<kw name="Set To Dictionary" owner="Collections">
<arg>${body}</arg>
<arg>email=${email_utilizado}</arg>
<doc>Adds the given ``key_value_pairs`` and/or ``items`` to the ``dictionary``.</doc>
<status status="PASS" start="2025-07-04T13:55:59.359182" elapsed="0.000089"/>
</kw>
<kw name="POST On Session" owner="RequestsLibrary">
<msg time="2025-07-04T13:55:59.380475" level="INFO">POST Request : url=http://localhost:3002/api/v1/auth/register 
 path_url=/api/v1/auth/register 
 headers={'User-Agent': 'python-requests/2.32.3', 'Accept-Encoding': 'gzip, deflate', 'Accept': '*/*', 'Connection': 'keep-alive', 'Content-Length': '81', 'Content-Type': 'application/json'} 
 body=b'{"name": "Megan Gonzalez", "email": "philip83@example.org", "password": "2LXo5f"}' 
 </msg>
<msg time="2025-07-04T13:55:59.380552" level="INFO">POST Response : url=http://localhost:3002/api/v1/auth/register 
 status=400, reason=Bad Request 
 headers={'Vary': 'Origin', 'x-powered-by': 'Express', 'access-control-allow-origin': '*', 'content-type': 'application/json; charset=utf-8', 'content-length': '49', 'etag': 'W/"31-WKEMg8zALB1Ko0WjUHi/6RBGHVc"', 'date': 'Fri, 04 Jul 2025 16:55:59 GMT', 'connection': 'close'} 
 body={"success":false,"message":"User already exists"} 
 </msg>
<msg time="2025-07-04T13:55:59.380675" level="INFO">${response} = &lt;Response [400]&gt;</msg>
<var>${response}</var>
<arg>cinema</arg>
<arg>/auth/register</arg>
<arg>json=${body}</arg>
<arg>expected_status=any</arg>
<doc>Sends a POST request on a previously created HTTP Session.</doc>
<status status="PASS" start="2025-07-04T13:55:59.359327" elapsed="0.021372"/>
</kw>
<kw name="Log To Console" owner="BuiltIn">
<arg>Usuário com email já utilizado: ${body}</arg>
<doc>Logs the given message to the console.</doc>
<status status="PASS" start="2025-07-04T13:55:59.380828" elapsed="0.000390"/>
</kw>
<kw name="Set Test Variable" owner="BuiltIn">
<msg time="2025-07-04T13:55:59.381575" level="INFO">${response} = &lt;Response [400]&gt;</msg>
<arg>${response}</arg>
<doc>Makes a variable available everywhere within the scope of the current test.</doc>
<status status="PASS" start="2025-07-04T13:55:59.381333" elapsed="0.000273"/>
</kw>
<status status="PASS" start="2025-07-04T13:55:59.258563" elapsed="0.123080"/>
</kw>
<kw name="Validar status code" owner="geral_keywords">
<kw name="Should Be True" owner="BuiltIn">
<arg>${response.status_code}==${status_code}</arg>
<arg>O status code deveria ser "${status_code}" e não "${response.status_code}"</arg>
<doc>Fails if the given condition is not true.</doc>
<status status="PASS" start="2025-07-04T13:55:59.382142" elapsed="0.000571"/>
</kw>
<arg>400</arg>
<status status="PASS" start="2025-07-04T13:55:59.381962" elapsed="0.000788"/>
</kw>
<kw name="Validar mensagem" owner="geral_keywords">
<kw name="Should Be Equal" owner="BuiltIn">
<arg>${response.json()["message"]}</arg>
<arg>${mensagem}</arg>
<arg>A mensagem deveria ser "${mensagem}" e não "${response.json()["message"]}"</arg>
<doc>Fails if the given objects are unequal.</doc>
<status status="PASS" start="2025-07-04T13:55:59.383255" elapsed="0.000400"/>
</kw>
<kw name="Log To Console" owner="BuiltIn">
<arg>${response.json()["message"]}</arg>
<doc>Logs the given message to the console.</doc>
<status status="PASS" start="2025-07-04T13:55:59.383721" elapsed="0.000631"/>
</kw>
<arg>User already exists</arg>
<status status="PASS" start="2025-07-04T13:55:59.383097" elapsed="0.001315"/>
</kw>
<tag>cadastro_duplicado</tag>
<status status="PASS" start="2025-07-04T13:55:59.258102" elapsed="0.126517"/>
</test>
<status status="PASS" start="2025-07-04T13:55:58.346589" elapsed="1.039268"/>
</suite>
<suite id="s1-s2" name="Tests Movies" source="C:\Users\accro\Documents\compass\ChallengeFinal\challenge-final-compass\api\tests\tests_movies.robot">
<kw name="Criar sessão na API" owner="geral_keywords" type="SETUP">
<kw name="Create Session" owner="RequestsLibrary">
<msg time="2025-07-04T13:55:59.390104" level="INFO">Creating Session using : alias=cinema, url=http://localhost:3002/api/v1, headers={},                     cookies={}, auth=None, timeout=None, proxies=None, verify=False,                     debug=0 </msg>
<arg>cinema</arg>
<arg>${URL_BASE}</arg>
<doc>Create Session: create a HTTP session to a server</doc>
<status status="PASS" start="2025-07-04T13:55:59.390014" elapsed="0.000198"/>
</kw>
<status status="PASS" start="2025-07-04T13:55:59.389888" elapsed="0.000364"/>
</kw>
<test id="s1-s2-t1" name="CT15: GET Obter todos os filmes" line="7">
<kw name="GET Endpoint /movies" owner="movies_keywords">
<kw name="GET On Session" owner="RequestsLibrary">
<msg time="2025-07-04T13:55:59.456955" level="INFO">GET Request : url=http://localhost:3002/api/v1/movies 
 path_url=/api/v1/movies 
 headers={'User-Agent': 'python-requests/2.32.3', 'Accept-Encoding': 'gzip, deflate', 'Accept': '*/*', 'Connection': 'keep-alive'} 
 body=None 
 </msg>
<msg time="2025-07-04T13:55:59.457024" level="INFO">GET Response : url=http://localhost:3002/api/v1/movies 
 status=200, reason=OK 
 headers={'Vary': 'Origin', 'x-powered-by': 'Express', 'access-control-allow-origin': '*', 'content-type': 'application/json; charset=utf-8', 'content-length': '3618', 'etag': 'W/"e22-+B8gAWAwKfc7P4ni3P/mIGfUs/I"', 'date': 'Fri, 04 Jul 2025 16:55:59 GMT', 'connection': 'close'} 
 body={"success":true,"count":10,"pagination":{"next":{"page":2,"limit":10}},"data":[{"_id":"68680066267eb5eabb4d8ae3","title":"Consider might none.","synopsis":"Main natural adult fast maintain employee something. Respond really no push news.","director":"James Patterson","genres":["Fantasy","Mystery"],"duration":133,"classification":"PG","poster":"https://image.jpg","releaseDate":"2023-10-20T00:00:00.000Z","id":"68680066267eb5eabb4d8ae3"},{"_id":"68680119267eb5eabb4d8b4e","title":"Contain instead without.","synopsis":"Door with other must research discover media. Employee soldier same agency partner contain.","director":"Deborah Rowe","genres":["Sci-Fi","Action"],"duration":119,"classification":"PG","poster":"https://image.jpg","releaseDate":"2022-09-16T00:00:00.000Z","id":"68680119267eb5eabb4d8b4e"},{"_id":"6868002a267eb5eabb4d897b","title":"Area card.","synopsis":"Let it professor television care and. Young purpose question art well and.","director":"Sheila Adams","genres":["Comedy","Action"],"duration":112,"classification":"PG","poster":"https://image.jpg","releaseDate":"2020-09-01T00:00:00.000Z","id":"6868002a267eb5eabb4d897b"},{"_id":"6868011a267eb5eabb4d8b78","title":"Reflect nature.","synopsis":"Smile indeed item since fight talk. Raise black my.","director":"Candace Watkins","genres":["Action"],"duration":152,"classification":"PG","poster":"https://image.jpg","releaseDate":"2017-10-06T00:00:00.000Z","id":"6868011a267eb5eabb4d8b78"},{"_id":"68680063267eb5eabb4d8a87","title":"Imagine try knowledge.","synopsis":"Military stay call especially. Give really yourself top.","director":"Kelly Cross","genres":["Family"],"duration":108,"classification":"PG","poster":"https://image.jpg","releaseDate":"2012-07-11T00:00:00.000Z","id":"68680063267eb5eabb4d8a87"},{"_id":"6867479ed237c19874622a95","customId":"2","title":"The Avengers","synopsis":"Earth's mightiest heroes must come together to save the world.","director":"Joss Whedon","genres":["Action","Adventure"],"duration":143,"classification":"PG-13","poster":"avengers.jpg","releaseDate":"2012-05-04T00:00:00.000Z","id":"6867479ed237c19874622a95"},{"_id":"6867479ed237c19874622a94","customId":"1","title":"Inception","synopsis":"A thief who enters the dreams of others to steal their secrets.","director":"Christopher Nolan","genres":["Science Fiction","Action"],"duration":148,"classification":"PG-13","poster":"inception.jpg","releaseDate":"2010-07-16T00:00:00.000Z","id":"6867479ed237c19874622a94"},{"_id":"68680119267eb5eabb4d8b5b","title":"Resource my room.","synopsis":"Television religious study. Claim among allow than. Make might spring option check.","director":"Martin Medina","genres":["Drama","Action"],"duration":169,"classification":"PG","poster":"https://image.jpg","releaseDate":"2010-06-30T00:00:00.000Z","id":"68680119267eb5eabb4d8b5b"},{"_id":"68680065267eb5eabb4d8ab5","title":"Produce born question myself.","synopsis":"Threat trouble also apply customer. Research main late without national couple good. You military those successful boy each.","director":"Melinda Smith","genres":["Mystery"],"duration":81,"classification":"PG","poster":"https://image.jpg","releaseDate":"2008-01-15T00:00:00.000Z","id":"68680065267eb5eabb4d8ab5"},{"_id":"68680066267eb5eabb4d8ad2","title":"Call avoid president.","synopsis":"Religious gas prevent. Generation result indeed value eight in. Imagine near actually say doctor follow wrong.","director":"Ryan Brown","genres":["Adventure","Action"],"duration":90,"classification":"PG","poster":"https://image.jpg","releaseDate":"2007-05-19T00:00:00.000Z","id":"68680066267eb5eabb4d8ad2"}]} 
 </msg>
<msg time="2025-07-04T13:55:59.457121" level="INFO">${response} = &lt;Response [200]&gt;</msg>
<var>${response}</var>
<arg>cinema</arg>
<arg>/movies</arg>
<doc>Sends a GET request on a previously created HTTP Session.</doc>
<status status="PASS" start="2025-07-04T13:55:59.390695" elapsed="0.066442"/>
</kw>
<kw name="Set Test Variable" owner="BuiltIn">
<msg time="2025-07-04T13:55:59.457389" level="INFO">${response} = &lt;Response [200]&gt;</msg>
<arg>${response}</arg>
<doc>Makes a variable available everywhere within the scope of the current test.</doc>
<status status="PASS" start="2025-07-04T13:55:59.457269" elapsed="0.000145"/>
</kw>
<status status="PASS" start="2025-07-04T13:55:59.390567" elapsed="0.066885"/>
</kw>
<kw name="Validar status code" owner="geral_keywords">
<kw name="Should Be True" owner="BuiltIn">
<arg>${response.status_code}==${status_code}</arg>
<arg>O status code deveria ser "${status_code}" e não "${response.status_code}"</arg>
<doc>Fails if the given condition is not true.</doc>
<status status="PASS" start="2025-07-04T13:55:59.457979" elapsed="0.000637"/>
</kw>
<arg>200</arg>
<status status="PASS" start="2025-07-04T13:55:59.457790" elapsed="0.000875"/>
</kw>
<kw name="Validar resposta não vazia" owner="geral_keywords">
<kw name="Should Not Be Empty" owner="BuiltIn">
<msg time="2025-07-04T13:55:59.459403" level="INFO">Length is 4.</msg>
<arg>${response.json()}</arg>
<arg>Nenhuma informação foi retornada pela API</arg>
<doc>Verifies that the given item is not empty.</doc>
<status status="PASS" start="2025-07-04T13:55:59.459108" elapsed="0.000326"/>
</kw>
<status status="PASS" start="2025-07-04T13:55:59.458956" elapsed="0.000516"/>
</kw>
<tag>obter_todos</tag>
<status status="PASS" start="2025-07-04T13:55:59.390287" elapsed="0.069406"/>
</test>
<test id="s1-s2-t2" name="CT16: GET Verificar detalhes do filme" line="13">
<kw name="GET Endpoint /movies/id" owner="movies_keywords">
<kw name="POST Endpoint /movies" owner="movies_keywords">
<kw name="Obter header com token de admin" owner="geral_keywords">
<kw name="POST Endpoint /auth/login" owner="auth_keywords">
<kw name="Create Dictionary" owner="BuiltIn">
<msg time="2025-07-04T13:55:59.461219" level="INFO">${body} = {'email': 'admin@example.com', 'password': 'password123'}</msg>
<var>${body}</var>
<arg>email=${email}</arg>
<arg>password=${password}</arg>
<doc>Creates and returns a dictionary based on the given ``items``.</doc>
<status status="PASS" start="2025-07-04T13:55:59.461068" elapsed="0.000172"/>
</kw>
<kw name="POST On Session" owner="RequestsLibrary">
<msg time="2025-07-04T13:55:59.588477" level="INFO">POST Request : url=http://localhost:3002/api/v1/auth/login 
 path_url=/api/v1/auth/login 
 headers={'User-Agent': 'python-requests/2.32.3', 'Accept-Encoding': 'gzip, deflate', 'Accept': '*/*', 'Connection': 'keep-alive', 'Content-Length': '57', 'Content-Type': 'application/json'} 
 body=b'{"email": "admin@example.com", "password": "password123"}' 
 </msg>
<msg time="2025-07-04T13:55:59.588623" level="INFO">POST Response : url=http://localhost:3002/api/v1/auth/login 
 status=200, reason=OK 
 headers={'Vary': 'Origin', 'x-powered-by': 'Express', 'access-control-allow-origin': '*', 'content-type': 'application/json; charset=utf-8', 'content-length': '303', 'etag': 'W/"12f-LOHHVCCKrOKuehtHVAgEMisXVIY"', 'date': 'Fri, 04 Jul 2025 16:55:59 GMT', 'connection': 'close'} 
 body={"success":true,"data":{"_id":"6867479ed237c19874622a91","name":"Admin User","email":"admin@example.com","role":"admin","token":"eyJhbGciOiJIUzI1NiIsInR5cCI6IkpXVCJ9.eyJpZCI6IjY4Njc0NzllZDIzN2MxOTg3NDYyMmE5MSIsImlhdCI6MTc1MTY0ODE1OSwiZXhwIjoxNzUxNzM0NTU5fQ.CSJgV7b0IVxj1KqKxdWsA0tq6h_Q21MS9eTggalO-yM"}} 
 </msg>
<msg time="2025-07-04T13:55:59.588925" level="INFO">${response} = &lt;Response [200]&gt;</msg>
<var>${response}</var>
<arg>cinema</arg>
<arg>/auth/login</arg>
<arg>json=${body}</arg>
<doc>Sends a POST request on a previously created HTTP Session.</doc>
<status status="PASS" start="2025-07-04T13:55:59.461312" elapsed="0.127809"/>
</kw>
<kw name="Set Test Variable" owner="BuiltIn">
<msg time="2025-07-04T13:55:59.589800" level="INFO">${response} = &lt;Response [200]&gt;</msg>
<arg>${response}</arg>
<doc>Makes a variable available everywhere within the scope of the current test.</doc>
<status status="PASS" start="2025-07-04T13:55:59.589433" elapsed="0.000446"/>
</kw>
<arg>${EMAIL_ADMIN}</arg>
<arg>${SENHA}</arg>
<status status="PASS" start="2025-07-04T13:55:59.460913" elapsed="0.129071"/>
</kw>
<kw name="Validar se foi gerado um token de autenticação" owner="auth_keywords">
<kw name="Get From Dictionary" owner="Collections">
<msg time="2025-07-04T13:55:59.591728" level="INFO">${data} = {'_id': '6867479ed237c19874622a91', 'name': 'Admin User', 'email': 'admin@example.com', 'role': 'admin', 'token': 'eyJhbGciOiJIUzI1NiIsInR5cCI6IkpXVCJ9.eyJpZCI6IjY4Njc0NzllZDIzN2MxOTg3NDYyMmE5MSIsImlh...</msg>
<var>${data}</var>
<arg>${response.json()}</arg>
<arg>data</arg>
<doc>Returns a value from the given ``dictionary`` based on the given ``key``.</doc>
<status status="PASS" start="2025-07-04T13:55:59.590815" elapsed="0.000970"/>
</kw>
<kw name="Should Not Be Empty" owner="BuiltIn">
<msg time="2025-07-04T13:55:59.593077" level="INFO">Length is 171.</msg>
<arg>${data["token"]}</arg>
<arg>Token de autenticação não foi gerado</arg>
<doc>Verifies that the given item is not empty.</doc>
<status status="PASS" start="2025-07-04T13:55:59.592002" elapsed="0.001179"/>
</kw>
<kw name="Log To Console" owner="BuiltIn">
<arg>Token: ${data["token"]}</arg>
<doc>Logs the given message to the console.</doc>
<status status="PASS" start="2025-07-04T13:55:59.593434" elapsed="0.001052"/>
</kw>
<kw name="Set Test Variable" owner="BuiltIn">
<msg time="2025-07-04T13:55:59.595257" level="INFO">${data} = {'_id': '6867479ed237c19874622a91', 'name': 'Admin User', 'email': 'admin@example.com', 'role': 'admin', 'token': 'eyJhbGciOiJIUzI1NiIsInR5cCI6IkpXVCJ9.eyJpZCI6IjY4Njc0NzllZDIzN2MxOTg3NDYyMmE5MSIsImlh...</msg>
<arg>${data}</arg>
<doc>Makes a variable available everywhere within the scope of the current test.</doc>
<status status="PASS" start="2025-07-04T13:55:59.594792" elapsed="0.000559"/>
</kw>
<status status="PASS" start="2025-07-04T13:55:59.590280" elapsed="0.005183"/>
</kw>
<kw name="Guardar token gerado" owner="auth_keywords">
<kw name="Get From Dictionary" owner="Collections">
<msg time="2025-07-04T13:55:59.596767" level="INFO">${token} = eyJhbGciOiJIUzI1NiIsInR5cCI6IkpXVCJ9.eyJpZCI6IjY4Njc0NzllZDIzN2MxOTg3NDYyMmE5MSIsImlhdCI6MTc1MTY0ODE1OSwiZXhwIjoxNzUxNzM0NTU5fQ.CSJgV7b0IVxj1KqKxdWsA0tq6h_Q21MS9eTggalO-yM</msg>
<var>${token}</var>
<arg>${data}</arg>
<arg>token</arg>
<doc>Returns a value from the given ``dictionary`` based on the given ``key``.</doc>
<status status="PASS" start="2025-07-04T13:55:59.596442" elapsed="0.000397"/>
</kw>
<kw name="Set Test Variable" owner="BuiltIn">
<msg time="2025-07-04T13:55:59.597545" level="INFO">${token} = eyJhbGciOiJIUzI1NiIsInR5cCI6IkpXVCJ9.eyJpZCI6IjY4Njc0NzllZDIzN2MxOTg3NDYyMmE5MSIsImlhdCI6MTc1MTY0ODE1OSwiZXhwIjoxNzUxNzM0NTU5fQ.CSJgV7b0IVxj1KqKxdWsA0tq6h_Q21MS9eTggalO-yM</msg>
<arg>${token}</arg>
<doc>Makes a variable available everywhere within the scope of the current test.</doc>
<status status="PASS" start="2025-07-04T13:55:59.597120" elapsed="0.000513"/>
</kw>
<status status="PASS" start="2025-07-04T13:55:59.595897" elapsed="0.001837"/>
</kw>
<kw name="Create Dictionary" owner="BuiltIn">
<msg time="2025-07-04T13:55:59.598278" level="INFO">${header} = {'Authorization': 'Bearer eyJhbGciOiJIUzI1NiIsInR5cCI6IkpXVCJ9.eyJpZCI6IjY4Njc0NzllZDIzN2MxOTg3NDYyMmE5MSIsImlhdCI6MTc1MTY0ODE1OSwiZXhwIjoxNzUxNzM0NTU5fQ.CSJgV7b0IVxj1KqKxdWsA0tq6h_Q21MS9eTggalO-yM'}</msg>
<var>${header}</var>
<arg>Authorization=Bearer ${token}</arg>
<doc>Creates and returns a dictionary based on the given ``items``.</doc>
<status status="PASS" start="2025-07-04T13:55:59.597921" elapsed="0.000402"/>
</kw>
<kw name="Set Test Variable" owner="BuiltIn">
<msg time="2025-07-04T13:55:59.598780" level="INFO">${header} = {'Authorization': 'Bearer eyJhbGciOiJIUzI1NiIsInR5cCI6IkpXVCJ9.eyJpZCI6IjY4Njc0NzllZDIzN2MxOTg3NDYyMmE5MSIsImlhdCI6MTc1MTY0ODE1OSwiZXhwIjoxNzUxNzM0NTU5fQ.CSJgV7b0IVxj1KqKxdWsA0tq6h_Q21MS9eTggalO-yM'}</msg>
<arg>${header}</arg>
<doc>Makes a variable available everywhere within the scope of the current test.</doc>
<status status="PASS" start="2025-07-04T13:55:59.598502" elapsed="0.000347"/>
</kw>
<status status="PASS" start="2025-07-04T13:55:59.460786" elapsed="0.138159"/>
</kw>
<kw name="Body para cadastro de filme" owner="movies_keywords">
<kw name="Sentence" owner="FakerLibrary">
<msg time="2025-07-04T13:55:59.600165" level="INFO">${titulo} = Statement upon attorney.</msg>
<var>${titulo}</var>
<arg>nb_words=3</arg>
<doc>Generate a sentence.</doc>
<status status="PASS" start="2025-07-04T13:55:59.599684" elapsed="0.000538"/>
</kw>
<kw name="Paragraph" owner="FakerLibrary">
<msg time="2025-07-04T13:55:59.600632" level="INFO">${sinopse} = Office family major whole. Thank floor choice million same performance. Ask left add culture exactly thank.</msg>
<var>${sinopse}</var>
<doc>Generate a paragraph.</doc>
<status status="PASS" start="2025-07-04T13:55:59.600377" elapsed="0.000284"/>
</kw>
<kw name="Name" owner="FakerLibrary">
<msg time="2025-07-04T13:55:59.601154" level="INFO">${diretor} = Martin Smith</msg>
<var>${diretor}</var>
<doc>:example: 'John Doe'</doc>
<status status="PASS" start="2025-07-04T13:55:59.600788" elapsed="0.000406"/>
</kw>
<kw name="Create List" owner="BuiltIn">
<msg time="2025-07-04T13:55:59.601578" level="INFO">${todos_os_generos} = ['Fantasy', 'Adventure', 'Family', 'Drama', 'Comedy', 'Sci-Fi', 'Action', 'Mystery']</msg>
<var>${todos_os_generos}</var>
<arg>Fantasy</arg>
<arg>Adventure</arg>
<arg>Family</arg>
<arg>Drama</arg>
<arg>Comedy</arg>
<arg>Sci-Fi</arg>
<arg>Action</arg>
<arg>Mystery</arg>
<doc>Returns a list containing given items.</doc>
<status status="PASS" start="2025-07-04T13:55:59.601352" elapsed="0.000260"/>
</kw>
<kw name="Evaluate" owner="BuiltIn">
<msg time="2025-07-04T13:55:59.602542" level="INFO">@{generos} = [ Fantasy | Sci-Fi ]</msg>
<var>@{generos}</var>
<arg>random.sample(${todos_os_generos}, random.randint(1, 2))</arg>
<arg>modules=random</arg>
<doc>Evaluates the given expression in Python and returns the result.</doc>
<status status="PASS" start="2025-07-04T13:55:59.601890" elapsed="0.000714"/>
</kw>
<kw name="Random Int" owner="FakerLibrary">
<msg time="2025-07-04T13:55:59.603613" level="INFO">${duracao} = 159</msg>
<var>${duracao}</var>
<arg>min=80</arg>
<arg>max=180</arg>
<doc>Generate a random integer between two integers ``min`` and ``max`` inclusive
while observing the provided ``step`` value.</doc>
<status status="PASS" start="2025-07-04T13:55:59.602835" elapsed="0.000869"/>
</kw>
<kw name="Set Variable" owner="BuiltIn">
<msg time="2025-07-04T13:55:59.604410" level="INFO">${classificacao} = PG</msg>
<var>${classificacao}</var>
<arg>PG</arg>
<doc>Returns the given values which can then be assigned to a variables.</doc>
<status status="PASS" start="2025-07-04T13:55:59.604055" elapsed="0.000470"/>
</kw>
<kw name="Set Variable" owner="BuiltIn">
<msg time="2025-07-04T13:55:59.604960" level="INFO">${poster} = https://image.jpg</msg>
<var>${poster}</var>
<arg>https://image.jpg</arg>
<doc>Returns the given values which can then be assigned to a variables.</doc>
<status status="PASS" start="2025-07-04T13:55:59.604749" elapsed="0.000251"/>
</kw>
<kw name="Date" owner="FakerLibrary">
<msg time="2025-07-04T13:55:59.605554" level="INFO">${data_lancamento} = 1999-05-03</msg>
<var>${data_lancamento}</var>
<arg>pattern=%Y-%m-%d</arg>
<doc>Get a date string between January 1, 1970 and now.</doc>
<status status="PASS" start="2025-07-04T13:55:59.605169" elapsed="0.000431"/>
</kw>
<kw name="Create Dictionary" owner="BuiltIn">
<msg time="2025-07-04T13:55:59.606620" level="INFO">${body} = {'title': 'Statement upon attorney.', 'synopsis': 'Office family major whole. Thank floor choice million same performance. Ask left add culture exactly thank.', 'director': 'Martin Smith', 'genres': [...</msg>
<var>${body}</var>
<arg>title=${titulo}</arg>
<arg>synopsis=${sinopse}</arg>
<arg>director=${diretor}</arg>
<arg>genres=${generos}</arg>
<arg>duration=${duracao}</arg>
<arg>classification=${classificacao}</arg>
<arg>poster=${poster}</arg>
<arg>releaseDate=${data_lancamento}</arg>
<doc>Creates and returns a dictionary based on the given ``items``.</doc>
<status status="PASS" start="2025-07-04T13:55:59.605864" elapsed="0.000803"/>
</kw>
<kw name="Set Test Variable" owner="BuiltIn">
<msg time="2025-07-04T13:55:59.607157" level="INFO">${body} = {'title': 'Statement upon attorney.', 'synopsis': 'Office family major whole. Thank floor choice million same performance. Ask left add culture exactly thank.', 'director': 'Martin Smith', 'genres': [...</msg>
<arg>${body}</arg>
<doc>Makes a variable available everywhere within the scope of the current test.</doc>
<status status="PASS" start="2025-07-04T13:55:59.606866" elapsed="0.000355"/>
</kw>
<status status="PASS" start="2025-07-04T13:55:59.599243" elapsed="0.008069"/>
</kw>
<kw name="POST On Session" owner="RequestsLibrary">
<msg time="2025-07-04T13:55:59.654823" level="INFO">POST Request : url=http://localhost:3002/api/v1/movies 
 path_url=/api/v1/movies 
 headers={'User-Agent': 'python-requests/2.32.3', 'Accept-Encoding': 'gzip, deflate', 'Accept': '*/*', 'Connection': 'keep-alive', 'Authorization': 'Bearer eyJhbGciOiJIUzI1NiIsInR5cCI6IkpXVCJ9.eyJpZCI6IjY4Njc0NzllZDIzN2MxOTg3NDYyMmE5MSIsImlhdCI6MTc1MTY0ODE1OSwiZXhwIjoxNzUxNzM0NTU5fQ.CSJgV7b0IVxj1KqKxdWsA0tq6h_Q21MS9eTggalO-yM', 'Content-Length': '322', 'Content-Type': 'application/json'} 
 body=b'{"title": "Statement upon attorney.", "synopsis": "Office family major whole. Thank floor choice million same performance. Ask left add culture exactly thank.", "director": "Martin Smith", "genres": ["Fantasy", "Sci-Fi"], "duration": 159, "classification": "PG", "poster": "https://image.jpg", "releaseDate": "1999-05-03"}' 
 </msg>
<msg time="2025-07-04T13:55:59.654901" level="INFO">POST Response : url=http://localhost:3002/api/v1/movies 
 status=201, reason=Created 
 headers={'Vary': 'Origin', 'x-powered-by': 'Express', 'access-control-allow-origin': '*', 'content-type': 'application/json; charset=utf-8', 'content-length': '495', 'etag': 'W/"1ef-2Y13HAiXMRTumzi2G6L8X3O4/tE"', 'date': 'Fri, 04 Jul 2025 16:55:59 GMT', 'connection': 'close'} 
 body={"success":true,"data":{"title":"Statement upon attorney.","synopsis":"Office family major whole. Thank floor choice million same performance. Ask left add culture exactly thank.","director":"Martin Smith","genres":["Fantasy","Sci-Fi"],"duration":159,"classification":"PG","poster":"https://image.jpg","releaseDate":"1999-05-03T00:00:00.000Z","_id":"6868079f267eb5eabb4d8d77","createdAt":"2025-07-04T16:55:59.624Z","updatedAt":"2025-07-04T16:55:59.624Z","__v":0,"id":"6868079f267eb5eabb4d8d77"}} 
 </msg>
<msg time="2025-07-04T13:55:59.654999" level="INFO">${response} = &lt;Response [201]&gt;</msg>
<var>${response}</var>
<arg>cinema</arg>
<arg>/movies</arg>
<arg>json=${body}</arg>
<arg>headers=${header}</arg>
<doc>Sends a POST request on a previously created HTTP Session.</doc>
<status status="PASS" start="2025-07-04T13:55:59.607453" elapsed="0.047566"/>
</kw>
<kw name="Log To Console" owner="BuiltIn">
<arg>Filme criado: ${body}</arg>
<doc>Logs the given message to the console.</doc>
<status status="PASS" start="2025-07-04T13:55:59.655164" elapsed="0.000398"/>
</kw>
<kw name="Set Test Variable" owner="BuiltIn">
<msg time="2025-07-04T13:55:59.655950" level="INFO">${response} = &lt;Response [201]&gt;</msg>
<arg>${response}</arg>
<doc>Makes a variable available everywhere within the scope of the current test.</doc>
<status status="PASS" start="2025-07-04T13:55:59.655781" elapsed="0.000205"/>
</kw>
<status status="PASS" start="2025-07-04T13:55:59.460647" elapsed="0.195392"/>
</kw>
<kw name="Obter id" owner="geral_keywords">
<kw name="Get From Dictionary" owner="Collections">
<msg time="2025-07-04T13:55:59.656825" level="INFO">${data} = {'title': 'Statement upon attorney.', 'synopsis': 'Office family major whole. Thank floor choice million same performance. Ask left add culture exactly thank.', 'director': 'Martin Smith', 'genres': [...</msg>
<var>${data}</var>
<arg>${response.json()}</arg>
<arg>data</arg>
<doc>Returns a value from the given ``dictionary`` based on the given ``key``.</doc>
<status status="PASS" start="2025-07-04T13:55:59.656421" elapsed="0.000429"/>
</kw>
<kw name="Run Keyword And Return Status" owner="BuiltIn">
<kw name="Dictionary Should Contain Key" owner="Collections">
<arg>${data}</arg>
<arg>id</arg>
<doc>Fails if ``key`` is not found from ``dictionary``.</doc>
<status status="PASS" start="2025-07-04T13:55:59.657074" elapsed="0.000167"/>
</kw>
<msg time="2025-07-04T13:55:59.657308" level="INFO">${tem_id} = True</msg>
<var>${tem_id}</var>
<arg>Dictionary Should Contain Key</arg>
<arg>${data}</arg>
<arg>id</arg>
<doc>Runs the given keyword with given arguments and returns the status as a Boolean value.</doc>
<status status="PASS" start="2025-07-04T13:55:59.656954" elapsed="0.000371"/>
</kw>
<if>
<branch type="IF" condition="${tem_id}">
<kw name="Get From Dictionary" owner="Collections">
<msg time="2025-07-04T13:55:59.657631" level="INFO">${id} = 6868079f267eb5eabb4d8d77</msg>
<var>${id}</var>
<arg>${data}</arg>
<arg>id</arg>
<doc>Returns a value from the given ``dictionary`` based on the given ``key``.</doc>
<status status="PASS" start="2025-07-04T13:55:59.657519" elapsed="0.000132"/>
</kw>
<status status="PASS" start="2025-07-04T13:55:59.657397" elapsed="0.000281"/>
</branch>
<branch type="ELSE">
<kw name="Get From Dictionary" owner="Collections">
<var>${id}</var>
<arg>${data}</arg>
<arg>_id</arg>
<doc>Returns a value from the given ``dictionary`` based on the given ``key``.</doc>
<status status="NOT RUN" start="2025-07-04T13:55:59.657774" elapsed="0.000014"/>
</kw>
<status status="NOT RUN" start="2025-07-04T13:55:59.657701" elapsed="0.000112"/>
</branch>
<status status="PASS" start="2025-07-04T13:55:59.657374" elapsed="0.000455"/>
</if>
<kw name="Set Test Variable" owner="BuiltIn">
<msg time="2025-07-04T13:55:59.658021" level="INFO">${id} = 6868079f267eb5eabb4d8d77</msg>
<arg>${id}</arg>
<doc>Makes a variable available everywhere within the scope of the current test.</doc>
<status status="PASS" start="2025-07-04T13:55:59.657906" elapsed="0.000147"/>
</kw>
<status status="PASS" start="2025-07-04T13:55:59.656212" elapsed="0.001886"/>
</kw>
<kw name="GET On Session" owner="RequestsLibrary">
<msg time="2025-07-04T13:55:59.698491" level="INFO">GET Request : url=http://localhost:3002/api/v1/movies/6868079f267eb5eabb4d8d77 
 path_url=/api/v1/movies/6868079f267eb5eabb4d8d77 
 headers={'User-Agent': 'python-requests/2.32.3', 'Accept-Encoding': 'gzip, deflate', 'Accept': '*/*', 'Connection': 'keep-alive'} 
 body=None 
 </msg>
<msg time="2025-07-04T13:55:59.698567" level="INFO">GET Response : url=http://localhost:3002/api/v1/movies/6868079f267eb5eabb4d8d77 
 status=200, reason=OK 
 headers={'Vary': 'Origin', 'x-powered-by': 'Express', 'access-control-allow-origin': '*', 'content-type': 'application/json; charset=utf-8', 'content-length': '509', 'etag': 'W/"1fd-HTkeewnPxX1fpej0EjS4rc5HB8s"', 'date': 'Fri, 04 Jul 2025 16:55:59 GMT', 'connection': 'close'} 
 body={"success":true,"data":{"_id":"6868079f267eb5eabb4d8d77","title":"Statement upon attorney.","synopsis":"Office family major whole. Thank floor choice million same performance. Ask left add culture exactly thank.","director":"Martin Smith","genres":["Fantasy","Sci-Fi"],"duration":159,"classification":"PG","poster":"https://image.jpg","releaseDate":"1999-05-03T00:00:00.000Z","createdAt":"2025-07-04T16:55:59.624Z","updatedAt":"2025-07-04T16:55:59.624Z","__v":0,"sessions":[],"id":"6868079f267eb5eabb4d8d77"}} 
 </msg>
<msg time="2025-07-04T13:55:59.698714" level="INFO">${response} = &lt;Response [200]&gt;</msg>
<var>${response}</var>
<arg>cinema</arg>
<arg>/movies/${id}</arg>
<doc>Sends a GET request on a previously created HTTP Session.</doc>
<status status="PASS" start="2025-07-04T13:55:59.658168" elapsed="0.040564"/>
</kw>
<kw name="Log To Console" owner="BuiltIn">
<arg>Filme de id ${id}: ${response.content}</arg>
<doc>Logs the given message to the console.</doc>
<status status="PASS" start="2025-07-04T13:55:59.698855" elapsed="0.000743"/>
</kw>
<kw name="Set Test Variable" owner="BuiltIn">
<msg time="2025-07-04T13:55:59.700177" level="INFO">${response} = &lt;Response [200]&gt;</msg>
<arg>${response}</arg>
<doc>Makes a variable available everywhere within the scope of the current test.</doc>
<status status="PASS" start="2025-07-04T13:55:59.699914" elapsed="0.000319"/>
</kw>
<status status="PASS" start="2025-07-04T13:55:59.460492" elapsed="0.239813"/>
</kw>
<kw name="Validar status code" owner="geral_keywords">
<kw name="Should Be True" owner="BuiltIn">
<arg>${response.status_code}==${status_code}</arg>
<arg>O status code deveria ser "${status_code}" e não "${response.status_code}"</arg>
<doc>Fails if the given condition is not true.</doc>
<status status="PASS" start="2025-07-04T13:55:59.700757" elapsed="0.000723"/>
</kw>
<arg>200</arg>
<status status="PASS" start="2025-07-04T13:55:59.700535" elapsed="0.000998"/>
</kw>
<kw name="Validar resposta não vazia" owner="geral_keywords">
<kw name="Should Not Be Empty" owner="BuiltIn">
<msg time="2025-07-04T13:55:59.702476" level="INFO">Length is 2.</msg>
<arg>${response.json()}</arg>
<arg>Nenhuma informação foi retornada pela API</arg>
<doc>Verifies that the given item is not empty.</doc>
<status status="PASS" start="2025-07-04T13:55:59.702140" elapsed="0.000373"/>
</kw>
<status status="PASS" start="2025-07-04T13:55:59.701874" elapsed="0.000683"/>
</kw>
<tag>detalhes</tag>
<status status="PASS" start="2025-07-04T13:55:59.460080" elapsed="0.242668"/>
</test>
<test id="s1-s2-t3" name="CT19: POST Cadastrar filme com dados válidos" line="19">
<kw name="POST Endpoint /movies" owner="movies_keywords">
<kw name="Obter header com token de admin" owner="geral_keywords">
<kw name="POST Endpoint /auth/login" owner="auth_keywords">
<kw name="Create Dictionary" owner="BuiltIn">
<msg time="2025-07-04T13:55:59.704803" level="INFO">${body} = {'email': 'admin@example.com', 'password': 'password123'}</msg>
<var>${body}</var>
<arg>email=${email}</arg>
<arg>password=${password}</arg>
<doc>Creates and returns a dictionary based on the given ``items``.</doc>
<status status="PASS" start="2025-07-04T13:55:59.704643" elapsed="0.000183"/>
</kw>
<kw name="POST On Session" owner="RequestsLibrary">
<msg time="2025-07-04T13:55:59.807842" level="INFO">POST Request : url=http://localhost:3002/api/v1/auth/login 
 path_url=/api/v1/auth/login 
 headers={'User-Agent': 'python-requests/2.32.3', 'Accept-Encoding': 'gzip, deflate', 'Accept': '*/*', 'Connection': 'keep-alive', 'Content-Length': '57', 'Content-Type': 'application/json'} 
 body=b'{"email": "admin@example.com", "password": "password123"}' 
 </msg>
<msg time="2025-07-04T13:55:59.807909" level="INFO">POST Response : url=http://localhost:3002/api/v1/auth/login 
 status=200, reason=OK 
 headers={'Vary': 'Origin', 'x-powered-by': 'Express', 'access-control-allow-origin': '*', 'content-type': 'application/json; charset=utf-8', 'content-length': '303', 'etag': 'W/"12f-LOHHVCCKrOKuehtHVAgEMisXVIY"', 'date': 'Fri, 04 Jul 2025 16:55:59 GMT', 'connection': 'close'} 
 body={"success":true,"data":{"_id":"6867479ed237c19874622a91","name":"Admin User","email":"admin@example.com","role":"admin","token":"eyJhbGciOiJIUzI1NiIsInR5cCI6IkpXVCJ9.eyJpZCI6IjY4Njc0NzllZDIzN2MxOTg3NDYyMmE5MSIsImlhdCI6MTc1MTY0ODE1OSwiZXhwIjoxNzUxNzM0NTU5fQ.CSJgV7b0IVxj1KqKxdWsA0tq6h_Q21MS9eTggalO-yM"}} 
 </msg>
<msg time="2025-07-04T13:55:59.807995" level="INFO">${response} = &lt;Response [200]&gt;</msg>
<var>${response}</var>
<arg>cinema</arg>
<arg>/auth/login</arg>
<arg>json=${body}</arg>
<doc>Sends a POST request on a previously created HTTP Session.</doc>
<status status="PASS" start="2025-07-04T13:55:59.704906" elapsed="0.103107"/>
</kw>
<kw name="Set Test Variable" owner="BuiltIn">
<msg time="2025-07-04T13:55:59.808278" level="INFO">${response} = &lt;Response [200]&gt;</msg>
<arg>${response}</arg>
<doc>Makes a variable available everywhere within the scope of the current test.</doc>
<status status="PASS" start="2025-07-04T13:55:59.808141" elapsed="0.000176"/>
</kw>
<arg>${EMAIL_ADMIN}</arg>
<arg>${SENHA}</arg>
<status status="PASS" start="2025-07-04T13:55:59.704414" elapsed="0.103945"/>
</kw>
<kw name="Validar se foi gerado um token de autenticação" owner="auth_keywords">
<kw name="Get From Dictionary" owner="Collections">
<msg time="2025-07-04T13:55:59.808985" level="INFO">${data} = {'_id': '6867479ed237c19874622a91', 'name': 'Admin User', 'email': 'admin@example.com', 'role': 'admin', 'token': 'eyJhbGciOiJIUzI1NiIsInR5cCI6IkpXVCJ9.eyJpZCI6IjY4Njc0NzllZDIzN2MxOTg3NDYyMmE5MSIsImlh...</msg>
<var>${data}</var>
<arg>${response.json()}</arg>
<arg>data</arg>
<doc>Returns a value from the given ``dictionary`` based on the given ``key``.</doc>
<status status="PASS" start="2025-07-04T13:55:59.808659" elapsed="0.000347"/>
</kw>
<kw name="Should Not Be Empty" owner="BuiltIn">
<msg time="2025-07-04T13:55:59.809355" level="INFO">Length is 171.</msg>
<arg>${data["token"]}</arg>
<arg>Token de autenticação não foi gerado</arg>
<doc>Verifies that the given item is not empty.</doc>
<status status="PASS" start="2025-07-04T13:55:59.809085" elapsed="0.000300"/>
</kw>
<kw name="Log To Console" owner="BuiltIn">
<arg>Token: ${data["token"]}</arg>
<doc>Logs the given message to the console.</doc>
<status status="PASS" start="2025-07-04T13:55:59.809457" elapsed="0.000492"/>
</kw>
<kw name="Set Test Variable" owner="BuiltIn">
<msg time="2025-07-04T13:55:59.810211" level="INFO">${data} = {'_id': '6867479ed237c19874622a91', 'name': 'Admin User', 'email': 'admin@example.com', 'role': 'admin', 'token': 'eyJhbGciOiJIUzI1NiIsInR5cCI6IkpXVCJ9.eyJpZCI6IjY4Njc0NzllZDIzN2MxOTg3NDYyMmE5MSIsImlh...</msg>
<arg>${data}</arg>
<doc>Makes a variable available everywhere within the scope of the current test.</doc>
<status status="PASS" start="2025-07-04T13:55:59.810074" elapsed="0.000169"/>
</kw>
<status status="PASS" start="2025-07-04T13:55:59.808480" elapsed="0.001801"/>
</kw>
<kw name="Guardar token gerado" owner="auth_keywords">
[...]
<status status="PASS" start="2025-07-04T13:56:05.177379" elapsed="0.001105"/>
</kw>
<kw name="Run Keyword And Return Status" owner="BuiltIn">
<kw name="Dictionary Should Contain Key" owner="Collections">
<arg>${data}</arg>
<arg>id</arg>
<doc>Fails if ``key`` is not found from ``dictionary``.</doc>
<status status="PASS" start="2025-07-04T13:56:05.179032" elapsed="0.000201"/>
</kw>
<msg time="2025-07-04T13:56:05.179350" level="INFO">${tem_id} = True</msg>
<var>${tem_id}</var>
<arg>Dictionary Should Contain Key</arg>
<arg>${data}</arg>
<arg>id</arg>
<doc>Runs the given keyword with given arguments and returns the status as a Boolean value.</doc>
<status status="PASS" start="2025-07-04T13:56:05.178801" elapsed="0.000582"/>
</kw>
<if>
<branch type="IF" condition="${tem_id}">
<kw name="Get From Dictionary" owner="Collections">
<msg time="2025-07-04T13:56:05.179858" level="INFO">${id} = 686807a5267eb5eabb4d8e29</msg>
<var>${id}</var>
<arg>${data}</arg>
<arg>id</arg>
<doc>Returns a value from the given ``dictionary`` based on the given ``key``.</doc>
<status status="PASS" start="2025-07-04T13:56:05.179673" elapsed="0.000218"/>
</kw>
<status status="PASS" start="2025-07-04T13:56:05.179497" elapsed="0.000448"/>
</branch>
<branch type="ELSE">
<kw name="Get From Dictionary" owner="Collections">
<var>${id}</var>
<arg>${data}</arg>
<arg>_id</arg>
<doc>Returns a value from the given ``dictionary`` based on the given ``key``.</doc>
<status status="NOT RUN" start="2025-07-04T13:56:05.180107" elapsed="0.000025"/>
</kw>
<status status="NOT RUN" start="2025-07-04T13:56:05.179983" elapsed="0.000198"/>
</branch>
<status status="PASS" start="2025-07-04T13:56:05.179469" elapsed="0.000743"/>
</if>
<kw name="Set Test Variable" owner="BuiltIn">
<msg time="2025-07-04T13:56:05.180580" level="INFO">${id} = 686807a5267eb5eabb4d8e29</msg>
<arg>${id}</arg>
<doc>Makes a variable available everywhere within the scope of the current test.</doc>
<status status="PASS" start="2025-07-04T13:56:05.180339" elapsed="0.000298"/>
</kw>
<status status="PASS" start="2025-07-04T13:56:05.177017" elapsed="0.003698"/>
</kw>
<kw name="GET On Session" owner="RequestsLibrary">
<msg time="2025-07-04T13:56:05.220994" level="INFO">GET Request : url=http://localhost:3002/api/v1/theaters/686807a5267eb5eabb4d8e29 
 path_url=/api/v1/theaters/686807a5267eb5eabb4d8e29 
 headers={'User-Agent': 'python-requests/2.32.3', 'Accept-Encoding': 'gzip, deflate', 'Accept': '*/*', 'Connection': 'keep-alive'} 
 body=None 
 </msg>
<msg time="2025-07-04T13:56:05.221061" level="INFO">GET Response : url=http://localhost:3002/api/v1/theaters/686807a5267eb5eabb4d8e29 
 status=200, reason=OK 
 headers={'Vary': 'Origin', 'x-powered-by': 'Express', 'access-control-allow-origin': '*', 'content-type': 'application/json; charset=utf-8', 'content-length': '256', 'etag': 'W/"100-t4rHJh6mp1U1roVgSxd53YMJYuY"', 'date': 'Fri, 04 Jul 2025 16:56:05 GMT', 'connection': 'close'} 
 body={"success":true,"data":{"_id":"686807a5267eb5eabb4d8e29","name":"Theater difficult 778469","capacity":80,"type":"standard","createdAt":"2025-07-04T16:56:05.147Z","updatedAt":"2025-07-04T16:56:05.147Z","__v":0,"sessions":[],"id":"686807a5267eb5eabb4d8e29"}} 
 </msg>
<msg time="2025-07-04T13:56:05.221145" level="INFO">${response} = &lt;Response [200]&gt;</msg>
<var>${response}</var>
<arg>cinema</arg>
<arg>/theaters/${id}</arg>
<doc>Sends a GET request on a previously created HTTP Session.</doc>
<status status="PASS" start="2025-07-04T13:56:05.180940" elapsed="0.040221"/>
</kw>
<kw name="Log To Console" owner="BuiltIn">
<arg>Cinema de id ${id}: ${response.content}</arg>
<doc>Logs the given message to the console.</doc>
<status status="PASS" start="2025-07-04T13:56:05.221288" elapsed="0.000877"/>
</kw>
<kw name="Set Test Variable" owner="BuiltIn">
<msg time="2025-07-04T13:56:05.222447" level="INFO">${response} = &lt;Response [200]&gt;</msg>
<arg>${response}</arg>
<doc>Makes a variable available everywhere within the scope of the current test.</doc>
<status status="PASS" start="2025-07-04T13:56:05.222309" elapsed="0.000169"/>
</kw>
<status status="PASS" start="2025-07-04T13:56:05.042149" elapsed="0.180379"/>
</kw>
<kw name="Validar status code" owner="geral_keywords">
<kw name="Should Be True" owner="BuiltIn">
<arg>${response.status_code}==${status_code}</arg>
<arg>O status code deveria ser "${status_code}" e não "${response.status_code}"</arg>
<doc>Fails if the given condition is not true.</doc>
<status status="PASS" start="2025-07-04T13:56:05.223240" elapsed="0.001137"/>
</kw>
<arg>200</arg>
<status status="PASS" start="2025-07-04T13:56:05.222850" elapsed="0.001598"/>
</kw>
<kw name="Validar resposta não vazia" owner="geral_keywords">
<kw name="Should Not Be Empty" owner="BuiltIn">
<msg time="2025-07-04T13:56:05.225563" level="INFO">Length is 2.</msg>
<arg>${response.json()}</arg>
<arg>Nenhuma informação foi retornada pela API</arg>
<doc>Verifies that the given item is not empty.</doc>
<status status="PASS" start="2025-07-04T13:56:05.225171" elapsed="0.000439"/>
</kw>
<status status="PASS" start="2025-07-04T13:56:05.224893" elapsed="0.000776"/>
</kw>
<tag>detalhes</tag>
<status status="PASS" start="2025-07-04T13:56:05.041599" elapsed="0.184478"/>
</test>
<test id="s1-s5-t3" name="CT51: POST Cadastrar cinema com dados válidos" line="19">
<kw name="POST Endpoint /theaters" owner="theaters_keywords">
<kw name="Obter header com token de admin" owner="geral_keywords">
<kw name="POST Endpoint /auth/login" owner="auth_keywords">
<kw name="Create Dictionary" owner="BuiltIn">
<msg time="2025-07-04T13:56:05.228626" level="INFO">${body} = {'email': 'admin@example.com', 'password': 'password123'}</msg>
<var>${body}</var>
<arg>email=${email}</arg>
<arg>password=${password}</arg>
<doc>Creates and returns a dictionary based on the given ``items``.</doc>
<status status="PASS" start="2025-07-04T13:56:05.228362" elapsed="0.000299"/>
</kw>
<kw name="POST On Session" owner="RequestsLibrary">
<msg time="2025-07-04T13:56:05.310839" level="INFO">POST Request : url=http://localhost:3002/api/v1/auth/login 
 path_url=/api/v1/auth/login 
 headers={'User-Agent': 'python-requests/2.32.3', 'Accept-Encoding': 'gzip, deflate', 'Accept': '*/*', 'Connection': 'keep-alive', 'Content-Length': '57', 'Content-Type': 'application/json'} 
 body=b'{"email": "admin@example.com", "password": "password123"}' 
 </msg>
<msg time="2025-07-04T13:56:05.311023" level="INFO">POST Response : url=http://localhost:3002/api/v1/auth/login 
 status=200, reason=OK 
 headers={'Vary': 'Origin', 'x-powered-by': 'Express', 'access-control-allow-origin': '*', 'content-type': 'application/json; charset=utf-8', 'content-length': '303', 'etag': 'W/"12f-0fZqFzCXS+ccqq8NnMq6S1OP0kg"', 'date': 'Fri, 04 Jul 2025 16:56:05 GMT', 'connection': 'close'} 
 body={"success":true,"data":{"_id":"6867479ed237c19874622a91","name":"Admin User","email":"admin@example.com","role":"admin","token":"eyJhbGciOiJIUzI1NiIsInR5cCI6IkpXVCJ9.eyJpZCI6IjY4Njc0NzllZDIzN2MxOTg3NDYyMmE5MSIsImlhdCI6MTc1MTY0ODE2NSwiZXhwIjoxNzUxNzM0NTY1fQ.DvjkGsc9i3E-JPfGRbL_pfw7x0gPcD8TZyn6NNgRUPg"}} 
 </msg>
<msg time="2025-07-04T13:56:05.311227" level="INFO">${response} = &lt;Response [200]&gt;</msg>
<var>${response}</var>
<arg>cinema</arg>
<arg>/auth/login</arg>
<arg>json=${body}</arg>
<doc>Sends a POST request on a previously created HTTP Session.</doc>
<status status="PASS" start="2025-07-04T13:56:05.228815" elapsed="0.082441"/>
</kw>
<kw name="Set Test Variable" owner="BuiltIn">
<msg time="2025-07-04T13:56:05.311728" level="INFO">${response} = &lt;Response [200]&gt;</msg>
<arg>${response}</arg>
<doc>Makes a variable available everywhere within the scope of the current test.</doc>
<status status="PASS" start="2025-07-04T13:56:05.311483" elapsed="0.000321"/>
</kw>
<arg>${EMAIL_ADMIN}</arg>
<arg>${SENHA}</arg>
<status status="PASS" start="2025-07-04T13:56:05.228036" elapsed="0.083889"/>
</kw>
<kw name="Validar se foi gerado um token de autenticação" owner="auth_keywords">
<kw name="Get From Dictionary" owner="Collections">
<msg time="2025-07-04T13:56:05.312537" level="INFO">${data} = {'_id': '6867479ed237c19874622a91', 'name': 'Admin User', 'email': 'admin@example.com', 'role': 'admin', 'token': 'eyJhbGciOiJIUzI1NiIsInR5cCI6IkpXVCJ9.eyJpZCI6IjY4Njc0NzllZDIzN2MxOTg3NDYyMmE5MSIsImlh...</msg>
<var>${data}</var>
<arg>${response.json()}</arg>
<arg>data</arg>
<doc>Returns a value from the given ``dictionary`` based on the given ``key``.</doc>
<status status="PASS" start="2025-07-04T13:56:05.312224" elapsed="0.000334"/>
</kw>
<kw name="Should Not Be Empty" owner="BuiltIn">
<msg time="2025-07-04T13:56:05.312904" level="INFO">Length is 171.</msg>
<arg>${data["token"]}</arg>
<arg>Token de autenticação não foi gerado</arg>
<doc>Verifies that the given item is not empty.</doc>
<status status="PASS" start="2025-07-04T13:56:05.312645" elapsed="0.000287"/>
</kw>
<kw name="Log To Console" owner="BuiltIn">
<arg>Token: ${data["token"]}</arg>
<doc>Logs the given message to the console.</doc>
<status status="PASS" start="2025-07-04T13:56:05.313001" elapsed="0.000595"/>
</kw>
<kw name="Set Test Variable" owner="BuiltIn">
<msg time="2025-07-04T13:56:05.313819" level="INFO">${data} = {'_id': '6867479ed237c19874622a91', 'name': 'Admin User', 'email': 'admin@example.com', 'role': 'admin', 'token': 'eyJhbGciOiJIUzI1NiIsInR5cCI6IkpXVCJ9.eyJpZCI6IjY4Njc0NzllZDIzN2MxOTg3NDYyMmE5MSIsImlh...</msg>
<arg>${data}</arg>
<doc>Makes a variable available everywhere within the scope of the current test.</doc>
<status status="PASS" start="2025-07-04T13:56:05.313691" elapsed="0.000155"/>
</kw>
<status status="PASS" start="2025-07-04T13:56:05.312063" elapsed="0.001821"/>
</kw>
<kw name="Guardar token gerado" owner="auth_keywords">
<kw name="Get From Dictionary" owner="Collections">
<msg time="2025-07-04T13:56:05.314205" level="INFO">${token} = eyJhbGciOiJIUzI1NiIsInR5cCI6IkpXVCJ9.eyJpZCI6IjY4Njc0NzllZDIzN2MxOTg3NDYyMmE5MSIsImlhdCI6MTc1MTY0ODE2NSwiZXhwIjoxNzUxNzM0NTY1fQ.DvjkGsc9i3E-JPfGRbL_pfw7x0gPcD8TZyn6NNgRUPg</msg>
<var>${token}</var>
<arg>${data}</arg>
<arg>token</arg>
<doc>Returns a value from the given ``dictionary`` based on the given ``key``.</doc>
<status status="PASS" start="2025-07-04T13:56:05.314122" elapsed="0.000097"/>
</kw>
<kw name="Set Test Variable" owner="BuiltIn">
<msg time="2025-07-04T13:56:05.314399" level="INFO">${token} = eyJhbGciOiJIUzI1NiIsInR5cCI6IkpXVCJ9.eyJpZCI6IjY4Njc0NzllZDIzN2MxOTg3NDYyMmE5MSIsImlhdCI6MTc1MTY0ODE2NSwiZXhwIjoxNzUxNzM0NTY1fQ.DvjkGsc9i3E-JPfGRbL_pfw7x0gPcD8TZyn6NNgRUPg</msg>
<arg>${token}</arg>
<doc>Makes a variable available everywhere within the scope of the current test.</doc>
<status status="PASS" start="2025-07-04T13:56:05.314320" elapsed="0.000099"/>
</kw>
<status status="PASS" start="2025-07-04T13:56:05.313985" elapsed="0.000462"/>
</kw>
<kw name="Create Dictionary" owner="BuiltIn">
<msg time="2025-07-04T13:56:05.314604" level="INFO">${header} = {'Authorization': 'Bearer eyJhbGciOiJIUzI1NiIsInR5cCI6IkpXVCJ9.eyJpZCI6IjY4Njc0NzllZDIzN2MxOTg3NDYyMmE5MSIsImlhdCI6MTc1MTY0ODE2NSwiZXhwIjoxNzUxNzM0NTY1fQ.DvjkGsc9i3E-JPfGRbL_pfw7x0gPcD8TZyn6NNgRUPg'}</msg>
<var>${header}</var>
<arg>Authorization=Bearer ${token}</arg>
<doc>Creates and returns a dictionary based on the given ``items``.</doc>
<status status="PASS" start="2025-07-04T13:56:05.314499" elapsed="0.000119"/>
</kw>
<kw name="Set Test Variable" owner="BuiltIn">
<msg time="2025-07-04T13:56:05.314743" level="INFO">${header} = {'Authorization': 'Bearer eyJhbGciOiJIUzI1NiIsInR5cCI6IkpXVCJ9.eyJpZCI6IjY4Njc0NzllZDIzN2MxOTg3NDYyMmE5MSIsImlhdCI6MTc1MTY0ODE2NSwiZXhwIjoxNzUxNzM0NTY1fQ.DvjkGsc9i3E-JPfGRbL_pfw7x0gPcD8TZyn6NNgRUPg'}</msg>
<arg>${header}</arg>
<doc>Makes a variable available everywhere within the scope of the current test.</doc>
<status status="PASS" start="2025-07-04T13:56:05.314672" elapsed="0.000090"/>
</kw>
<status status="PASS" start="2025-07-04T13:56:05.227704" elapsed="0.087083"/>
</kw>
<kw name="Body para cadastro de cinema" owner="theaters_keywords">
<kw name="Word" owner="FakerLibrary">
<msg time="2025-07-04T13:56:05.315111" level="INFO">${palavra} = soldier</msg>
<var>${palavra}</var>
<doc>Generate a word.</doc>
<status status="PASS" start="2025-07-04T13:56:05.315014" elapsed="0.000112"/>
</kw>
<kw name="Random Number" owner="FakerLibrary">
<msg time="2025-07-04T13:56:05.315254" level="INFO">${numero} = 3</msg>
<var>${numero}</var>
<doc>Generate a random integer according to the following rules:</doc>
<status status="PASS" start="2025-07-04T13:56:05.315184" elapsed="0.000082"/>
</kw>
<kw name="Set Variable" owner="BuiltIn">
<msg time="2025-07-04T13:56:05.315417" level="INFO">${nome_cinema} = Theater soldier 3</msg>
<var>${nome_cinema}</var>
<arg>Theater ${palavra} ${numero}</arg>
<doc>Returns the given values which can then be assigned to a variables.</doc>
<status status="PASS" start="2025-07-04T13:56:05.315330" elapsed="0.000099"/>
</kw>
<kw name="Set Variable" owner="BuiltIn">
<msg time="2025-07-04T13:56:05.315532" level="INFO">${capacidade} = 80</msg>
<var>${capacidade}</var>
<arg>80</arg>
<doc>Returns the given values which can then be assigned to a variables.</doc>
<status status="PASS" start="2025-07-04T13:56:05.315481" elapsed="0.000062"/>
</kw>
<kw name="Random Element" owner="FakerLibrary">
<msg time="2025-07-04T13:56:05.315736" level="INFO">${tipo_cinema} = standard</msg>
<var>${tipo_cinema}</var>
<arg>elements=["standard","IMAX","3D"]</arg>
<doc>Generate a randomly sampled object from ``elements``.</doc>
<status status="PASS" start="2025-07-04T13:56:05.315593" elapsed="0.000155"/>
</kw>
<kw name="Create Dictionary" owner="BuiltIn">
<msg time="2025-07-04T13:56:05.315951" level="INFO">${body} = {'name': 'Theater soldier 3', 'capacity': '80', 'type': 'standard'}</msg>
<var>${body}</var>
<arg>name=${nome_cinema}</arg>
<arg>capacity=${capacidade}</arg>
<arg>type=${tipo_cinema}</arg>
<doc>Creates and returns a dictionary based on the given ``items``.</doc>
<status status="PASS" start="2025-07-04T13:56:05.315806" elapsed="0.000159"/>
</kw>
<kw name="Set Test Variable" owner="BuiltIn">
<msg time="2025-07-04T13:56:05.316102" level="INFO">${body} = {'name': 'Theater soldier 3', 'capacity': '80', 'type': 'standard'}</msg>
<arg>${body}</arg>
<doc>Makes a variable available everywhere within the scope of the current test.</doc>
<status status="PASS" start="2025-07-04T13:56:05.316026" elapsed="0.000095"/>
</kw>
<status status="PASS" start="2025-07-04T13:56:05.314878" elapsed="0.001271"/>
</kw>
<kw name="POST On Session" owner="RequestsLibrary">
<msg time="2025-07-04T13:56:05.363154" level="INFO">POST Request : url=http://localhost:3002/api/v1/theaters 
 path_url=/api/v1/theaters 
 headers={'User-Agent': 'python-requests/2.32.3', 'Accept-Encoding': 'gzip, deflate', 'Accept': '*/*', 'Connection': 'keep-alive', 'Authorization': 'Bearer eyJhbGciOiJIUzI1NiIsInR5cCI6IkpXVCJ9.eyJpZCI6IjY4Njc0NzllZDIzN2MxOTg3NDYyMmE5MSIsImlhdCI6MTc1MTY0ODE2NSwiZXhwIjoxNzUxNzM0NTY1fQ.DvjkGsc9i3E-JPfGRbL_pfw7x0gPcD8TZyn6NNgRUPg', 'Content-Length': '67', 'Content-Type': 'application/json'} 
 body=b'{"name": "Theater soldier 3", "capacity": "80", "type": "standard"}' 
 </msg>
<msg time="2025-07-04T13:56:05.363246" level="INFO">POST Response : url=http://localhost:3002/api/v1/theaters 
 status=201, reason=Created 
 headers={'Vary': 'Origin', 'x-powered-by': 'Express', 'access-control-allow-origin': '*', 'content-type': 'application/json; charset=utf-8', 'content-length': '235', 'etag': 'W/"eb-7ZoTsEzR3hHvywqz7eeBw4G/5LY"', 'date': 'Fri, 04 Jul 2025 16:56:05 GMT', 'connection': 'close'} 
 body={"success":true,"data":{"name":"Theater soldier 3","capacity":80,"type":"standard","_id":"686807a5267eb5eabb4d8e2f","createdAt":"2025-07-04T16:56:05.327Z","updatedAt":"2025-07-04T16:56:05.327Z","__v":0,"id":"686807a5267eb5eabb4d8e2f"}} 
 </msg>
<msg time="2025-07-04T13:56:05.363367" level="INFO">${response} = &lt;Response [201]&gt;</msg>
<var>${response}</var>
<arg>cinema</arg>
<arg>/theaters</arg>
<arg>json=${body}</arg>
<arg>headers=${header}</arg>
<doc>Sends a POST request on a previously created HTTP Session.</doc>
<status status="PASS" start="2025-07-04T13:56:05.316198" elapsed="0.047197"/>
</kw>
<kw name="Log To Console" owner="BuiltIn">
<arg>Cinema criado: ${body}</arg>
<doc>Logs the given message to the console.</doc>
<status status="PASS" start="2025-07-04T13:56:05.363577" elapsed="0.000448"/>
</kw>
<kw name="Set Test Variable" owner="BuiltIn">
<msg time="2025-07-04T13:56:05.364399" level="INFO">${response} = &lt;Response [201]&gt;</msg>
<arg>${response}</arg>
<doc>Makes a variable available everywhere within the scope of the current test.</doc>
<status status="PASS" start="2025-07-04T13:56:05.364196" elapsed="0.000252"/>
</kw>
<status status="PASS" start="2025-07-04T13:56:05.227541" elapsed="0.136978"/>
</kw>
<kw name="Validar status code" owner="geral_keywords">
<kw name="Should Be True" owner="BuiltIn">
<arg>${response.status_code}==${status_code}</arg>
<arg>O status code deveria ser "${status_code}" e não "${response.status_code}"</arg>
<doc>Fails if the given condition is not true.</doc>
<status status="PASS" start="2025-07-04T13:56:05.365330" elapsed="0.001385"/>
</kw>
<arg>201</arg>
<status status="PASS" start="2025-07-04T13:56:05.364925" elapsed="0.001892"/>
</kw>
<kw name="Validar sucesso" owner="geral_keywords">
<kw name="Convert To Boolean" owner="BuiltIn">
<msg time="2025-07-04T13:56:05.367943" level="INFO">${sucesso_string} = True</msg>
<var>${sucesso_string}</var>
<arg>${sucesso}</arg>
<doc>Converts the given item to Boolean true or false.</doc>
<status status="PASS" start="2025-07-04T13:56:05.367716" elapsed="0.000266"/>
</kw>
<kw name="Should Be Equal" owner="BuiltIn">
<arg>${response.json()["success"]}</arg>
<arg>${sucesso_string}</arg>
<arg>O sucesso deveria ser "${sucesso_string}" e não "${response.json()["success"]}"</arg>
<doc>Fails if the given objects are unequal.</doc>
<status status="PASS" start="2025-07-04T13:56:05.368134" elapsed="0.000999"/>
</kw>
<if>
<branch type="IF" condition="${response.json()[&quot;success&quot;]} == False">
<kw name="Log To Console" owner="BuiltIn">
<arg>${response.json()["errors"]}</arg>
<doc>Logs the given message to the console.</doc>
<status status="NOT RUN" start="2025-07-04T13:56:05.369702" elapsed="0.000022"/>
</kw>
<status status="NOT RUN" start="2025-07-04T13:56:05.369236" elapsed="0.000601"/>
</branch>
<status status="PASS" start="2025-07-04T13:56:05.369212" elapsed="0.000660"/>
</if>
<arg>True</arg>
<status status="PASS" start="2025-07-04T13:56:05.367291" elapsed="0.002636"/>
</kw>
<tag>cadastro</tag>
<status status="PASS" start="2025-07-04T13:56:05.227156" elapsed="0.143050"/>
</test>
<status status="PASS" start="2025-07-04T13:56:04.910370" elapsed="0.460685"/>
</suite>
<status status="PASS" start="2025-07-04T13:55:58.328776" elapsed="7.043377"/>
</suite>
<statistics>
<total>
<stat pass="20" fail="0" skip="0">All Tests</stat>
</total>
<tag>
<stat pass="6" fail="0" skip="0">cadastro</stat>
<stat pass="2" fail="0" skip="0">cadastro_duplicado</stat>
<stat pass="2" fail="0" skip="0">cadastro_padrões</stat>
<stat pass="5" fail="0" skip="0">detalhes</stat>
<stat pass="1" fail="0" skip="0">login</stat>
<stat pass="1" fail="0" skip="0">obter_atual</stat>
<stat pass="3" fail="0" skip="0">obter_todos</stat>
</tag>
<suite>
<stat name="Tests" id="s1" pass="20" fail="0" skip="0">Tests</stat>
<stat name="Tests Auth" id="s1-s1" pass="6" fail="0" skip="0">Tests.Tests Auth</stat>
<stat name="Tests Movies" id="s1-s2" pass="3" fail="0" skip="0">Tests.Tests Movies</stat>
<stat name="Tests Reservations" id="s1-s3" pass="5" fail="0" skip="0">Tests.Tests Reservations</stat>
<stat name="Tests Sessions" id="s1-s4" pass="3" fail="0" skip="0">Tests.Tests Sessions</stat>
<stat name="Tests Theaters" id="s1-s5" pass="3" fail="0" skip="0">Tests.Tests Theaters</stat>
</suite>
</statistics>
<errors>
</errors>
</robot>
